[2024-03-06T14:05:37.828+0000] {manager.py:469} INFO - Processing files using up to 1 processes at a time 
[2024-03-06T14:05:37.831+0000] {manager.py:470} INFO - Process each file at most once every 30 seconds
[2024-03-06T14:05:37.832+0000] {manager.py:471} INFO - Checking for new files in /opt/airflow/dags every 300 seconds
[2024-03-06T14:05:37.833+0000] {manager.py:738} INFO - Searching for files in /opt/airflow/dags
[2024-03-06T14:05:37.835+0000] {manager.py:741} INFO - There are 0 files in /opt/airflow/dags
[2024-03-06T14:10:37.853+0000] {manager.py:738} INFO - Searching for files in /opt/airflow/dags
[2024-03-06T14:10:37.867+0000] {manager.py:741} INFO - There are 1 files in /opt/airflow/dags
[2024-03-06T14:10:40.120+0000] {manager.py:879} INFO - 
================================================================================
DAG File Processing Stats

File Path                     PID    Runtime      # DAGs    # Errors  Last Runtime    Last Run
----------------------------  -----  ---------  --------  ----------  --------------  -------------------
/opt/airflow/dags/welcome.py                           1           0  0.61s           2024-03-06T14:10:38
================================================================================
[2024-03-06T14:11:10.207+0000] {manager.py:879} INFO - 
================================================================================
DAG File Processing Stats

File Path                     PID    Runtime      # DAGs    # Errors  Last Runtime    Last Run
----------------------------  -----  ---------  --------  ----------  --------------  -------------------
/opt/airflow/dags/welcome.py                           1           0  0.40s           2024-03-06T14:11:09
================================================================================
[2024-03-06T14:11:40.214+0000] {manager.py:879} INFO - 
================================================================================
DAG File Processing Stats

File Path                     PID    Runtime      # DAGs    # Errors  Last Runtime    Last Run
----------------------------  -----  ---------  --------  ----------  --------------  -------------------
/opt/airflow/dags/welcome.py                           1           0  0.40s           2024-03-06T14:11:40
================================================================================
[2024-03-06T14:12:10.870+0000] {manager.py:879} INFO - 
================================================================================
DAG File Processing Stats

File Path                     PID    Runtime      # DAGs    # Errors  Last Runtime    Last Run
----------------------------  -----  ---------  --------  ----------  --------------  -------------------
/opt/airflow/dags/welcome.py                           1           0  0.40s           2024-03-06T14:12:10
================================================================================
[2024-03-06T14:12:41.378+0000] {manager.py:879} INFO - 
================================================================================
DAG File Processing Stats

File Path                     PID    Runtime      # DAGs    # Errors  Last Runtime    Last Run
----------------------------  -----  ---------  --------  ----------  --------------  -------------------
/opt/airflow/dags/welcome.py                           1           0  0.30s           2024-03-06T14:12:41
================================================================================
[2024-03-06T14:13:11.894+0000] {manager.py:879} INFO - 
================================================================================
DAG File Processing Stats

File Path                     PID    Runtime      # DAGs    # Errors  Last Runtime    Last Run
----------------------------  -----  ---------  --------  ----------  --------------  -------------------
/opt/airflow/dags/welcome.py                           1           0  0.31s           2024-03-06T14:13:11
================================================================================
[2024-03-06T14:13:45.169+0000] {manager.py:879} INFO - 
================================================================================
DAG File Processing Stats

File Path                     PID    Runtime      # DAGs    # Errors  Last Runtime    Last Run
----------------------------  -----  ---------  --------  ----------  --------------  -------------------
/opt/airflow/dags/welcome.py                           1           0  0.20s           2024-03-06T14:13:45
================================================================================
[2024-03-06T14:14:15.539+0000] {manager.py:879} INFO - 
================================================================================
DAG File Processing Stats

File Path                     PID    Runtime      # DAGs    # Errors  Last Runtime    Last Run
----------------------------  -----  ---------  --------  ----------  --------------  -------------------
/opt/airflow/dags/welcome.py                           1           0  0.30s           2024-03-06T14:14:15
================================================================================
[2024-03-06T14:14:46.189+0000] {manager.py:879} INFO - 
================================================================================
DAG File Processing Stats

File Path                     PID    Runtime      # DAGs    # Errors  Last Runtime    Last Run
----------------------------  -----  ---------  --------  ----------  --------------  -------------------
/opt/airflow/dags/welcome.py                           1           0  0.30s           2024-03-06T14:14:46
================================================================================
[2024-03-06T14:15:16.750+0000] {manager.py:879} INFO - 
================================================================================
DAG File Processing Stats

File Path                     PID    Runtime      # DAGs    # Errors  Last Runtime    Last Run
----------------------------  -----  ---------  --------  ----------  --------------  -------------------
/opt/airflow/dags/welcome.py                           1           0  0.30s           2024-03-06T14:15:16
================================================================================
[2024-03-06T14:15:38.110+0000] {manager.py:738} INFO - Searching for files in /opt/airflow/dags
[2024-03-06T14:15:38.135+0000] {manager.py:741} INFO - There are 1 files in /opt/airflow/dags
[2024-03-06T14:15:47.306+0000] {manager.py:879} INFO - 
================================================================================
DAG File Processing Stats

File Path                     PID    Runtime      # DAGs    # Errors  Last Runtime    Last Run
----------------------------  -----  ---------  --------  ----------  --------------  -------------------
/opt/airflow/dags/welcome.py                           1           0  0.30s           2024-03-06T14:15:47
================================================================================
[2024-03-06T14:16:17.829+0000] {manager.py:879} INFO - 
================================================================================
DAG File Processing Stats

File Path                     PID    Runtime      # DAGs    # Errors  Last Runtime    Last Run
----------------------------  -----  ---------  --------  ----------  --------------  -------------------
/opt/airflow/dags/welcome.py                           1           0  0.31s           2024-03-06T14:16:17
================================================================================
[2024-03-06T14:16:48.273+0000] {manager.py:879} INFO - 
================================================================================
DAG File Processing Stats

File Path                     PID    Runtime      # DAGs    # Errors  Last Runtime    Last Run
----------------------------  -----  ---------  --------  ----------  --------------  -------------------
/opt/airflow/dags/welcome.py                           1           0  0.20s           2024-03-06T14:16:48
================================================================================
[2024-03-06T14:17:18.650+0000] {manager.py:879} INFO - 
================================================================================
DAG File Processing Stats

File Path                     PID    Runtime      # DAGs    # Errors  Last Runtime    Last Run
----------------------------  -----  ---------  --------  ----------  --------------  -------------------
/opt/airflow/dags/welcome.py                           1           0  0.20s           2024-03-06T14:17:18
================================================================================
[2024-03-06T14:17:48.870+0000] {manager.py:879} INFO - 
================================================================================
DAG File Processing Stats

File Path                     PID    Runtime      # DAGs    # Errors  Last Runtime    Last Run
----------------------------  -----  ---------  --------  ----------  --------------  -------------------
/opt/airflow/dags/welcome.py                           1           0  0.30s           2024-03-06T14:17:26
================================================================================
[2024-03-06T14:18:19.093+0000] {manager.py:879} INFO - 
================================================================================
DAG File Processing Stats

File Path                     PID    Runtime      # DAGs    # Errors  Last Runtime    Last Run
----------------------------  -----  ---------  --------  ----------  --------------  -------------------
/opt/airflow/dags/welcome.py                           1           0  0.31s           2024-03-06T14:17:57
================================================================================
[2024-03-06T14:18:49.258+0000] {manager.py:879} INFO - 
================================================================================
DAG File Processing Stats

File Path                     PID    Runtime      # DAGs    # Errors  Last Runtime    Last Run
----------------------------  -----  ---------  --------  ----------  --------------  -------------------
/opt/airflow/dags/welcome.py                           1           0  0.31s           2024-03-06T14:18:28
================================================================================
[2024-03-06T14:19:19.375+0000] {manager.py:879} INFO - 
================================================================================
DAG File Processing Stats

File Path                     PID    Runtime      # DAGs    # Errors  Last Runtime    Last Run
----------------------------  -----  ---------  --------  ----------  --------------  -------------------
/opt/airflow/dags/welcome.py                           1           0  0.30s           2024-03-06T14:18:59
================================================================================
[2024-03-06T14:19:49.739+0000] {manager.py:879} INFO - 
================================================================================
DAG File Processing Stats

File Path                     PID    Runtime      # DAGs    # Errors  Last Runtime    Last Run
----------------------------  -----  ---------  --------  ----------  --------------  -------------------
/opt/airflow/dags/welcome.py                           1           0  0.20s           2024-03-06T14:19:29
================================================================================
[2024-03-06T14:20:19.953+0000] {manager.py:879} INFO - 
================================================================================
DAG File Processing Stats

File Path                     PID    Runtime      # DAGs    # Errors  Last Runtime    Last Run
----------------------------  -----  ---------  --------  ----------  --------------  -------------------
/opt/airflow/dags/welcome.py                           1           0  0.21s           2024-03-06T14:20:00
================================================================================
[2024-03-06T14:20:38.338+0000] {manager.py:738} INFO - Searching for files in /opt/airflow/dags
[2024-03-06T14:20:38.357+0000] {manager.py:741} INFO - There are 1 files in /opt/airflow/dags
[2024-03-06T14:20:50.193+0000] {manager.py:879} INFO - 
================================================================================
DAG File Processing Stats

File Path                     PID    Runtime      # DAGs    # Errors  Last Runtime    Last Run
----------------------------  -----  ---------  --------  ----------  --------------  -------------------
/opt/airflow/dags/welcome.py                           1           0  0.21s           2024-03-06T14:20:31
================================================================================
[2024-03-06T14:21:20.405+0000] {manager.py:879} INFO - 
================================================================================
DAG File Processing Stats

File Path                     PID    Runtime      # DAGs    # Errors  Last Runtime    Last Run
----------------------------  -----  ---------  --------  ----------  --------------  -------------------
/opt/airflow/dags/welcome.py                           1           0  0.20s           2024-03-06T14:21:01
================================================================================
[2024-03-06T14:21:50.659+0000] {manager.py:879} INFO - 
================================================================================
DAG File Processing Stats

File Path                     PID    Runtime      # DAGs    # Errors  Last Runtime    Last Run
----------------------------  -----  ---------  --------  ----------  --------------  -------------------
/opt/airflow/dags/welcome.py                           1           0  0.30s           2024-03-06T14:21:34
================================================================================
[2024-03-06T14:22:20.921+0000] {manager.py:879} INFO - 
================================================================================
DAG File Processing Stats

File Path                     PID    Runtime      # DAGs    # Errors  Last Runtime    Last Run
----------------------------  -----  ---------  --------  ----------  --------------  -------------------
/opt/airflow/dags/welcome.py                           1           0  0.31s           2024-03-06T14:21:57
================================================================================
[2024-03-06T14:22:51.154+0000] {manager.py:879} INFO - 
================================================================================
DAG File Processing Stats

File Path                     PID    Runtime      # DAGs    # Errors  Last Runtime    Last Run
----------------------------  -----  ---------  --------  ----------  --------------  -------------------
/opt/airflow/dags/welcome.py                           1           0  0.20s           2024-03-06T14:22:28
================================================================================
[2024-03-06T14:23:21.289+0000] {manager.py:879} INFO - 
================================================================================
DAG File Processing Stats

File Path                     PID    Runtime      # DAGs    # Errors  Last Runtime    Last Run
----------------------------  -----  ---------  --------  ----------  --------------  -------------------
/opt/airflow/dags/welcome.py                           1           0  0.30s           2024-03-06T14:23:21
================================================================================
[2024-03-06T14:23:51.516+0000] {manager.py:879} INFO - 
================================================================================
DAG File Processing Stats

File Path                     PID    Runtime      # DAGs    # Errors  Last Runtime    Last Run
----------------------------  -----  ---------  --------  ----------  --------------  -------------------
/opt/airflow/dags/welcome.py                           1           0  0.30s           2024-03-06T14:23:30
================================================================================
[2024-03-06T14:24:21.562+0000] {manager.py:879} INFO - 
================================================================================
DAG File Processing Stats

File Path                     PID    Runtime      # DAGs    # Errors  Last Runtime    Last Run
----------------------------  -----  ---------  --------  ----------  --------------  -------------------
/opt/airflow/dags/welcome.py                           1           0  0.21s           2024-03-06T14:24:18
================================================================================
[2024-03-06T14:24:51.712+0000] {manager.py:879} INFO - 
================================================================================
DAG File Processing Stats

File Path                     PID    Runtime      # DAGs    # Errors  Last Runtime    Last Run
----------------------------  -----  ---------  --------  ----------  --------------  -------------------
/opt/airflow/dags/welcome.py                           1           0  0.30s           2024-03-06T14:24:29
================================================================================
[2024-03-06T14:25:22.156+0000] {manager.py:879} INFO - 
================================================================================
DAG File Processing Stats

File Path                     PID    Runtime      # DAGs    # Errors  Last Runtime    Last Run
----------------------------  -----  ---------  --------  ----------  --------------  -------------------
/opt/airflow/dags/welcome.py                           1           0  0.40s           2024-03-06T14:25:17
================================================================================
[2024-03-06T14:25:38.850+0000] {manager.py:738} INFO - Searching for files in /opt/airflow/dags
[2024-03-06T14:25:38.900+0000] {manager.py:741} INFO - There are 1 files in /opt/airflow/dags
[2024-03-06T14:25:52.316+0000] {manager.py:879} INFO - 
================================================================================
DAG File Processing Stats

File Path                     PID    Runtime      # DAGs    # Errors  Last Runtime    Last Run
----------------------------  -----  ---------  --------  ----------  --------------  -------------------
/opt/airflow/dags/welcome.py                           1           0  0.20s           2024-03-06T14:25:48
================================================================================
[2024-03-06T14:26:22.387+0000] {manager.py:879} INFO - 
================================================================================
DAG File Processing Stats

File Path                     PID    Runtime      # DAGs    # Errors  Last Runtime    Last Run
----------------------------  -----  ---------  --------  ----------  --------------  -------------------
/opt/airflow/dags/welcome.py                           1           0  0.20s           2024-03-06T14:26:18
================================================================================
[2024-03-06T14:26:52.673+0000] {manager.py:879} INFO - 
================================================================================
DAG File Processing Stats

File Path                     PID    Runtime      # DAGs    # Errors  Last Runtime    Last Run
----------------------------  -----  ---------  --------  ----------  --------------  -------------------
/opt/airflow/dags/welcome.py                           1           0  0.31s           2024-03-06T14:26:49
================================================================================
[2024-03-06T14:27:22.882+0000] {manager.py:879} INFO - 
================================================================================
DAG File Processing Stats

File Path                     PID    Runtime      # DAGs    # Errors  Last Runtime    Last Run
----------------------------  -----  ---------  --------  ----------  --------------  -------------------
/opt/airflow/dags/welcome.py                           1           0  0.31s           2024-03-06T14:27:11
================================================================================
[2024-03-06T14:27:53.127+0000] {manager.py:879} INFO - 
================================================================================
DAG File Processing Stats

File Path                     PID    Runtime      # DAGs    # Errors  Last Runtime    Last Run
----------------------------  -----  ---------  --------  ----------  --------------  -------------------
/opt/airflow/dags/welcome.py                           1           0  0.40s           2024-03-06T14:27:45
================================================================================
[2024-03-06T14:28:23.285+0000] {manager.py:879} INFO - 
================================================================================
DAG File Processing Stats

File Path                     PID    Runtime      # DAGs    # Errors  Last Runtime    Last Run
----------------------------  -----  ---------  --------  ----------  --------------  -------------------
/opt/airflow/dags/welcome.py                           1           0  0.20s           2024-03-06T14:28:17
================================================================================
[2024-03-06T14:28:53.789+0000] {manager.py:879} INFO - 
================================================================================
DAG File Processing Stats

File Path                     PID    Runtime      # DAGs    # Errors  Last Runtime    Last Run
----------------------------  -----  ---------  --------  ----------  --------------  -------------------
/opt/airflow/dags/welcome.py                           1           0  0.21s           2024-03-06T14:28:48
================================================================================
[2024-03-06T14:29:23.923+0000] {manager.py:879} INFO - 
================================================================================
DAG File Processing Stats

File Path                     PID    Runtime      # DAGs    # Errors  Last Runtime    Last Run
----------------------------  -----  ---------  --------  ----------  --------------  -------------------
/opt/airflow/dags/welcome.py                           1           0  0.21s           2024-03-06T14:29:18
================================================================================
[2024-03-06T14:29:54.162+0000] {manager.py:879} INFO - 
================================================================================
DAG File Processing Stats

File Path                     PID    Runtime      # DAGs    # Errors  Last Runtime    Last Run
----------------------------  -----  ---------  --------  ----------  --------------  -------------------
/opt/airflow/dags/welcome.py                           1           0  0.31s           2024-03-06T14:29:50
================================================================================
[2024-03-06T14:30:24.283+0000] {manager.py:879} INFO - 
================================================================================
DAG File Processing Stats

File Path                     PID    Runtime      # DAGs    # Errors  Last Runtime    Last Run
----------------------------  -----  ---------  --------  ----------  --------------  -------------------
/opt/airflow/dags/welcome.py                           1           0  0.31s           2024-03-06T14:30:14
================================================================================
[2024-03-06T14:30:39.084+0000] {manager.py:738} INFO - Searching for files in /opt/airflow/dags
[2024-03-06T14:30:39.134+0000] {manager.py:741} INFO - There are 1 files in /opt/airflow/dags
[2024-03-06T14:30:54.540+0000] {manager.py:879} INFO - 
================================================================================
DAG File Processing Stats

File Path                     PID    Runtime      # DAGs    # Errors  Last Runtime    Last Run
----------------------------  -----  ---------  --------  ----------  --------------  -------------------
/opt/airflow/dags/welcome.py                           1           0  0.30s           2024-03-06T14:30:31
================================================================================
[2024-03-06T14:31:24.853+0000] {manager.py:879} INFO - 
================================================================================
DAG File Processing Stats

File Path                     PID    Runtime      # DAGs    # Errors  Last Runtime    Last Run
----------------------------  -----  ---------  --------  ----------  --------------  -------------------
/opt/airflow/dags/welcome.py                           1           0  0.20s           2024-03-06T14:31:02
================================================================================
[2024-03-06T14:31:55.044+0000] {manager.py:879} INFO - 
================================================================================
DAG File Processing Stats

File Path                     PID    Runtime      # DAGs    # Errors  Last Runtime    Last Run
----------------------------  -----  ---------  --------  ----------  --------------  -------------------
/opt/airflow/dags/welcome.py                           1           0  0.20s           2024-03-06T14:31:32
================================================================================
[2024-03-06T14:32:25.101+0000] {manager.py:879} INFO - 
================================================================================
DAG File Processing Stats

File Path                     PID    Runtime      # DAGs    # Errors  Last Runtime    Last Run
----------------------------  -----  ---------  --------  ----------  --------------  -------------------
/opt/airflow/dags/welcome.py                           1           0  0.21s           2024-03-06T14:32:02
================================================================================
[2024-03-06T14:32:55.476+0000] {manager.py:879} INFO - 
================================================================================
DAG File Processing Stats

File Path                     PID    Runtime      # DAGs    # Errors  Last Runtime    Last Run
----------------------------  -----  ---------  --------  ----------  --------------  -------------------
/opt/airflow/dags/welcome.py                           1           0  0.20s           2024-03-06T14:32:33
================================================================================
[2024-03-06T14:33:25.691+0000] {manager.py:879} INFO - 
================================================================================
DAG File Processing Stats

File Path                     PID    Runtime      # DAGs    # Errors  Last Runtime    Last Run
----------------------------  -----  ---------  --------  ----------  --------------  -------------------
/opt/airflow/dags/welcome.py                           1           0  0.21s           2024-03-06T14:33:04
================================================================================
[2024-03-06T14:33:55.705+0000] {manager.py:879} INFO - 
================================================================================
DAG File Processing Stats

File Path                     PID    Runtime      # DAGs    # Errors  Last Runtime    Last Run
----------------------------  -----  ---------  --------  ----------  --------------  -------------------
/opt/airflow/dags/welcome.py                           1           0  0.31s           2024-03-06T14:33:41
================================================================================
[2024-03-06T14:34:25.967+0000] {manager.py:879} INFO - 
================================================================================
DAG File Processing Stats

File Path                     PID    Runtime      # DAGs    # Errors  Last Runtime    Last Run
----------------------------  -----  ---------  --------  ----------  --------------  -------------------
/opt/airflow/dags/welcome.py                           1           0  0.30s           2024-03-06T14:34:10
================================================================================
[2024-03-06T14:34:56.384+0000] {manager.py:879} INFO - 
================================================================================
DAG File Processing Stats

File Path                     PID    Runtime      # DAGs    # Errors  Last Runtime    Last Run
----------------------------  -----  ---------  --------  ----------  --------------  -------------------
/opt/airflow/dags/welcome.py                           1           0  0.30s           2024-03-06T14:34:41
================================================================================
[2024-03-06T14:35:26.675+0000] {manager.py:879} INFO - 
================================================================================
DAG File Processing Stats

File Path                     PID    Runtime      # DAGs    # Errors  Last Runtime    Last Run
----------------------------  -----  ---------  --------  ----------  --------------  -------------------
/opt/airflow/dags/welcome.py                           1           0  0.30s           2024-03-06T14:35:12
================================================================================
[2024-03-06T14:35:39.622+0000] {manager.py:738} INFO - Searching for files in /opt/airflow/dags
[2024-03-06T14:35:39.679+0000] {manager.py:741} INFO - There are 1 files in /opt/airflow/dags
[2024-03-06T14:35:57.482+0000] {manager.py:879} INFO - 
================================================================================
DAG File Processing Stats

File Path                     PID    Runtime      # DAGs    # Errors  Last Runtime    Last Run
----------------------------  -----  ---------  --------  ----------  --------------  -------------------
/opt/airflow/dags/welcome.py                           1           0  0.20s           2024-03-06T14:35:42
================================================================================
[2024-03-06T14:36:28.262+0000] {manager.py:879} INFO - 
================================================================================
DAG File Processing Stats

File Path                     PID    Runtime      # DAGs    # Errors  Last Runtime    Last Run
----------------------------  -----  ---------  --------  ----------  --------------  -------------------
/opt/airflow/dags/welcome.py                           1           0  0.30s           2024-03-06T14:36:13
================================================================================
[2024-03-07T04:54:36.178+0000] {manager.py:469} INFO - Processing files using up to 1 processes at a time 
[2024-03-07T04:54:36.180+0000] {manager.py:470} INFO - Process each file at most once every 30 seconds
[2024-03-07T04:54:36.182+0000] {manager.py:471} INFO - Checking for new files in /opt/airflow/dags every 300 seconds
[2024-03-07T04:54:36.184+0000] {manager.py:738} INFO - Searching for files in /opt/airflow/dags
[2024-03-07T04:54:36.216+0000] {manager.py:741} INFO - There are 1 files in /opt/airflow/dags
[2024-03-07T04:54:36.590+0000] {manager.py:879} INFO - 
================================================================================
DAG File Processing Stats

File Path                     PID    Runtime      # DAGs    # Errors  Last Runtime    Last Run
----------------------------  -----  ---------  --------  ----------  --------------  -------------------
/opt/airflow/dags/welcome.py                           1           0  0.21s           2024-03-07T04:54:36
================================================================================
[2024-03-07T04:55:07.244+0000] {manager.py:879} INFO - 
================================================================================
DAG File Processing Stats

File Path                     PID    Runtime      # DAGs    # Errors  Last Runtime    Last Run
----------------------------  -----  ---------  --------  ----------  --------------  -------------------
/opt/airflow/dags/welcome.py                           1           0  0.40s           2024-03-07T04:55:07
================================================================================
[2024-03-07T04:55:37.873+0000] {manager.py:879} INFO - 
================================================================================
DAG File Processing Stats

File Path                     PID    Runtime      # DAGs    # Errors  Last Runtime    Last Run
----------------------------  -----  ---------  --------  ----------  --------------  -------------------
/opt/airflow/dags/welcome.py                           1           0  0.20s           2024-03-07T04:55:37
================================================================================
[2024-03-07T04:56:08.139+0000] {manager.py:879} INFO - 
================================================================================
DAG File Processing Stats

File Path                     PID    Runtime      # DAGs    # Errors  Last Runtime    Last Run
----------------------------  -----  ---------  --------  ----------  --------------  -------------------
/opt/airflow/dags/welcome.py                           1           0  0.20s           2024-03-07T04:56:08
================================================================================
[2024-03-07T04:56:39.368+0000] {manager.py:879} INFO - 
================================================================================
DAG File Processing Stats

File Path                     PID    Runtime      # DAGs    # Errors  Last Runtime    Last Run
----------------------------  -----  ---------  --------  ----------  --------------  -------------------
/opt/airflow/dags/welcome.py                           1           0  0.20s           2024-03-07T04:56:39
================================================================================
[2024-03-07T04:57:10.399+0000] {manager.py:879} INFO - 
================================================================================
DAG File Processing Stats

File Path                     PID    Runtime      # DAGs    # Errors  Last Runtime    Last Run
----------------------------  -----  ---------  --------  ----------  --------------  -------------------
/opt/airflow/dags/welcome.py                           1           0  0.20s           2024-03-07T04:56:43
================================================================================
[2024-03-07T04:57:40.536+0000] {manager.py:879} INFO - 
================================================================================
DAG File Processing Stats

File Path                     PID    Runtime      # DAGs    # Errors  Last Runtime    Last Run
----------------------------  -----  ---------  --------  ----------  --------------  -------------------
/opt/airflow/dags/welcome.py                           1           0  0.30s           2024-03-07T04:57:14
================================================================================
[2024-03-07T04:58:10.665+0000] {manager.py:879} INFO - 
================================================================================
DAG File Processing Stats

File Path                     PID    Runtime      # DAGs    # Errors  Last Runtime    Last Run
----------------------------  -----  ---------  --------  ----------  --------------  -------------------
/opt/airflow/dags/welcome.py                           1           0  0.20s           2024-03-07T04:57:45
================================================================================
[2024-03-07T04:58:40.811+0000] {manager.py:879} INFO - 
================================================================================
DAG File Processing Stats

File Path                     PID    Runtime      # DAGs    # Errors  Last Runtime    Last Run
----------------------------  -----  ---------  --------  ----------  --------------  -------------------
/opt/airflow/dags/welcome.py                           1           0  0.20s           2024-03-07T04:58:15
================================================================================
[2024-03-07T04:59:10.936+0000] {manager.py:879} INFO - 
================================================================================
DAG File Processing Stats

File Path                     PID    Runtime      # DAGs    # Errors  Last Runtime    Last Run
----------------------------  -----  ---------  --------  ----------  --------------  -------------------
/opt/airflow/dags/welcome.py                           1           0  0.30s           2024-03-07T04:58:46
================================================================================
[2024-03-07T04:59:36.206+0000] {manager.py:738} INFO - Searching for files in /opt/airflow/dags
[2024-03-07T04:59:36.221+0000] {manager.py:741} INFO - There are 1 files in /opt/airflow/dags
[2024-03-07T04:59:41.059+0000] {manager.py:879} INFO - 
================================================================================
DAG File Processing Stats

File Path                     PID    Runtime      # DAGs    # Errors  Last Runtime    Last Run
----------------------------  -----  ---------  --------  ----------  --------------  -------------------
/opt/airflow/dags/welcome.py                           1           0  0.30s           2024-03-07T04:59:16
================================================================================
[2024-03-07T05:00:11.194+0000] {manager.py:879} INFO - 
================================================================================
DAG File Processing Stats

File Path                     PID    Runtime      # DAGs    # Errors  Last Runtime    Last Run
----------------------------  -----  ---------  --------  ----------  --------------  -------------------
/opt/airflow/dags/welcome.py                           1           0  0.30s           2024-03-07T04:59:47
================================================================================
[2024-03-07T05:00:41.327+0000] {manager.py:879} INFO - 
================================================================================
DAG File Processing Stats

File Path                     PID    Runtime      # DAGs    # Errors  Last Runtime    Last Run
----------------------------  -----  ---------  --------  ----------  --------------  -------------------
/opt/airflow/dags/welcome.py                           1           0  0.30s           2024-03-07T05:00:17
================================================================================
[2024-03-07T05:01:11.445+0000] {manager.py:879} INFO - 
================================================================================
DAG File Processing Stats

File Path                     PID    Runtime      # DAGs    # Errors  Last Runtime    Last Run
----------------------------  -----  ---------  --------  ----------  --------------  -------------------
/opt/airflow/dags/welcome.py                           0           1  0.10s           2024-03-07T05:00:49
================================================================================
[2024-03-07T05:01:41.568+0000] {manager.py:879} INFO - 
================================================================================
DAG File Processing Stats

File Path                     PID    Runtime      # DAGs    # Errors  Last Runtime    Last Run
----------------------------  -----  ---------  --------  ----------  --------------  -------------------
/opt/airflow/dags/welcome.py                           0           1  0.20s           2024-03-07T05:01:15
================================================================================
[2024-03-07T05:02:11.700+0000] {manager.py:879} INFO - 
================================================================================
DAG File Processing Stats

File Path                     PID    Runtime      # DAGs    # Errors  Last Runtime    Last Run
----------------------------  -----  ---------  --------  ----------  --------------  -------------------
/opt/airflow/dags/welcome.py                           0           1  0.10s           2024-03-07T05:01:46
================================================================================
[2024-03-07T05:02:41.830+0000] {manager.py:879} INFO - 
================================================================================
DAG File Processing Stats

File Path                     PID    Runtime      # DAGs    # Errors  Last Runtime    Last Run
----------------------------  -----  ---------  --------  ----------  --------------  -------------------
/opt/airflow/dags/welcome.py                           0           1  0.10s           2024-03-07T05:02:16
================================================================================
[2024-03-07T05:03:11.975+0000] {manager.py:879} INFO - 
================================================================================
DAG File Processing Stats

File Path                     PID    Runtime      # DAGs    # Errors  Last Runtime    Last Run
----------------------------  -----  ---------  --------  ----------  --------------  -------------------
/opt/airflow/dags/welcome.py                           0           1  0.10s           2024-03-07T05:02:47
================================================================================
[2024-03-07T05:03:42.327+0000] {manager.py:879} INFO - 
================================================================================
DAG File Processing Stats

File Path                     PID    Runtime      # DAGs    # Errors  Last Runtime    Last Run
----------------------------  -----  ---------  --------  ----------  --------------  -------------------
/opt/airflow/dags/welcome.py                           0           1  0.20s           2024-03-07T05:03:18
================================================================================
[2024-03-07T05:04:12.633+0000] {manager.py:879} INFO - 
================================================================================
DAG File Processing Stats

File Path                     PID    Runtime      # DAGs    # Errors  Last Runtime    Last Run
----------------------------  -----  ---------  --------  ----------  --------------  -------------------
/opt/airflow/dags/welcome.py                           1           0  0.51s           2024-03-07T05:03:49
================================================================================
[2024-03-07T05:04:36.343+0000] {manager.py:738} INFO - Searching for files in /opt/airflow/dags
[2024-03-07T05:04:36.428+0000] {manager.py:741} INFO - There are 1 files in /opt/airflow/dags
[2024-03-07T05:04:43.109+0000] {manager.py:879} INFO - 
================================================================================
DAG File Processing Stats

File Path                     PID    Runtime      # DAGs    # Errors  Last Runtime    Last Run
----------------------------  -----  ---------  --------  ----------  --------------  -------------------
/opt/airflow/dags/welcome.py                           0           1  0.20s           2024-03-07T05:04:16
================================================================================
[2024-03-07T05:05:13.568+0000] {manager.py:879} INFO - 
================================================================================
DAG File Processing Stats

File Path                     PID    Runtime      # DAGs    # Errors  Last Runtime    Last Run
----------------------------  -----  ---------  --------  ----------  --------------  -------------------
/opt/airflow/dags/welcome.py                           0           1  0.20s           2024-03-07T05:04:47
================================================================================
[2024-03-07T05:05:43.943+0000] {manager.py:879} INFO - 
================================================================================
DAG File Processing Stats

File Path                     PID    Runtime      # DAGs    # Errors  Last Runtime    Last Run
----------------------------  -----  ---------  --------  ----------  --------------  -------------------
/opt/airflow/dags/welcome.py                           0           1  0.20s           2024-03-07T05:05:18
================================================================================
[2024-03-07T05:06:14.264+0000] {manager.py:879} INFO - 
================================================================================
DAG File Processing Stats

File Path                     PID    Runtime      # DAGs    # Errors  Last Runtime    Last Run
----------------------------  -----  ---------  --------  ----------  --------------  -------------------
/opt/airflow/dags/welcome.py                           0           1  0.31s           2024-03-07T05:05:49
================================================================================
[2024-03-07T05:06:44.670+0000] {manager.py:879} INFO - 
================================================================================
DAG File Processing Stats

File Path                     PID    Runtime      # DAGs    # Errors  Last Runtime    Last Run
----------------------------  -----  ---------  --------  ----------  --------------  -------------------
/opt/airflow/dags/welcome.py                           0           1  0.20s           2024-03-07T05:06:20
================================================================================
[2024-03-07T05:07:14.873+0000] {manager.py:879} INFO - 
================================================================================
DAG File Processing Stats

File Path                     PID    Runtime      # DAGs    # Errors  Last Runtime    Last Run
----------------------------  -----  ---------  --------  ----------  --------------  -------------------
/opt/airflow/dags/welcome.py                           0           1  0.20s           2024-03-07T05:06:50
================================================================================
[2024-03-07T05:07:45.210+0000] {manager.py:879} INFO - 
================================================================================
DAG File Processing Stats

File Path                     PID    Runtime      # DAGs    # Errors  Last Runtime    Last Run
----------------------------  -----  ---------  --------  ----------  --------------  -------------------
/opt/airflow/dags/welcome.py                           0           1  0.20s           2024-03-07T05:07:22
================================================================================
[2024-03-07T05:08:15.611+0000] {manager.py:879} INFO - 
================================================================================
DAG File Processing Stats

File Path                     PID    Runtime      # DAGs    # Errors  Last Runtime    Last Run
----------------------------  -----  ---------  --------  ----------  --------------  -------------------
/opt/airflow/dags/welcome.py                           0           1  0.21s           2024-03-07T05:07:53
================================================================================
[2024-03-07T05:08:45.938+0000] {manager.py:879} INFO - 
================================================================================
DAG File Processing Stats

File Path                     PID    Runtime      # DAGs    # Errors  Last Runtime    Last Run
----------------------------  -----  ---------  --------  ----------  --------------  -------------------
/opt/airflow/dags/welcome.py                           1           0  0.71s           2024-03-07T05:08:41
================================================================================
[2024-03-07T05:09:16.383+0000] {manager.py:879} INFO - 
================================================================================
DAG File Processing Stats

File Path                     PID    Runtime      # DAGs    # Errors  Last Runtime    Last Run
----------------------------  -----  ---------  --------  ----------  --------------  -------------------
/opt/airflow/dags/welcome.py                           1           0  0.30s           2024-03-07T05:09:12
================================================================================
[2024-03-07T05:09:36.757+0000] {manager.py:738} INFO - Searching for files in /opt/airflow/dags
[2024-03-07T05:09:36.821+0000] {manager.py:741} INFO - There are 1 files in /opt/airflow/dags
[2024-03-07T05:09:46.392+0000] {manager.py:879} INFO - 
================================================================================
DAG File Processing Stats

File Path                     PID    Runtime      # DAGs    # Errors  Last Runtime    Last Run
----------------------------  -----  ---------  --------  ----------  --------------  -------------------
/opt/airflow/dags/welcome.py                           1           0  0.31s           2024-03-07T05:09:43
================================================================================
[2024-03-07T05:10:16.463+0000] {manager.py:879} INFO - 
================================================================================
DAG File Processing Stats

File Path                     PID    Runtime      # DAGs    # Errors  Last Runtime    Last Run
----------------------------  -----  ---------  --------  ----------  --------------  -------------------
/opt/airflow/dags/welcome.py                           1           0  0.30s           2024-03-07T05:10:15
================================================================================
[2024-03-07T05:10:47.161+0000] {manager.py:879} INFO - 
================================================================================
DAG File Processing Stats

File Path                     PID    Runtime      # DAGs    # Errors  Last Runtime    Last Run
----------------------------  -----  ---------  --------  ----------  --------------  -------------------
/opt/airflow/dags/welcome.py                           0           1  0.31s           2024-03-07T05:10:31
================================================================================
[2024-03-07T05:11:17.377+0000] {manager.py:879} INFO - 
================================================================================
DAG File Processing Stats

File Path                     PID    Runtime      # DAGs    # Errors  Last Runtime    Last Run
----------------------------  -----  ---------  --------  ----------  --------------  -------------------
/opt/airflow/dags/welcome.py                           0           1  0.20s           2024-03-07T05:11:01
================================================================================
[2024-03-07T05:11:48.034+0000] {manager.py:879} INFO - 
================================================================================
DAG File Processing Stats

File Path                     PID    Runtime      # DAGs    # Errors  Last Runtime    Last Run
----------------------------  -----  ---------  --------  ----------  --------------  -------------------
/opt/airflow/dags/welcome.py                           0           1  0.31s           2024-03-07T05:11:32
================================================================================
[2024-03-07T05:12:18.393+0000] {manager.py:879} INFO - 
================================================================================
DAG File Processing Stats

File Path                     PID    Runtime      # DAGs    # Errors  Last Runtime    Last Run
----------------------------  -----  ---------  --------  ----------  --------------  -------------------
/opt/airflow/dags/welcome.py                           0           1  0.20s           2024-03-07T05:12:02
================================================================================
[2024-03-07T05:12:48.649+0000] {manager.py:879} INFO - 
================================================================================
DAG File Processing Stats

File Path                     PID    Runtime      # DAGs    # Errors  Last Runtime    Last Run
----------------------------  -----  ---------  --------  ----------  --------------  -------------------
/opt/airflow/dags/welcome.py                           0           1  0.21s           2024-03-07T05:12:33
================================================================================
[2024-03-07T05:13:18.718+0000] {manager.py:879} INFO - 
================================================================================
DAG File Processing Stats

File Path                     PID    Runtime      # DAGs    # Errors  Last Runtime    Last Run
----------------------------  -----  ---------  --------  ----------  --------------  -------------------
/opt/airflow/dags/welcome.py                           0           1  0.20s           2024-03-07T05:13:04
================================================================================
[2024-03-07T05:13:49.658+0000] {manager.py:879} INFO - 
================================================================================
DAG File Processing Stats

File Path                     PID    Runtime      # DAGs    # Errors  Last Runtime    Last Run
----------------------------  -----  ---------  --------  ----------  --------------  -------------------
/opt/airflow/dags/welcome.py                           0           1  0.20s           2024-03-07T05:13:34
================================================================================
[2024-03-07T05:14:19.907+0000] {manager.py:879} INFO - 
================================================================================
DAG File Processing Stats

File Path                     PID    Runtime      # DAGs    # Errors  Last Runtime    Last Run
----------------------------  -----  ---------  --------  ----------  --------------  -------------------
/opt/airflow/dags/welcome.py                           0           1  0.20s           2024-03-07T05:14:05
================================================================================
[2024-03-07T05:14:37.071+0000] {manager.py:738} INFO - Searching for files in /opt/airflow/dags
[2024-03-07T05:14:37.092+0000] {manager.py:741} INFO - There are 1 files in /opt/airflow/dags
[2024-03-07T05:14:50.689+0000] {manager.py:879} INFO - 
================================================================================
DAG File Processing Stats

File Path                     PID    Runtime      # DAGs    # Errors  Last Runtime    Last Run
----------------------------  -----  ---------  --------  ----------  --------------  -------------------
/opt/airflow/dags/welcome.py                           0           1  0.12s           2024-03-07T05:14:35
================================================================================
[2024-03-07T05:15:21.171+0000] {manager.py:879} INFO - 
================================================================================
DAG File Processing Stats

File Path                     PID    Runtime      # DAGs    # Errors  Last Runtime    Last Run
----------------------------  -----  ---------  --------  ----------  --------------  -------------------
/opt/airflow/dags/welcome.py                           0           1  0.21s           2024-03-07T05:15:06
================================================================================
[2024-03-07T05:15:51.790+0000] {manager.py:879} INFO - 
================================================================================
DAG File Processing Stats

File Path                     PID    Runtime      # DAGs    # Errors  Last Runtime    Last Run
----------------------------  -----  ---------  --------  ----------  --------------  -------------------
/opt/airflow/dags/welcome.py                           0           1  0.20s           2024-03-07T05:15:36
================================================================================
[2024-03-07T05:16:22.240+0000] {manager.py:879} INFO - 
================================================================================
DAG File Processing Stats

File Path                     PID    Runtime      # DAGs    # Errors  Last Runtime    Last Run
----------------------------  -----  ---------  --------  ----------  --------------  -------------------
/opt/airflow/dags/welcome.py                           0           1  0.20s           2024-03-07T05:16:07
================================================================================
[2024-03-07T05:16:52.552+0000] {manager.py:879} INFO - 
================================================================================
DAG File Processing Stats

File Path                     PID    Runtime      # DAGs    # Errors  Last Runtime    Last Run
----------------------------  -----  ---------  --------  ----------  --------------  -------------------
/opt/airflow/dags/welcome.py                           0           1  0.31s           2024-03-07T05:16:37
================================================================================
[2024-03-07T05:17:23.621+0000] {manager.py:879} INFO - 
================================================================================
DAG File Processing Stats

File Path                     PID    Runtime      # DAGs    # Errors  Last Runtime    Last Run
----------------------------  -----  ---------  --------  ----------  --------------  -------------------
/opt/airflow/dags/welcome.py                           0           1  0.21s           2024-03-07T05:17:08
================================================================================
[2024-03-07T05:17:54.195+0000] {manager.py:879} INFO - 
================================================================================
DAG File Processing Stats

File Path                     PID    Runtime      # DAGs    # Errors  Last Runtime    Last Run
----------------------------  -----  ---------  --------  ----------  --------------  -------------------
/opt/airflow/dags/welcome.py                           0           1  0.20s           2024-03-07T05:17:38
================================================================================
[2024-03-07T05:18:24.535+0000] {manager.py:879} INFO - 
================================================================================
DAG File Processing Stats

File Path                     PID    Runtime      # DAGs    # Errors  Last Runtime    Last Run
----------------------------  -----  ---------  --------  ----------  --------------  -------------------
/opt/airflow/dags/welcome.py                           0           1  0.20s           2024-03-07T05:18:09
================================================================================
[2024-03-07T05:18:54.756+0000] {manager.py:879} INFO - 
================================================================================
DAG File Processing Stats

File Path                     PID    Runtime      # DAGs    # Errors  Last Runtime    Last Run
----------------------------  -----  ---------  --------  ----------  --------------  -------------------
/opt/airflow/dags/welcome.py                           0           1  0.21s           2024-03-07T05:18:40
================================================================================
[2024-03-07T05:19:24.805+0000] {manager.py:879} INFO - 
================================================================================
DAG File Processing Stats

File Path                     PID    Runtime      # DAGs    # Errors  Last Runtime    Last Run
----------------------------  -----  ---------  --------  ----------  --------------  -------------------
/opt/airflow/dags/welcome.py                           0           1  0.21s           2024-03-07T05:19:10
================================================================================
[2024-03-07T05:19:37.240+0000] {manager.py:738} INFO - Searching for files in /opt/airflow/dags
[2024-03-07T05:19:37.286+0000] {manager.py:741} INFO - There are 1 files in /opt/airflow/dags
[2024-03-07T05:19:55.997+0000] {manager.py:879} INFO - 
================================================================================
DAG File Processing Stats

File Path                     PID    Runtime      # DAGs    # Errors  Last Runtime    Last Run
----------------------------  -----  ---------  --------  ----------  --------------  -------------------
/opt/airflow/dags/welcome.py                           0           1  0.21s           2024-03-07T05:19:41
================================================================================
[2024-03-07T05:20:26.019+0000] {manager.py:879} INFO - 
================================================================================
DAG File Processing Stats

File Path                     PID    Runtime      # DAGs    # Errors  Last Runtime    Last Run
----------------------------  -----  ---------  --------  ----------  --------------  -------------------
/opt/airflow/dags/welcome.py                           0           1  0.10s           2024-03-07T05:20:11
================================================================================
[2024-03-07T05:20:56.259+0000] {manager.py:879} INFO - 
================================================================================
DAG File Processing Stats

File Path                     PID    Runtime      # DAGs    # Errors  Last Runtime    Last Run
----------------------------  -----  ---------  --------  ----------  --------------  -------------------
/opt/airflow/dags/welcome.py                           0           1  0.21s           2024-03-07T05:20:55
================================================================================
[2024-03-07T05:21:28.751+0000] {manager.py:879} INFO - 
================================================================================
DAG File Processing Stats

File Path                     PID    Runtime      # DAGs    # Errors  Last Runtime    Last Run
----------------------------  -----  ---------  --------  ----------  --------------  -------------------
/opt/airflow/dags/welcome.py                           1           0  0.51s           2024-03-07T05:21:12
================================================================================
[2024-03-07T05:21:58.848+0000] {manager.py:879} INFO - 
================================================================================
DAG File Processing Stats

File Path                     PID    Runtime      # DAGs    # Errors  Last Runtime    Last Run
----------------------------  -----  ---------  --------  ----------  --------------  -------------------
/opt/airflow/dags/welcome.py                           1           0  0.31s           2024-03-07T05:21:42
================================================================================
[2024-03-07T05:22:29.228+0000] {manager.py:879} INFO - 
================================================================================
DAG File Processing Stats

File Path                     PID    Runtime      # DAGs    # Errors  Last Runtime    Last Run
----------------------------  -----  ---------  --------  ----------  --------------  -------------------
/opt/airflow/dags/welcome.py                           1           0  0.41s           2024-03-07T05:22:13
================================================================================
[2024-03-07T05:22:59.681+0000] {manager.py:879} INFO - 
================================================================================
DAG File Processing Stats

File Path                     PID    Runtime      # DAGs    # Errors  Last Runtime    Last Run
----------------------------  -----  ---------  --------  ----------  --------------  -------------------
/opt/airflow/dags/welcome.py                           1           0  0.41s           2024-03-07T05:22:43
================================================================================
[2024-03-07T05:23:29.724+0000] {manager.py:879} INFO - 
================================================================================
DAG File Processing Stats

File Path                     PID    Runtime      # DAGs    # Errors  Last Runtime    Last Run
----------------------------  -----  ---------  --------  ----------  --------------  -------------------
/opt/airflow/dags/welcome.py                           1           0  0.81s           2024-03-07T05:23:21
================================================================================
[2024-03-07T05:23:59.841+0000] {manager.py:879} INFO - 
================================================================================
DAG File Processing Stats

File Path                     PID    Runtime      # DAGs    # Errors  Last Runtime    Last Run
----------------------------  -----  ---------  --------  ----------  --------------  -------------------
/opt/airflow/dags/welcome.py                           1           0  0.61s           2024-03-07T05:23:52
================================================================================
[2024-03-07T05:24:30.194+0000] {manager.py:879} INFO - 
================================================================================
DAG File Processing Stats

File Path                     PID    Runtime      # DAGs    # Errors  Last Runtime    Last Run
----------------------------  -----  ---------  --------  ----------  --------------  -------------------
/opt/airflow/dags/welcome.py                           1           0  0.71s           2024-03-07T05:24:26
================================================================================
[2024-03-07T05:24:37.540+0000] {manager.py:738} INFO - Searching for files in /opt/airflow/dags
[2024-03-07T05:24:37.607+0000] {manager.py:741} INFO - There are 1 files in /opt/airflow/dags
