[2024-03-07T04:54:36.403+0000] {processor.py:161} INFO - Started process (PID=51) to work on /opt/airflow/dags/welcome.py
[2024-03-07T04:54:36.404+0000] {processor.py:830} INFO - Processing file /opt/airflow/dags/welcome.py for tasks to queue
[2024-03-07T04:54:36.406+0000] {logging_mixin.py:188} INFO - [2024-03-07T04:54:36.405+0000] {dagbag.py:540} INFO - Filling up the DagBag from /opt/airflow/dags/welcome.py
[2024-03-07T04:54:36.441+0000] {processor.py:840} INFO - DAG(s) 'welcome_dag' retrieved from /opt/airflow/dags/welcome.py
[2024-03-07T04:54:36.461+0000] {logging_mixin.py:188} INFO - [2024-03-07T04:54:36.461+0000] {dag.py:3047} INFO - Sync 1 DAGs
[2024-03-07T04:54:36.498+0000] {logging_mixin.py:188} INFO - [2024-03-07T04:54:36.498+0000] {dag.py:3834} INFO - Setting next_dagrun for welcome_dag to 2024-03-06 11:00:00+00:00, run_after=2024-03-07 11:00:00+00:00
[2024-03-07T04:54:36.579+0000] {processor.py:183} INFO - Processing /opt/airflow/dags/welcome.py took 0.181 seconds
[2024-03-07T04:55:06.855+0000] {processor.py:161} INFO - Started process (PID=71) to work on /opt/airflow/dags/welcome.py
[2024-03-07T04:55:06.857+0000] {processor.py:830} INFO - Processing file /opt/airflow/dags/welcome.py for tasks to queue
[2024-03-07T04:55:06.858+0000] {logging_mixin.py:188} INFO - [2024-03-07T04:55:06.858+0000] {dagbag.py:540} INFO - Filling up the DagBag from /opt/airflow/dags/welcome.py
[2024-03-07T04:55:06.885+0000] {processor.py:840} INFO - DAG(s) 'welcome_dag' retrieved from /opt/airflow/dags/welcome.py
[2024-03-07T04:55:06.994+0000] {logging_mixin.py:188} INFO - [2024-03-07T04:55:06.993+0000] {dag.py:3047} INFO - Sync 1 DAGs
[2024-03-07T04:55:07.142+0000] {logging_mixin.py:188} INFO - [2024-03-07T04:55:07.142+0000] {dag.py:3834} INFO - Setting next_dagrun for welcome_dag to 2024-03-06 11:00:00+00:00, run_after=2024-03-07 11:00:00+00:00
[2024-03-07T04:55:07.204+0000] {processor.py:183} INFO - Processing /opt/airflow/dags/welcome.py took 0.352 seconds
[2024-03-07T04:55:37.681+0000] {processor.py:161} INFO - Started process (PID=72) to work on /opt/airflow/dags/welcome.py
[2024-03-07T04:55:37.682+0000] {processor.py:830} INFO - Processing file /opt/airflow/dags/welcome.py for tasks to queue
[2024-03-07T04:55:37.683+0000] {logging_mixin.py:188} INFO - [2024-03-07T04:55:37.683+0000] {dagbag.py:540} INFO - Filling up the DagBag from /opt/airflow/dags/welcome.py
[2024-03-07T04:55:37.703+0000] {processor.py:840} INFO - DAG(s) 'welcome_dag' retrieved from /opt/airflow/dags/welcome.py
[2024-03-07T04:55:37.727+0000] {logging_mixin.py:188} INFO - [2024-03-07T04:55:37.727+0000] {dag.py:3047} INFO - Sync 1 DAGs
[2024-03-07T04:55:37.747+0000] {logging_mixin.py:188} INFO - [2024-03-07T04:55:37.747+0000] {dag.py:3834} INFO - Setting next_dagrun for welcome_dag to 2024-03-06 11:00:00+00:00, run_after=2024-03-07 11:00:00+00:00
[2024-03-07T04:55:37.798+0000] {processor.py:183} INFO - Processing /opt/airflow/dags/welcome.py took 0.119 seconds
[2024-03-07T04:56:07.948+0000] {processor.py:161} INFO - Started process (PID=73) to work on /opt/airflow/dags/welcome.py
[2024-03-07T04:56:07.949+0000] {processor.py:830} INFO - Processing file /opt/airflow/dags/welcome.py for tasks to queue
[2024-03-07T04:56:07.950+0000] {logging_mixin.py:188} INFO - [2024-03-07T04:56:07.949+0000] {dagbag.py:540} INFO - Filling up the DagBag from /opt/airflow/dags/welcome.py
[2024-03-07T04:56:07.970+0000] {processor.py:840} INFO - DAG(s) 'welcome_dag' retrieved from /opt/airflow/dags/welcome.py
[2024-03-07T04:56:07.996+0000] {logging_mixin.py:188} INFO - [2024-03-07T04:56:07.995+0000] {dag.py:3047} INFO - Sync 1 DAGs
[2024-03-07T04:56:08.018+0000] {logging_mixin.py:188} INFO - [2024-03-07T04:56:08.018+0000] {dag.py:3834} INFO - Setting next_dagrun for welcome_dag to 2024-03-06 11:00:00+00:00, run_after=2024-03-07 11:00:00+00:00
[2024-03-07T04:56:08.069+0000] {processor.py:183} INFO - Processing /opt/airflow/dags/welcome.py took 0.124 seconds
[2024-03-07T04:56:39.175+0000] {processor.py:161} INFO - Started process (PID=74) to work on /opt/airflow/dags/welcome.py
[2024-03-07T04:56:39.176+0000] {processor.py:830} INFO - Processing file /opt/airflow/dags/welcome.py for tasks to queue
[2024-03-07T04:56:39.177+0000] {logging_mixin.py:188} INFO - [2024-03-07T04:56:39.177+0000] {dagbag.py:540} INFO - Filling up the DagBag from /opt/airflow/dags/welcome.py
[2024-03-07T04:56:39.197+0000] {processor.py:840} INFO - DAG(s) 'welcome_dag' retrieved from /opt/airflow/dags/welcome.py
[2024-03-07T04:56:39.218+0000] {logging_mixin.py:188} INFO - [2024-03-07T04:56:39.218+0000] {dag.py:3047} INFO - Sync 1 DAGs
[2024-03-07T04:56:39.236+0000] {logging_mixin.py:188} INFO - [2024-03-07T04:56:39.236+0000] {dag.py:3834} INFO - Setting next_dagrun for welcome_dag to 2024-03-06 11:00:00+00:00, run_after=2024-03-07 11:00:00+00:00
[2024-03-07T04:56:39.282+0000] {processor.py:183} INFO - Processing /opt/airflow/dags/welcome.py took 0.109 seconds
[2024-03-07T04:56:43.320+0000] {processor.py:161} INFO - Started process (PID=75) to work on /opt/airflow/dags/welcome.py
[2024-03-07T04:56:43.321+0000] {processor.py:830} INFO - Processing file /opt/airflow/dags/welcome.py for tasks to queue
[2024-03-07T04:56:43.322+0000] {logging_mixin.py:188} INFO - [2024-03-07T04:56:43.322+0000] {dagbag.py:540} INFO - Filling up the DagBag from /opt/airflow/dags/welcome.py
[2024-03-07T04:56:43.349+0000] {processor.py:840} INFO - DAG(s) 'welcome_dag' retrieved from /opt/airflow/dags/welcome.py
[2024-03-07T04:56:43.370+0000] {logging_mixin.py:188} INFO - [2024-03-07T04:56:43.369+0000] {dag.py:3047} INFO - Sync 1 DAGs
[2024-03-07T04:56:43.388+0000] {logging_mixin.py:188} INFO - [2024-03-07T04:56:43.388+0000] {dag.py:3834} INFO - Setting next_dagrun for welcome_dag to 2024-03-06 11:00:00+00:00, run_after=2024-03-07 11:00:00+00:00
[2024-03-07T04:56:43.439+0000] {processor.py:183} INFO - Processing /opt/airflow/dags/welcome.py took 0.120 seconds
[2024-03-07T04:57:13.828+0000] {processor.py:161} INFO - Started process (PID=76) to work on /opt/airflow/dags/welcome.py
[2024-03-07T04:57:13.829+0000] {processor.py:830} INFO - Processing file /opt/airflow/dags/welcome.py for tasks to queue
[2024-03-07T04:57:13.830+0000] {logging_mixin.py:188} INFO - [2024-03-07T04:57:13.830+0000] {dagbag.py:540} INFO - Filling up the DagBag from /opt/airflow/dags/welcome.py
[2024-03-07T04:57:13.857+0000] {processor.py:840} INFO - DAG(s) 'welcome_dag' retrieved from /opt/airflow/dags/welcome.py
[2024-03-07T04:57:13.904+0000] {logging_mixin.py:188} INFO - [2024-03-07T04:57:13.903+0000] {dag.py:3047} INFO - Sync 1 DAGs
[2024-03-07T04:57:13.960+0000] {logging_mixin.py:188} INFO - [2024-03-07T04:57:13.959+0000] {dag.py:3834} INFO - Setting next_dagrun for welcome_dag to 2024-03-06 11:00:00+00:00, run_after=2024-03-07 11:00:00+00:00
[2024-03-07T04:57:14.091+0000] {processor.py:183} INFO - Processing /opt/airflow/dags/welcome.py took 0.267 seconds
[2024-03-07T04:57:44.992+0000] {processor.py:161} INFO - Started process (PID=104) to work on /opt/airflow/dags/welcome.py
[2024-03-07T04:57:44.994+0000] {processor.py:830} INFO - Processing file /opt/airflow/dags/welcome.py for tasks to queue
[2024-03-07T04:57:44.995+0000] {logging_mixin.py:188} INFO - [2024-03-07T04:57:44.994+0000] {dagbag.py:540} INFO - Filling up the DagBag from /opt/airflow/dags/welcome.py
[2024-03-07T04:57:45.018+0000] {processor.py:840} INFO - DAG(s) 'welcome_dag' retrieved from /opt/airflow/dags/welcome.py
[2024-03-07T04:57:45.043+0000] {logging_mixin.py:188} INFO - [2024-03-07T04:57:45.043+0000] {dag.py:3047} INFO - Sync 1 DAGs
[2024-03-07T04:57:45.063+0000] {logging_mixin.py:188} INFO - [2024-03-07T04:57:45.063+0000] {dag.py:3834} INFO - Setting next_dagrun for welcome_dag to 2024-03-06 11:00:00+00:00, run_after=2024-03-07 11:00:00+00:00
[2024-03-07T04:57:45.113+0000] {processor.py:183} INFO - Processing /opt/airflow/dags/welcome.py took 0.123 seconds
[2024-03-07T04:58:15.497+0000] {processor.py:161} INFO - Started process (PID=105) to work on /opt/airflow/dags/welcome.py
[2024-03-07T04:58:15.497+0000] {processor.py:830} INFO - Processing file /opt/airflow/dags/welcome.py for tasks to queue
[2024-03-07T04:58:15.498+0000] {logging_mixin.py:188} INFO - [2024-03-07T04:58:15.498+0000] {dagbag.py:540} INFO - Filling up the DagBag from /opt/airflow/dags/welcome.py
[2024-03-07T04:58:15.517+0000] {processor.py:840} INFO - DAG(s) 'welcome_dag' retrieved from /opt/airflow/dags/welcome.py
[2024-03-07T04:58:15.538+0000] {logging_mixin.py:188} INFO - [2024-03-07T04:58:15.537+0000] {dag.py:3047} INFO - Sync 1 DAGs
[2024-03-07T04:58:15.555+0000] {logging_mixin.py:188} INFO - [2024-03-07T04:58:15.555+0000] {dag.py:3834} INFO - Setting next_dagrun for welcome_dag to 2024-03-06 11:00:00+00:00, run_after=2024-03-07 11:00:00+00:00
[2024-03-07T04:58:15.600+0000] {processor.py:183} INFO - Processing /opt/airflow/dags/welcome.py took 0.106 seconds
[2024-03-07T04:58:46.011+0000] {processor.py:161} INFO - Started process (PID=106) to work on /opt/airflow/dags/welcome.py
[2024-03-07T04:58:46.012+0000] {processor.py:830} INFO - Processing file /opt/airflow/dags/welcome.py for tasks to queue
[2024-03-07T04:58:46.013+0000] {logging_mixin.py:188} INFO - [2024-03-07T04:58:46.013+0000] {dagbag.py:540} INFO - Filling up the DagBag from /opt/airflow/dags/welcome.py
[2024-03-07T04:58:46.035+0000] {processor.py:840} INFO - DAG(s) 'welcome_dag' retrieved from /opt/airflow/dags/welcome.py
[2024-03-07T04:58:46.057+0000] {logging_mixin.py:188} INFO - [2024-03-07T04:58:46.057+0000] {dag.py:3047} INFO - Sync 1 DAGs
[2024-03-07T04:58:46.079+0000] {logging_mixin.py:188} INFO - [2024-03-07T04:58:46.079+0000] {dag.py:3834} INFO - Setting next_dagrun for welcome_dag to 2024-03-06 11:00:00+00:00, run_after=2024-03-07 11:00:00+00:00
[2024-03-07T04:58:46.256+0000] {processor.py:183} INFO - Processing /opt/airflow/dags/welcome.py took 0.248 seconds
[2024-03-07T04:59:16.544+0000] {processor.py:161} INFO - Started process (PID=107) to work on /opt/airflow/dags/welcome.py
[2024-03-07T04:59:16.545+0000] {processor.py:830} INFO - Processing file /opt/airflow/dags/welcome.py for tasks to queue
[2024-03-07T04:59:16.546+0000] {logging_mixin.py:188} INFO - [2024-03-07T04:59:16.545+0000] {dagbag.py:540} INFO - Filling up the DagBag from /opt/airflow/dags/welcome.py
[2024-03-07T04:59:16.565+0000] {processor.py:840} INFO - DAG(s) 'welcome_dag' retrieved from /opt/airflow/dags/welcome.py
[2024-03-07T04:59:16.585+0000] {logging_mixin.py:188} INFO - [2024-03-07T04:59:16.585+0000] {dag.py:3047} INFO - Sync 1 DAGs
[2024-03-07T04:59:16.704+0000] {logging_mixin.py:188} INFO - [2024-03-07T04:59:16.704+0000] {dag.py:3834} INFO - Setting next_dagrun for welcome_dag to 2024-03-06 11:00:00+00:00, run_after=2024-03-07 11:00:00+00:00
[2024-03-07T04:59:16.750+0000] {processor.py:183} INFO - Processing /opt/airflow/dags/welcome.py took 0.208 seconds
[2024-03-07T04:59:47.024+0000] {processor.py:161} INFO - Started process (PID=108) to work on /opt/airflow/dags/welcome.py
[2024-03-07T04:59:47.025+0000] {processor.py:830} INFO - Processing file /opt/airflow/dags/welcome.py for tasks to queue
[2024-03-07T04:59:47.025+0000] {logging_mixin.py:188} INFO - [2024-03-07T04:59:47.025+0000] {dagbag.py:540} INFO - Filling up the DagBag from /opt/airflow/dags/welcome.py
[2024-03-07T04:59:47.046+0000] {processor.py:840} INFO - DAG(s) 'welcome_dag' retrieved from /opt/airflow/dags/welcome.py
[2024-03-07T04:59:47.068+0000] {logging_mixin.py:188} INFO - [2024-03-07T04:59:47.068+0000] {dag.py:3047} INFO - Sync 1 DAGs
[2024-03-07T04:59:47.187+0000] {logging_mixin.py:188} INFO - [2024-03-07T04:59:47.187+0000] {dag.py:3834} INFO - Setting next_dagrun for welcome_dag to 2024-03-06 11:00:00+00:00, run_after=2024-03-07 11:00:00+00:00
[2024-03-07T04:59:47.232+0000] {processor.py:183} INFO - Processing /opt/airflow/dags/welcome.py took 0.211 seconds
[2024-03-07T05:00:17.536+0000] {processor.py:161} INFO - Started process (PID=109) to work on /opt/airflow/dags/welcome.py
[2024-03-07T05:00:17.537+0000] {processor.py:830} INFO - Processing file /opt/airflow/dags/welcome.py for tasks to queue
[2024-03-07T05:00:17.537+0000] {logging_mixin.py:188} INFO - [2024-03-07T05:00:17.537+0000] {dagbag.py:540} INFO - Filling up the DagBag from /opt/airflow/dags/welcome.py
[2024-03-07T05:00:17.555+0000] {processor.py:840} INFO - DAG(s) 'welcome_dag' retrieved from /opt/airflow/dags/welcome.py
[2024-03-07T05:00:17.674+0000] {logging_mixin.py:188} INFO - [2024-03-07T05:00:17.674+0000] {dag.py:3047} INFO - Sync 1 DAGs
[2024-03-07T05:00:17.691+0000] {logging_mixin.py:188} INFO - [2024-03-07T05:00:17.691+0000] {dag.py:3834} INFO - Setting next_dagrun for welcome_dag to 2024-03-06 11:00:00+00:00, run_after=2024-03-07 11:00:00+00:00
[2024-03-07T05:00:17.734+0000] {processor.py:183} INFO - Processing /opt/airflow/dags/welcome.py took 0.201 seconds
[2024-03-07T05:00:48.051+0000] {processor.py:161} INFO - Started process (PID=110) to work on /opt/airflow/dags/welcome.py
[2024-03-07T05:00:48.052+0000] {processor.py:830} INFO - Processing file /opt/airflow/dags/welcome.py for tasks to queue
[2024-03-07T05:00:48.053+0000] {logging_mixin.py:188} INFO - [2024-03-07T05:00:48.053+0000] {dagbag.py:540} INFO - Filling up the DagBag from /opt/airflow/dags/welcome.py
[2024-03-07T05:00:48.072+0000] {processor.py:840} INFO - DAG(s) 'welcome_dag' retrieved from /opt/airflow/dags/welcome.py
[2024-03-07T05:00:48.206+0000] {logging_mixin.py:188} INFO - [2024-03-07T05:00:48.205+0000] {dag.py:3047} INFO - Sync 1 DAGs
[2024-03-07T05:00:48.224+0000] {logging_mixin.py:188} INFO - [2024-03-07T05:00:48.224+0000] {dag.py:3834} INFO - Setting next_dagrun for welcome_dag to 2024-03-06 11:00:00+00:00, run_after=2024-03-07 11:00:00+00:00
[2024-03-07T05:00:48.274+0000] {processor.py:183} INFO - Processing /opt/airflow/dags/welcome.py took 0.225 seconds
[2024-03-07T05:00:49.428+0000] {processor.py:161} INFO - Started process (PID=111) to work on /opt/airflow/dags/welcome.py
[2024-03-07T05:00:49.429+0000] {processor.py:830} INFO - Processing file /opt/airflow/dags/welcome.py for tasks to queue
[2024-03-07T05:00:49.430+0000] {logging_mixin.py:188} INFO - [2024-03-07T05:00:49.430+0000] {dagbag.py:540} INFO - Filling up the DagBag from /opt/airflow/dags/welcome.py
[2024-03-07T05:00:49.455+0000] {logging_mixin.py:188} INFO - [2024-03-07T05:00:49.452+0000] {dagbag.py:350} ERROR - Failed to import: /opt/airflow/dags/welcome.py
Traceback (most recent call last):
  File "/home/airflow/.local/lib/python3.11/site-packages/airflow/models/dagbag.py", line 346, in parse
    loader.exec_module(new_module)
  File "<frozen importlib._bootstrap_external>", line 940, in exec_module
  File "<frozen importlib._bootstrap>", line 241, in _call_with_frames_removed
  File "/opt/airflow/dags/welcome.py", line 6, in <module>
    from pyspark.sql import SparkSession
ModuleNotFoundError: No module named 'pyspark'
[2024-03-07T05:00:49.456+0000] {processor.py:842} WARNING - No viable dags retrieved from /opt/airflow/dags/welcome.py
[2024-03-07T05:00:49.488+0000] {processor.py:183} INFO - Processing /opt/airflow/dags/welcome.py took 0.062 seconds
[2024-03-07T05:01:15.734+0000] {processor.py:161} INFO - Started process (PID=112) to work on /opt/airflow/dags/welcome.py
[2024-03-07T05:01:15.735+0000] {processor.py:830} INFO - Processing file /opt/airflow/dags/welcome.py for tasks to queue
[2024-03-07T05:01:15.736+0000] {logging_mixin.py:188} INFO - [2024-03-07T05:01:15.735+0000] {dagbag.py:540} INFO - Filling up the DagBag from /opt/airflow/dags/welcome.py
[2024-03-07T05:01:15.758+0000] {logging_mixin.py:188} INFO - [2024-03-07T05:01:15.755+0000] {dagbag.py:350} ERROR - Failed to import: /opt/airflow/dags/welcome.py
Traceback (most recent call last):
  File "/home/airflow/.local/lib/python3.11/site-packages/airflow/models/dagbag.py", line 346, in parse
    loader.exec_module(new_module)
  File "<frozen importlib._bootstrap_external>", line 940, in exec_module
  File "<frozen importlib._bootstrap>", line 241, in _call_with_frames_removed
  File "/opt/airflow/dags/welcome.py", line 6, in <module>
    from pyspark.sql import SparkSession
ModuleNotFoundError: No module named 'pyspark'
[2024-03-07T05:01:15.759+0000] {processor.py:842} WARNING - No viable dags retrieved from /opt/airflow/dags/welcome.py
[2024-03-07T05:01:15.891+0000] {processor.py:183} INFO - Processing /opt/airflow/dags/welcome.py took 0.160 seconds
[2024-03-07T05:01:46.251+0000] {processor.py:161} INFO - Started process (PID=113) to work on /opt/airflow/dags/welcome.py
[2024-03-07T05:01:46.252+0000] {processor.py:830} INFO - Processing file /opt/airflow/dags/welcome.py for tasks to queue
[2024-03-07T05:01:46.253+0000] {logging_mixin.py:188} INFO - [2024-03-07T05:01:46.253+0000] {dagbag.py:540} INFO - Filling up the DagBag from /opt/airflow/dags/welcome.py
[2024-03-07T05:01:46.272+0000] {logging_mixin.py:188} INFO - [2024-03-07T05:01:46.269+0000] {dagbag.py:350} ERROR - Failed to import: /opt/airflow/dags/welcome.py
Traceback (most recent call last):
  File "/home/airflow/.local/lib/python3.11/site-packages/airflow/models/dagbag.py", line 346, in parse
    loader.exec_module(new_module)
  File "<frozen importlib._bootstrap_external>", line 940, in exec_module
  File "<frozen importlib._bootstrap>", line 241, in _call_with_frames_removed
  File "/opt/airflow/dags/welcome.py", line 6, in <module>
    from pyspark.sql import SparkSession
ModuleNotFoundError: No module named 'pyspark'
[2024-03-07T05:01:46.274+0000] {processor.py:842} WARNING - No viable dags retrieved from /opt/airflow/dags/welcome.py
[2024-03-07T05:01:46.319+0000] {processor.py:183} INFO - Processing /opt/airflow/dags/welcome.py took 0.070 seconds
[2024-03-07T05:02:16.804+0000] {processor.py:161} INFO - Started process (PID=114) to work on /opt/airflow/dags/welcome.py
[2024-03-07T05:02:16.805+0000] {processor.py:830} INFO - Processing file /opt/airflow/dags/welcome.py for tasks to queue
[2024-03-07T05:02:16.806+0000] {logging_mixin.py:188} INFO - [2024-03-07T05:02:16.805+0000] {dagbag.py:540} INFO - Filling up the DagBag from /opt/airflow/dags/welcome.py
[2024-03-07T05:02:16.824+0000] {logging_mixin.py:188} INFO - [2024-03-07T05:02:16.821+0000] {dagbag.py:350} ERROR - Failed to import: /opt/airflow/dags/welcome.py
Traceback (most recent call last):
  File "/home/airflow/.local/lib/python3.11/site-packages/airflow/models/dagbag.py", line 346, in parse
    loader.exec_module(new_module)
  File "<frozen importlib._bootstrap_external>", line 940, in exec_module
  File "<frozen importlib._bootstrap>", line 241, in _call_with_frames_removed
  File "/opt/airflow/dags/welcome.py", line 6, in <module>
    from pyspark.sql import SparkSession
ModuleNotFoundError: No module named 'pyspark'
[2024-03-07T05:02:16.825+0000] {processor.py:842} WARNING - No viable dags retrieved from /opt/airflow/dags/welcome.py
[2024-03-07T05:02:16.856+0000] {processor.py:183} INFO - Processing /opt/airflow/dags/welcome.py took 0.054 seconds
[2024-03-07T05:02:47.302+0000] {processor.py:161} INFO - Started process (PID=115) to work on /opt/airflow/dags/welcome.py
[2024-03-07T05:02:47.303+0000] {processor.py:830} INFO - Processing file /opt/airflow/dags/welcome.py for tasks to queue
[2024-03-07T05:02:47.304+0000] {logging_mixin.py:188} INFO - [2024-03-07T05:02:47.304+0000] {dagbag.py:540} INFO - Filling up the DagBag from /opt/airflow/dags/welcome.py
[2024-03-07T05:02:47.320+0000] {logging_mixin.py:188} INFO - [2024-03-07T05:02:47.316+0000] {dagbag.py:350} ERROR - Failed to import: /opt/airflow/dags/welcome.py
Traceback (most recent call last):
  File "/home/airflow/.local/lib/python3.11/site-packages/airflow/models/dagbag.py", line 346, in parse
    loader.exec_module(new_module)
  File "<frozen importlib._bootstrap_external>", line 940, in exec_module
  File "<frozen importlib._bootstrap>", line 241, in _call_with_frames_removed
  File "/opt/airflow/dags/welcome.py", line 6, in <module>
    from pyspark.sql import SparkSession
ModuleNotFoundError: No module named 'pyspark'
[2024-03-07T05:02:47.321+0000] {processor.py:842} WARNING - No viable dags retrieved from /opt/airflow/dags/welcome.py
[2024-03-07T05:02:47.351+0000] {processor.py:183} INFO - Processing /opt/airflow/dags/welcome.py took 0.051 seconds
[2024-03-07T05:03:18.476+0000] {processor.py:161} INFO - Started process (PID=116) to work on /opt/airflow/dags/welcome.py
[2024-03-07T05:03:18.477+0000] {processor.py:830} INFO - Processing file /opt/airflow/dags/welcome.py for tasks to queue
[2024-03-07T05:03:18.479+0000] {logging_mixin.py:188} INFO - [2024-03-07T05:03:18.479+0000] {dagbag.py:540} INFO - Filling up the DagBag from /opt/airflow/dags/welcome.py
[2024-03-07T05:03:18.524+0000] {logging_mixin.py:188} INFO - [2024-03-07T05:03:18.520+0000] {dagbag.py:350} ERROR - Failed to import: /opt/airflow/dags/welcome.py
Traceback (most recent call last):
  File "/home/airflow/.local/lib/python3.11/site-packages/airflow/models/dagbag.py", line 346, in parse
    loader.exec_module(new_module)
  File "<frozen importlib._bootstrap_external>", line 940, in exec_module
  File "<frozen importlib._bootstrap>", line 241, in _call_with_frames_removed
  File "/opt/airflow/dags/welcome.py", line 6, in <module>
    from pyspark.sql import SparkSession
ModuleNotFoundError: No module named 'pyspark'
[2024-03-07T05:03:18.526+0000] {processor.py:842} WARNING - No viable dags retrieved from /opt/airflow/dags/welcome.py
[2024-03-07T05:03:18.576+0000] {processor.py:183} INFO - Processing /opt/airflow/dags/welcome.py took 0.102 seconds
[2024-03-07T05:03:48.785+0000] {processor.py:161} INFO - Started process (PID=117) to work on /opt/airflow/dags/welcome.py
[2024-03-07T05:03:48.786+0000] {processor.py:830} INFO - Processing file /opt/airflow/dags/welcome.py for tasks to queue
[2024-03-07T05:03:48.788+0000] {logging_mixin.py:188} INFO - [2024-03-07T05:03:48.787+0000] {dagbag.py:540} INFO - Filling up the DagBag from /opt/airflow/dags/welcome.py
[2024-03-07T05:03:48.849+0000] {processor.py:840} INFO - DAG(s) 'welcome_dag' retrieved from /opt/airflow/dags/welcome.py
[2024-03-07T05:03:49.008+0000] {logging_mixin.py:188} INFO - [2024-03-07T05:03:49.008+0000] {dag.py:3047} INFO - Sync 1 DAGs
[2024-03-07T05:03:49.044+0000] {logging_mixin.py:188} INFO - [2024-03-07T05:03:49.044+0000] {dag.py:3834} INFO - Setting next_dagrun for welcome_dag to 2024-03-06 11:00:00+00:00, run_after=2024-03-07 11:00:00+00:00
[2024-03-07T05:03:49.210+0000] {processor.py:183} INFO - Processing /opt/airflow/dags/welcome.py took 0.428 seconds
[2024-03-07T05:04:16.335+0000] {processor.py:161} INFO - Started process (PID=118) to work on /opt/airflow/dags/welcome.py
[2024-03-07T05:04:16.337+0000] {processor.py:830} INFO - Processing file /opt/airflow/dags/welcome.py for tasks to queue
[2024-03-07T05:04:16.339+0000] {logging_mixin.py:188} INFO - [2024-03-07T05:04:16.338+0000] {dagbag.py:540} INFO - Filling up the DagBag from /opt/airflow/dags/welcome.py
[2024-03-07T05:04:16.412+0000] {logging_mixin.py:188} INFO - [2024-03-07T05:04:16.403+0000] {dagbag.py:350} ERROR - Failed to import: /opt/airflow/dags/welcome.py
Traceback (most recent call last):
  File "/home/airflow/.local/lib/python3.11/site-packages/airflow/models/dagbag.py", line 346, in parse
    loader.exec_module(new_module)
  File "<frozen importlib._bootstrap_external>", line 940, in exec_module
  File "<frozen importlib._bootstrap>", line 241, in _call_with_frames_removed
  File "/opt/airflow/dags/welcome.py", line 6, in <module>
    from pyspark.sql import SparkSession
ModuleNotFoundError: No module named 'pyspark'
[2024-03-07T05:04:16.416+0000] {processor.py:842} WARNING - No viable dags retrieved from /opt/airflow/dags/welcome.py
[2024-03-07T05:04:16.483+0000] {processor.py:183} INFO - Processing /opt/airflow/dags/welcome.py took 0.151 seconds
[2024-03-07T05:04:47.561+0000] {processor.py:161} INFO - Started process (PID=119) to work on /opt/airflow/dags/welcome.py
[2024-03-07T05:04:47.563+0000] {processor.py:830} INFO - Processing file /opt/airflow/dags/welcome.py for tasks to queue
[2024-03-07T05:04:47.564+0000] {logging_mixin.py:188} INFO - [2024-03-07T05:04:47.564+0000] {dagbag.py:540} INFO - Filling up the DagBag from /opt/airflow/dags/welcome.py
[2024-03-07T05:04:47.620+0000] {logging_mixin.py:188} INFO - [2024-03-07T05:04:47.609+0000] {dagbag.py:350} ERROR - Failed to import: /opt/airflow/dags/welcome.py
Traceback (most recent call last):
  File "/home/airflow/.local/lib/python3.11/site-packages/airflow/models/dagbag.py", line 346, in parse
    loader.exec_module(new_module)
  File "<frozen importlib._bootstrap_external>", line 940, in exec_module
  File "<frozen importlib._bootstrap>", line 241, in _call_with_frames_removed
  File "/opt/airflow/dags/welcome.py", line 6, in <module>
    from pyspark.sql import SparkSession
ModuleNotFoundError: No module named 'pyspark'
[2024-03-07T05:04:47.624+0000] {processor.py:842} WARNING - No viable dags retrieved from /opt/airflow/dags/welcome.py
[2024-03-07T05:04:47.689+0000] {processor.py:183} INFO - Processing /opt/airflow/dags/welcome.py took 0.131 seconds
[2024-03-07T05:05:17.870+0000] {processor.py:161} INFO - Started process (PID=120) to work on /opt/airflow/dags/welcome.py
[2024-03-07T05:05:17.871+0000] {processor.py:830} INFO - Processing file /opt/airflow/dags/welcome.py for tasks to queue
[2024-03-07T05:05:17.872+0000] {logging_mixin.py:188} INFO - [2024-03-07T05:05:17.872+0000] {dagbag.py:540} INFO - Filling up the DagBag from /opt/airflow/dags/welcome.py
[2024-03-07T05:05:17.910+0000] {logging_mixin.py:188} INFO - [2024-03-07T05:05:17.904+0000] {dagbag.py:350} ERROR - Failed to import: /opt/airflow/dags/welcome.py
Traceback (most recent call last):
  File "/home/airflow/.local/lib/python3.11/site-packages/airflow/models/dagbag.py", line 346, in parse
    loader.exec_module(new_module)
  File "<frozen importlib._bootstrap_external>", line 940, in exec_module
  File "<frozen importlib._bootstrap>", line 241, in _call_with_frames_removed
  File "/opt/airflow/dags/welcome.py", line 6, in <module>
    from pyspark.sql import SparkSession
ModuleNotFoundError: No module named 'pyspark'
[2024-03-07T05:05:17.913+0000] {processor.py:842} WARNING - No viable dags retrieved from /opt/airflow/dags/welcome.py
[2024-03-07T05:05:17.998+0000] {processor.py:183} INFO - Processing /opt/airflow/dags/welcome.py took 0.132 seconds
[2024-03-07T05:05:49.316+0000] {processor.py:161} INFO - Started process (PID=121) to work on /opt/airflow/dags/welcome.py
[2024-03-07T05:05:49.317+0000] {processor.py:830} INFO - Processing file /opt/airflow/dags/welcome.py for tasks to queue
[2024-03-07T05:05:49.319+0000] {logging_mixin.py:188} INFO - [2024-03-07T05:05:49.318+0000] {dagbag.py:540} INFO - Filling up the DagBag from /opt/airflow/dags/welcome.py
[2024-03-07T05:05:49.388+0000] {logging_mixin.py:188} INFO - [2024-03-07T05:05:49.373+0000] {dagbag.py:350} ERROR - Failed to import: /opt/airflow/dags/welcome.py
Traceback (most recent call last):
  File "/home/airflow/.local/lib/python3.11/site-packages/airflow/models/dagbag.py", line 346, in parse
    loader.exec_module(new_module)
  File "<frozen importlib._bootstrap_external>", line 940, in exec_module
  File "<frozen importlib._bootstrap>", line 241, in _call_with_frames_removed
  File "/opt/airflow/dags/welcome.py", line 6, in <module>
    from pyspark.sql import SparkSession
ModuleNotFoundError: No module named 'pyspark'
[2024-03-07T05:05:49.394+0000] {processor.py:842} WARNING - No viable dags retrieved from /opt/airflow/dags/welcome.py
[2024-03-07T05:05:49.508+0000] {processor.py:183} INFO - Processing /opt/airflow/dags/welcome.py took 0.196 seconds
[2024-03-07T05:06:20.393+0000] {processor.py:161} INFO - Started process (PID=122) to work on /opt/airflow/dags/welcome.py
[2024-03-07T05:06:20.394+0000] {processor.py:830} INFO - Processing file /opt/airflow/dags/welcome.py for tasks to queue
[2024-03-07T05:06:20.396+0000] {logging_mixin.py:188} INFO - [2024-03-07T05:06:20.395+0000] {dagbag.py:540} INFO - Filling up the DagBag from /opt/airflow/dags/welcome.py
[2024-03-07T05:06:20.444+0000] {logging_mixin.py:188} INFO - [2024-03-07T05:06:20.434+0000] {dagbag.py:350} ERROR - Failed to import: /opt/airflow/dags/welcome.py
Traceback (most recent call last):
  File "/home/airflow/.local/lib/python3.11/site-packages/airflow/models/dagbag.py", line 346, in parse
    loader.exec_module(new_module)
  File "<frozen importlib._bootstrap_external>", line 940, in exec_module
  File "<frozen importlib._bootstrap>", line 241, in _call_with_frames_removed
  File "/opt/airflow/dags/welcome.py", line 6, in <module>
    from pyspark.sql import SparkSession
ModuleNotFoundError: No module named 'pyspark'
[2024-03-07T05:06:20.449+0000] {processor.py:842} WARNING - No viable dags retrieved from /opt/airflow/dags/welcome.py
[2024-03-07T05:06:20.531+0000] {processor.py:183} INFO - Processing /opt/airflow/dags/welcome.py took 0.141 seconds
[2024-03-07T05:06:50.672+0000] {processor.py:161} INFO - Started process (PID=123) to work on /opt/airflow/dags/welcome.py
[2024-03-07T05:06:50.673+0000] {processor.py:830} INFO - Processing file /opt/airflow/dags/welcome.py for tasks to queue
[2024-03-07T05:06:50.674+0000] {logging_mixin.py:188} INFO - [2024-03-07T05:06:50.674+0000] {dagbag.py:540} INFO - Filling up the DagBag from /opt/airflow/dags/welcome.py
[2024-03-07T05:06:50.712+0000] {logging_mixin.py:188} INFO - [2024-03-07T05:06:50.704+0000] {dagbag.py:350} ERROR - Failed to import: /opt/airflow/dags/welcome.py
Traceback (most recent call last):
  File "/home/airflow/.local/lib/python3.11/site-packages/airflow/models/dagbag.py", line 346, in parse
    loader.exec_module(new_module)
  File "<frozen importlib._bootstrap_external>", line 940, in exec_module
  File "<frozen importlib._bootstrap>", line 241, in _call_with_frames_removed
  File "/opt/airflow/dags/welcome.py", line 6, in <module>
    from pyspark.sql import SparkSession
ModuleNotFoundError: No module named 'pyspark'
[2024-03-07T05:06:50.715+0000] {processor.py:842} WARNING - No viable dags retrieved from /opt/airflow/dags/welcome.py
[2024-03-07T05:06:50.787+0000] {processor.py:183} INFO - Processing /opt/airflow/dags/welcome.py took 0.117 seconds
[2024-03-07T05:07:21.963+0000] {processor.py:161} INFO - Started process (PID=124) to work on /opt/airflow/dags/welcome.py
[2024-03-07T05:07:21.964+0000] {processor.py:830} INFO - Processing file /opt/airflow/dags/welcome.py for tasks to queue
[2024-03-07T05:07:21.965+0000] {logging_mixin.py:188} INFO - [2024-03-07T05:07:21.965+0000] {dagbag.py:540} INFO - Filling up the DagBag from /opt/airflow/dags/welcome.py
[2024-03-07T05:07:22.009+0000] {logging_mixin.py:188} INFO - [2024-03-07T05:07:22.000+0000] {dagbag.py:350} ERROR - Failed to import: /opt/airflow/dags/welcome.py
Traceback (most recent call last):
  File "/home/airflow/.local/lib/python3.11/site-packages/airflow/models/dagbag.py", line 346, in parse
    loader.exec_module(new_module)
  File "<frozen importlib._bootstrap_external>", line 940, in exec_module
  File "<frozen importlib._bootstrap>", line 241, in _call_with_frames_removed
  File "/opt/airflow/dags/welcome.py", line 6, in <module>
    from pyspark.sql import SparkSession
ModuleNotFoundError: No module named 'pyspark'
[2024-03-07T05:07:22.012+0000] {processor.py:842} WARNING - No viable dags retrieved from /opt/airflow/dags/welcome.py
[2024-03-07T05:07:22.085+0000] {processor.py:183} INFO - Processing /opt/airflow/dags/welcome.py took 0.124 seconds
[2024-03-07T05:07:53.468+0000] {processor.py:161} INFO - Started process (PID=125) to work on /opt/airflow/dags/welcome.py
[2024-03-07T05:07:53.470+0000] {processor.py:830} INFO - Processing file /opt/airflow/dags/welcome.py for tasks to queue
[2024-03-07T05:07:53.471+0000] {logging_mixin.py:188} INFO - [2024-03-07T05:07:53.471+0000] {dagbag.py:540} INFO - Filling up the DagBag from /opt/airflow/dags/welcome.py
[2024-03-07T05:07:53.533+0000] {logging_mixin.py:188} INFO - [2024-03-07T05:07:53.523+0000] {dagbag.py:350} ERROR - Failed to import: /opt/airflow/dags/welcome.py
Traceback (most recent call last):
  File "/home/airflow/.local/lib/python3.11/site-packages/airflow/models/dagbag.py", line 346, in parse
    loader.exec_module(new_module)
  File "<frozen importlib._bootstrap_external>", line 940, in exec_module
  File "<frozen importlib._bootstrap>", line 241, in _call_with_frames_removed
  File "/opt/airflow/dags/welcome.py", line 6, in <module>
    from pyspark.sql import SparkSession
ModuleNotFoundError: No module named 'pyspark'
[2024-03-07T05:07:53.537+0000] {processor.py:842} WARNING - No viable dags retrieved from /opt/airflow/dags/welcome.py
[2024-03-07T05:07:53.626+0000] {processor.py:183} INFO - Processing /opt/airflow/dags/welcome.py took 0.162 seconds
[2024-03-07T05:08:23.893+0000] {processor.py:161} INFO - Started process (PID=126) to work on /opt/airflow/dags/welcome.py
[2024-03-07T05:08:23.894+0000] {processor.py:830} INFO - Processing file /opt/airflow/dags/welcome.py for tasks to queue
[2024-03-07T05:08:23.896+0000] {logging_mixin.py:188} INFO - [2024-03-07T05:08:23.895+0000] {dagbag.py:540} INFO - Filling up the DagBag from /opt/airflow/dags/welcome.py
[2024-03-07T05:08:23.948+0000] {logging_mixin.py:188} INFO - [2024-03-07T05:08:23.938+0000] {dagbag.py:350} ERROR - Failed to import: /opt/airflow/dags/welcome.py
Traceback (most recent call last):
  File "/home/airflow/.local/lib/python3.11/site-packages/airflow/models/dagbag.py", line 346, in parse
    loader.exec_module(new_module)
  File "<frozen importlib._bootstrap_external>", line 940, in exec_module
  File "<frozen importlib._bootstrap>", line 241, in _call_with_frames_removed
  File "/opt/airflow/dags/welcome.py", line 6, in <module>
    from pyspark.sql import SparkSession
ModuleNotFoundError: No module named 'pyspark'
[2024-03-07T05:08:23.952+0000] {processor.py:842} WARNING - No viable dags retrieved from /opt/airflow/dags/welcome.py
[2024-03-07T05:08:24.032+0000] {processor.py:183} INFO - Processing /opt/airflow/dags/welcome.py took 0.142 seconds
[2024-03-07T05:08:41.022+0000] {processor.py:161} INFO - Started process (PID=127) to work on /opt/airflow/dags/welcome.py
[2024-03-07T05:08:41.024+0000] {processor.py:830} INFO - Processing file /opt/airflow/dags/welcome.py for tasks to queue
[2024-03-07T05:08:41.025+0000] {logging_mixin.py:188} INFO - [2024-03-07T05:08:41.025+0000] {dagbag.py:540} INFO - Filling up the DagBag from /opt/airflow/dags/welcome.py
[2024-03-07T05:08:41.141+0000] {processor.py:840} INFO - DAG(s) 'welcome_dag' retrieved from /opt/airflow/dags/welcome.py
[2024-03-07T05:08:41.396+0000] {logging_mixin.py:188} INFO - [2024-03-07T05:08:41.395+0000] {dag.py:3047} INFO - Sync 1 DAGs
[2024-03-07T05:08:41.433+0000] {logging_mixin.py:188} INFO - [2024-03-07T05:08:41.432+0000] {dag.py:3834} INFO - Setting next_dagrun for welcome_dag to 2024-03-06 11:00:00+00:00, run_after=2024-03-07 11:00:00+00:00
[2024-03-07T05:08:41.644+0000] {processor.py:183} INFO - Processing /opt/airflow/dags/welcome.py took 0.625 seconds
[2024-03-07T05:09:12.461+0000] {processor.py:161} INFO - Started process (PID=146) to work on /opt/airflow/dags/welcome.py
[2024-03-07T05:09:12.462+0000] {processor.py:830} INFO - Processing file /opt/airflow/dags/welcome.py for tasks to queue
[2024-03-07T05:09:12.463+0000] {logging_mixin.py:188} INFO - [2024-03-07T05:09:12.463+0000] {dagbag.py:540} INFO - Filling up the DagBag from /opt/airflow/dags/welcome.py
[2024-03-07T05:09:12.510+0000] {processor.py:840} INFO - DAG(s) 'welcome_dag' retrieved from /opt/airflow/dags/welcome.py
[2024-03-07T05:09:12.552+0000] {logging_mixin.py:188} INFO - [2024-03-07T05:09:12.552+0000] {dag.py:3047} INFO - Sync 1 DAGs
[2024-03-07T05:09:12.584+0000] {logging_mixin.py:188} INFO - [2024-03-07T05:09:12.584+0000] {dag.py:3834} INFO - Setting next_dagrun for welcome_dag to 2024-03-06 11:00:00+00:00, run_after=2024-03-07 11:00:00+00:00
[2024-03-07T05:09:12.698+0000] {processor.py:183} INFO - Processing /opt/airflow/dags/welcome.py took 0.240 seconds
[2024-03-07T05:09:43.687+0000] {processor.py:161} INFO - Started process (PID=147) to work on /opt/airflow/dags/welcome.py
[2024-03-07T05:09:43.688+0000] {processor.py:830} INFO - Processing file /opt/airflow/dags/welcome.py for tasks to queue
[2024-03-07T05:09:43.689+0000] {logging_mixin.py:188} INFO - [2024-03-07T05:09:43.689+0000] {dagbag.py:540} INFO - Filling up the DagBag from /opt/airflow/dags/welcome.py
[2024-03-07T05:09:43.718+0000] {processor.py:840} INFO - DAG(s) 'welcome_dag' retrieved from /opt/airflow/dags/welcome.py
[2024-03-07T05:09:43.757+0000] {logging_mixin.py:188} INFO - [2024-03-07T05:09:43.757+0000] {dag.py:3047} INFO - Sync 1 DAGs
[2024-03-07T05:09:43.796+0000] {logging_mixin.py:188} INFO - [2024-03-07T05:09:43.796+0000] {dag.py:3834} INFO - Setting next_dagrun for welcome_dag to 2024-03-06 11:00:00+00:00, run_after=2024-03-07 11:00:00+00:00
[2024-03-07T05:09:43.914+0000] {processor.py:183} INFO - Processing /opt/airflow/dags/welcome.py took 0.230 seconds
[2024-03-07T05:10:14.817+0000] {processor.py:161} INFO - Started process (PID=148) to work on /opt/airflow/dags/welcome.py
[2024-03-07T05:10:14.818+0000] {processor.py:830} INFO - Processing file /opt/airflow/dags/welcome.py for tasks to queue
[2024-03-07T05:10:14.819+0000] {logging_mixin.py:188} INFO - [2024-03-07T05:10:14.819+0000] {dagbag.py:540} INFO - Filling up the DagBag from /opt/airflow/dags/welcome.py
[2024-03-07T05:10:14.867+0000] {processor.py:840} INFO - DAG(s) 'welcome_dag' retrieved from /opt/airflow/dags/welcome.py
[2024-03-07T05:10:14.905+0000] {logging_mixin.py:188} INFO - [2024-03-07T05:10:14.905+0000] {dag.py:3047} INFO - Sync 1 DAGs
[2024-03-07T05:10:14.938+0000] {logging_mixin.py:188} INFO - [2024-03-07T05:10:14.937+0000] {dag.py:3834} INFO - Setting next_dagrun for welcome_dag to 2024-03-06 11:00:00+00:00, run_after=2024-03-07 11:00:00+00:00
[2024-03-07T05:10:15.052+0000] {processor.py:183} INFO - Processing /opt/airflow/dags/welcome.py took 0.237 seconds
[2024-03-07T05:10:30.937+0000] {processor.py:161} INFO - Started process (PID=149) to work on /opt/airflow/dags/welcome.py
[2024-03-07T05:10:30.939+0000] {processor.py:830} INFO - Processing file /opt/airflow/dags/welcome.py for tasks to queue
[2024-03-07T05:10:30.943+0000] {logging_mixin.py:188} INFO - [2024-03-07T05:10:30.942+0000] {dagbag.py:540} INFO - Filling up the DagBag from /opt/airflow/dags/welcome.py
[2024-03-07T05:10:31.018+0000] {logging_mixin.py:188} INFO - [2024-03-07T05:10:31.008+0000] {dagbag.py:350} ERROR - Failed to import: /opt/airflow/dags/welcome.py
Traceback (most recent call last):
  File "/home/airflow/.local/lib/python3.11/site-packages/airflow/models/dagbag.py", line 346, in parse
    loader.exec_module(new_module)
  File "<frozen importlib._bootstrap_external>", line 940, in exec_module
  File "<frozen importlib._bootstrap>", line 241, in _call_with_frames_removed
  File "/opt/airflow/dags/welcome.py", line 6, in <module>
    from pyspark.sql import SparkSession
ModuleNotFoundError: No module named 'pyspark'
[2024-03-07T05:10:31.021+0000] {processor.py:842} WARNING - No viable dags retrieved from /opt/airflow/dags/welcome.py
[2024-03-07T05:10:31.129+0000] {processor.py:183} INFO - Processing /opt/airflow/dags/welcome.py took 0.196 seconds
[2024-03-07T05:11:01.416+0000] {processor.py:161} INFO - Started process (PID=150) to work on /opt/airflow/dags/welcome.py
[2024-03-07T05:11:01.417+0000] {processor.py:830} INFO - Processing file /opt/airflow/dags/welcome.py for tasks to queue
[2024-03-07T05:11:01.419+0000] {logging_mixin.py:188} INFO - [2024-03-07T05:11:01.419+0000] {dagbag.py:540} INFO - Filling up the DagBag from /opt/airflow/dags/welcome.py
[2024-03-07T05:11:01.464+0000] {logging_mixin.py:188} INFO - [2024-03-07T05:11:01.452+0000] {dagbag.py:350} ERROR - Failed to import: /opt/airflow/dags/welcome.py
Traceback (most recent call last):
  File "/home/airflow/.local/lib/python3.11/site-packages/airflow/models/dagbag.py", line 346, in parse
    loader.exec_module(new_module)
  File "<frozen importlib._bootstrap_external>", line 940, in exec_module
  File "<frozen importlib._bootstrap>", line 241, in _call_with_frames_removed
  File "/opt/airflow/dags/welcome.py", line 6, in <module>
    from pyspark.sql import SparkSession
ModuleNotFoundError: No module named 'pyspark'
[2024-03-07T05:11:01.468+0000] {processor.py:842} WARNING - No viable dags retrieved from /opt/airflow/dags/welcome.py
[2024-03-07T05:11:01.543+0000] {processor.py:183} INFO - Processing /opt/airflow/dags/welcome.py took 0.130 seconds
[2024-03-07T05:11:31.758+0000] {processor.py:161} INFO - Started process (PID=151) to work on /opt/airflow/dags/welcome.py
[2024-03-07T05:11:31.759+0000] {processor.py:830} INFO - Processing file /opt/airflow/dags/welcome.py for tasks to queue
[2024-03-07T05:11:31.762+0000] {logging_mixin.py:188} INFO - [2024-03-07T05:11:31.761+0000] {dagbag.py:540} INFO - Filling up the DagBag from /opt/airflow/dags/welcome.py
[2024-03-07T05:11:31.845+0000] {logging_mixin.py:188} INFO - [2024-03-07T05:11:31.831+0000] {dagbag.py:350} ERROR - Failed to import: /opt/airflow/dags/welcome.py
Traceback (most recent call last):
  File "/home/airflow/.local/lib/python3.11/site-packages/airflow/models/dagbag.py", line 346, in parse
    loader.exec_module(new_module)
  File "<frozen importlib._bootstrap_external>", line 940, in exec_module
  File "<frozen importlib._bootstrap>", line 241, in _call_with_frames_removed
  File "/opt/airflow/dags/welcome.py", line 6, in <module>
    from pyspark.sql import SparkSession
ModuleNotFoundError: No module named 'pyspark'
[2024-03-07T05:11:31.851+0000] {processor.py:842} WARNING - No viable dags retrieved from /opt/airflow/dags/welcome.py
[2024-03-07T05:11:31.940+0000] {processor.py:183} INFO - Processing /opt/airflow/dags/welcome.py took 0.185 seconds
[2024-03-07T05:12:02.207+0000] {processor.py:161} INFO - Started process (PID=152) to work on /opt/airflow/dags/welcome.py
[2024-03-07T05:12:02.209+0000] {processor.py:830} INFO - Processing file /opt/airflow/dags/welcome.py for tasks to queue
[2024-03-07T05:12:02.210+0000] {logging_mixin.py:188} INFO - [2024-03-07T05:12:02.210+0000] {dagbag.py:540} INFO - Filling up the DagBag from /opt/airflow/dags/welcome.py
[2024-03-07T05:12:02.270+0000] {logging_mixin.py:188} INFO - [2024-03-07T05:12:02.257+0000] {dagbag.py:350} ERROR - Failed to import: /opt/airflow/dags/welcome.py
Traceback (most recent call last):
  File "/home/airflow/.local/lib/python3.11/site-packages/airflow/models/dagbag.py", line 346, in parse
    loader.exec_module(new_module)
  File "<frozen importlib._bootstrap_external>", line 940, in exec_module
  File "<frozen importlib._bootstrap>", line 241, in _call_with_frames_removed
  File "/opt/airflow/dags/welcome.py", line 6, in <module>
    from pyspark.sql import SparkSession
ModuleNotFoundError: No module named 'pyspark'
[2024-03-07T05:12:02.275+0000] {processor.py:842} WARNING - No viable dags retrieved from /opt/airflow/dags/welcome.py
[2024-03-07T05:12:02.345+0000] {processor.py:183} INFO - Processing /opt/airflow/dags/welcome.py took 0.139 seconds
[2024-03-07T05:12:32.921+0000] {processor.py:161} INFO - Started process (PID=153) to work on /opt/airflow/dags/welcome.py
[2024-03-07T05:12:32.923+0000] {processor.py:830} INFO - Processing file /opt/airflow/dags/welcome.py for tasks to queue
[2024-03-07T05:12:32.925+0000] {logging_mixin.py:188} INFO - [2024-03-07T05:12:32.924+0000] {dagbag.py:540} INFO - Filling up the DagBag from /opt/airflow/dags/welcome.py
[2024-03-07T05:12:32.981+0000] {logging_mixin.py:188} INFO - [2024-03-07T05:12:32.970+0000] {dagbag.py:350} ERROR - Failed to import: /opt/airflow/dags/welcome.py
Traceback (most recent call last):
  File "/home/airflow/.local/lib/python3.11/site-packages/airflow/models/dagbag.py", line 346, in parse
    loader.exec_module(new_module)
  File "<frozen importlib._bootstrap_external>", line 940, in exec_module
  File "<frozen importlib._bootstrap>", line 241, in _call_with_frames_removed
  File "/opt/airflow/dags/welcome.py", line 6, in <module>
    from pyspark.sql import SparkSession
ModuleNotFoundError: No module named 'pyspark'
[2024-03-07T05:12:32.987+0000] {processor.py:842} WARNING - No viable dags retrieved from /opt/airflow/dags/welcome.py
[2024-03-07T05:12:33.072+0000] {processor.py:183} INFO - Processing /opt/airflow/dags/welcome.py took 0.154 seconds
[2024-03-07T05:13:03.879+0000] {processor.py:161} INFO - Started process (PID=154) to work on /opt/airflow/dags/welcome.py
[2024-03-07T05:13:03.880+0000] {processor.py:830} INFO - Processing file /opt/airflow/dags/welcome.py for tasks to queue
[2024-03-07T05:13:03.882+0000] {logging_mixin.py:188} INFO - [2024-03-07T05:13:03.882+0000] {dagbag.py:540} INFO - Filling up the DagBag from /opt/airflow/dags/welcome.py
[2024-03-07T05:13:03.941+0000] {logging_mixin.py:188} INFO - [2024-03-07T05:13:03.929+0000] {dagbag.py:350} ERROR - Failed to import: /opt/airflow/dags/welcome.py
Traceback (most recent call last):
  File "/home/airflow/.local/lib/python3.11/site-packages/airflow/models/dagbag.py", line 346, in parse
    loader.exec_module(new_module)
  File "<frozen importlib._bootstrap_external>", line 940, in exec_module
  File "<frozen importlib._bootstrap>", line 241, in _call_with_frames_removed
  File "/opt/airflow/dags/welcome.py", line 6, in <module>
    from pyspark.sql import SparkSession
ModuleNotFoundError: No module named 'pyspark'
[2024-03-07T05:13:03.946+0000] {processor.py:842} WARNING - No viable dags retrieved from /opt/airflow/dags/welcome.py
[2024-03-07T05:13:04.007+0000] {processor.py:183} INFO - Processing /opt/airflow/dags/welcome.py took 0.131 seconds
[2024-03-07T05:13:34.452+0000] {processor.py:161} INFO - Started process (PID=155) to work on /opt/airflow/dags/welcome.py
[2024-03-07T05:13:34.453+0000] {processor.py:830} INFO - Processing file /opt/airflow/dags/welcome.py for tasks to queue
[2024-03-07T05:13:34.454+0000] {logging_mixin.py:188} INFO - [2024-03-07T05:13:34.454+0000] {dagbag.py:540} INFO - Filling up the DagBag from /opt/airflow/dags/welcome.py
[2024-03-07T05:13:34.502+0000] {logging_mixin.py:188} INFO - [2024-03-07T05:13:34.493+0000] {dagbag.py:350} ERROR - Failed to import: /opt/airflow/dags/welcome.py
Traceback (most recent call last):
  File "/home/airflow/.local/lib/python3.11/site-packages/airflow/models/dagbag.py", line 346, in parse
    loader.exec_module(new_module)
  File "<frozen importlib._bootstrap_external>", line 940, in exec_module
  File "<frozen importlib._bootstrap>", line 241, in _call_with_frames_removed
  File "/opt/airflow/dags/welcome.py", line 6, in <module>
    from pyspark.sql import SparkSession
ModuleNotFoundError: No module named 'pyspark'
[2024-03-07T05:13:34.506+0000] {processor.py:842} WARNING - No viable dags retrieved from /opt/airflow/dags/welcome.py
[2024-03-07T05:13:34.569+0000] {processor.py:183} INFO - Processing /opt/airflow/dags/welcome.py took 0.120 seconds
[2024-03-07T05:14:05.041+0000] {processor.py:161} INFO - Started process (PID=156) to work on /opt/airflow/dags/welcome.py
[2024-03-07T05:14:05.043+0000] {processor.py:830} INFO - Processing file /opt/airflow/dags/welcome.py for tasks to queue
[2024-03-07T05:14:05.044+0000] {logging_mixin.py:188} INFO - [2024-03-07T05:14:05.044+0000] {dagbag.py:540} INFO - Filling up the DagBag from /opt/airflow/dags/welcome.py
[2024-03-07T05:14:05.092+0000] {logging_mixin.py:188} INFO - [2024-03-07T05:14:05.080+0000] {dagbag.py:350} ERROR - Failed to import: /opt/airflow/dags/welcome.py
Traceback (most recent call last):
  File "/home/airflow/.local/lib/python3.11/site-packages/airflow/models/dagbag.py", line 346, in parse
    loader.exec_module(new_module)
  File "<frozen importlib._bootstrap_external>", line 940, in exec_module
  File "<frozen importlib._bootstrap>", line 241, in _call_with_frames_removed
  File "/opt/airflow/dags/welcome.py", line 6, in <module>
    from pyspark.sql import SparkSession
ModuleNotFoundError: No module named 'pyspark'
[2024-03-07T05:14:05.097+0000] {processor.py:842} WARNING - No viable dags retrieved from /opt/airflow/dags/welcome.py
[2024-03-07T05:14:05.157+0000] {processor.py:183} INFO - Processing /opt/airflow/dags/welcome.py took 0.118 seconds
[2024-03-07T05:14:35.440+0000] {processor.py:161} INFO - Started process (PID=157) to work on /opt/airflow/dags/welcome.py
[2024-03-07T05:14:35.441+0000] {processor.py:830} INFO - Processing file /opt/airflow/dags/welcome.py for tasks to queue
[2024-03-07T05:14:35.442+0000] {logging_mixin.py:188} INFO - [2024-03-07T05:14:35.442+0000] {dagbag.py:540} INFO - Filling up the DagBag from /opt/airflow/dags/welcome.py
[2024-03-07T05:14:35.465+0000] {logging_mixin.py:188} INFO - [2024-03-07T05:14:35.461+0000] {dagbag.py:350} ERROR - Failed to import: /opt/airflow/dags/welcome.py
Traceback (most recent call last):
  File "/home/airflow/.local/lib/python3.11/site-packages/airflow/models/dagbag.py", line 346, in parse
    loader.exec_module(new_module)
  File "<frozen importlib._bootstrap_external>", line 940, in exec_module
  File "<frozen importlib._bootstrap>", line 241, in _call_with_frames_removed
  File "/opt/airflow/dags/welcome.py", line 6, in <module>
    from pyspark.sql import SparkSession
ModuleNotFoundError: No module named 'pyspark'
[2024-03-07T05:14:35.468+0000] {processor.py:842} WARNING - No viable dags retrieved from /opt/airflow/dags/welcome.py
[2024-03-07T05:14:35.521+0000] {processor.py:183} INFO - Processing /opt/airflow/dags/welcome.py took 0.085 seconds
[2024-03-07T05:15:05.863+0000] {processor.py:161} INFO - Started process (PID=158) to work on /opt/airflow/dags/welcome.py
[2024-03-07T05:15:05.866+0000] {processor.py:830} INFO - Processing file /opt/airflow/dags/welcome.py for tasks to queue
[2024-03-07T05:15:05.868+0000] {logging_mixin.py:188} INFO - [2024-03-07T05:15:05.867+0000] {dagbag.py:540} INFO - Filling up the DagBag from /opt/airflow/dags/welcome.py
[2024-03-07T05:15:05.926+0000] {logging_mixin.py:188} INFO - [2024-03-07T05:15:05.911+0000] {dagbag.py:350} ERROR - Failed to import: /opt/airflow/dags/welcome.py
Traceback (most recent call last):
  File "/home/airflow/.local/lib/python3.11/site-packages/airflow/models/dagbag.py", line 346, in parse
    loader.exec_module(new_module)
  File "<frozen importlib._bootstrap_external>", line 940, in exec_module
  File "<frozen importlib._bootstrap>", line 241, in _call_with_frames_removed
  File "/opt/airflow/dags/welcome.py", line 6, in <module>
    from pyspark.sql import SparkSession
ModuleNotFoundError: No module named 'pyspark'
[2024-03-07T05:15:05.932+0000] {processor.py:842} WARNING - No viable dags retrieved from /opt/airflow/dags/welcome.py
[2024-03-07T05:15:06.020+0000] {processor.py:183} INFO - Processing /opt/airflow/dags/welcome.py took 0.164 seconds
[2024-03-07T05:15:36.424+0000] {processor.py:161} INFO - Started process (PID=159) to work on /opt/airflow/dags/welcome.py
[2024-03-07T05:15:36.426+0000] {processor.py:830} INFO - Processing file /opt/airflow/dags/welcome.py for tasks to queue
[2024-03-07T05:15:36.429+0000] {logging_mixin.py:188} INFO - [2024-03-07T05:15:36.428+0000] {dagbag.py:540} INFO - Filling up the DagBag from /opt/airflow/dags/welcome.py
[2024-03-07T05:15:36.488+0000] {logging_mixin.py:188} INFO - [2024-03-07T05:15:36.473+0000] {dagbag.py:350} ERROR - Failed to import: /opt/airflow/dags/welcome.py
Traceback (most recent call last):
  File "/home/airflow/.local/lib/python3.11/site-packages/airflow/models/dagbag.py", line 346, in parse
    loader.exec_module(new_module)
  File "<frozen importlib._bootstrap_external>", line 940, in exec_module
  File "<frozen importlib._bootstrap>", line 241, in _call_with_frames_removed
  File "/opt/airflow/dags/welcome.py", line 6, in <module>
    from pyspark.sql import SparkSession
ModuleNotFoundError: No module named 'pyspark'
[2024-03-07T05:15:36.492+0000] {processor.py:842} WARNING - No viable dags retrieved from /opt/airflow/dags/welcome.py
[2024-03-07T05:15:36.569+0000] {processor.py:183} INFO - Processing /opt/airflow/dags/welcome.py took 0.147 seconds
[2024-03-07T05:16:06.893+0000] {processor.py:161} INFO - Started process (PID=160) to work on /opt/airflow/dags/welcome.py
[2024-03-07T05:16:06.895+0000] {processor.py:830} INFO - Processing file /opt/airflow/dags/welcome.py for tasks to queue
[2024-03-07T05:16:06.896+0000] {logging_mixin.py:188} INFO - [2024-03-07T05:16:06.896+0000] {dagbag.py:540} INFO - Filling up the DagBag from /opt/airflow/dags/welcome.py
[2024-03-07T05:16:06.944+0000] {logging_mixin.py:188} INFO - [2024-03-07T05:16:06.933+0000] {dagbag.py:350} ERROR - Failed to import: /opt/airflow/dags/welcome.py
Traceback (most recent call last):
  File "/home/airflow/.local/lib/python3.11/site-packages/airflow/models/dagbag.py", line 346, in parse
    loader.exec_module(new_module)
  File "<frozen importlib._bootstrap_external>", line 940, in exec_module
  File "<frozen importlib._bootstrap>", line 241, in _call_with_frames_removed
  File "/opt/airflow/dags/welcome.py", line 6, in <module>
    from pyspark.sql import SparkSession
ModuleNotFoundError: No module named 'pyspark'
[2024-03-07T05:16:06.948+0000] {processor.py:842} WARNING - No viable dags retrieved from /opt/airflow/dags/welcome.py
[2024-03-07T05:16:07.021+0000] {processor.py:183} INFO - Processing /opt/airflow/dags/welcome.py took 0.131 seconds
[2024-03-07T05:16:37.524+0000] {processor.py:161} INFO - Started process (PID=161) to work on /opt/airflow/dags/welcome.py
[2024-03-07T05:16:37.527+0000] {processor.py:830} INFO - Processing file /opt/airflow/dags/welcome.py for tasks to queue
[2024-03-07T05:16:37.529+0000] {logging_mixin.py:188} INFO - [2024-03-07T05:16:37.528+0000] {dagbag.py:540} INFO - Filling up the DagBag from /opt/airflow/dags/welcome.py
[2024-03-07T05:16:37.591+0000] {logging_mixin.py:188} INFO - [2024-03-07T05:16:37.575+0000] {dagbag.py:350} ERROR - Failed to import: /opt/airflow/dags/welcome.py
Traceback (most recent call last):
  File "/home/airflow/.local/lib/python3.11/site-packages/airflow/models/dagbag.py", line 346, in parse
    loader.exec_module(new_module)
  File "<frozen importlib._bootstrap_external>", line 940, in exec_module
  File "<frozen importlib._bootstrap>", line 241, in _call_with_frames_removed
  File "/opt/airflow/dags/welcome.py", line 6, in <module>
    from pyspark.sql import SparkSession
ModuleNotFoundError: No module named 'pyspark'
[2024-03-07T05:16:37.598+0000] {processor.py:842} WARNING - No viable dags retrieved from /opt/airflow/dags/welcome.py
[2024-03-07T05:16:37.701+0000] {processor.py:183} INFO - Processing /opt/airflow/dags/welcome.py took 0.184 seconds
[2024-03-07T05:17:08.235+0000] {processor.py:161} INFO - Started process (PID=162) to work on /opt/airflow/dags/welcome.py
[2024-03-07T05:17:08.236+0000] {processor.py:830} INFO - Processing file /opt/airflow/dags/welcome.py for tasks to queue
[2024-03-07T05:17:08.237+0000] {logging_mixin.py:188} INFO - [2024-03-07T05:17:08.237+0000] {dagbag.py:540} INFO - Filling up the DagBag from /opt/airflow/dags/welcome.py
[2024-03-07T05:17:08.287+0000] {logging_mixin.py:188} INFO - [2024-03-07T05:17:08.272+0000] {dagbag.py:350} ERROR - Failed to import: /opt/airflow/dags/welcome.py
Traceback (most recent call last):
  File "/home/airflow/.local/lib/python3.11/site-packages/airflow/models/dagbag.py", line 346, in parse
    loader.exec_module(new_module)
  File "<frozen importlib._bootstrap_external>", line 940, in exec_module
  File "<frozen importlib._bootstrap>", line 241, in _call_with_frames_removed
  File "/opt/airflow/dags/welcome.py", line 6, in <module>
    from pyspark.sql import SparkSession
ModuleNotFoundError: No module named 'pyspark'
[2024-03-07T05:17:08.292+0000] {processor.py:842} WARNING - No viable dags retrieved from /opt/airflow/dags/welcome.py
[2024-03-07T05:17:08.376+0000] {processor.py:183} INFO - Processing /opt/airflow/dags/welcome.py took 0.145 seconds
[2024-03-07T05:17:38.809+0000] {processor.py:161} INFO - Started process (PID=163) to work on /opt/airflow/dags/welcome.py
[2024-03-07T05:17:38.810+0000] {processor.py:830} INFO - Processing file /opt/airflow/dags/welcome.py for tasks to queue
[2024-03-07T05:17:38.811+0000] {logging_mixin.py:188} INFO - [2024-03-07T05:17:38.811+0000] {dagbag.py:540} INFO - Filling up the DagBag from /opt/airflow/dags/welcome.py
[2024-03-07T05:17:38.856+0000] {logging_mixin.py:188} INFO - [2024-03-07T05:17:38.846+0000] {dagbag.py:350} ERROR - Failed to import: /opt/airflow/dags/welcome.py
Traceback (most recent call last):
  File "/home/airflow/.local/lib/python3.11/site-packages/airflow/models/dagbag.py", line 346, in parse
    loader.exec_module(new_module)
  File "<frozen importlib._bootstrap_external>", line 940, in exec_module
  File "<frozen importlib._bootstrap>", line 241, in _call_with_frames_removed
  File "/opt/airflow/dags/welcome.py", line 6, in <module>
    from pyspark.sql import SparkSession
ModuleNotFoundError: No module named 'pyspark'
[2024-03-07T05:17:38.860+0000] {processor.py:842} WARNING - No viable dags retrieved from /opt/airflow/dags/welcome.py
[2024-03-07T05:17:38.919+0000] {processor.py:183} INFO - Processing /opt/airflow/dags/welcome.py took 0.113 seconds
[2024-03-07T05:18:09.446+0000] {processor.py:161} INFO - Started process (PID=164) to work on /opt/airflow/dags/welcome.py
[2024-03-07T05:18:09.447+0000] {processor.py:830} INFO - Processing file /opt/airflow/dags/welcome.py for tasks to queue
[2024-03-07T05:18:09.449+0000] {logging_mixin.py:188} INFO - [2024-03-07T05:18:09.448+0000] {dagbag.py:540} INFO - Filling up the DagBag from /opt/airflow/dags/welcome.py
[2024-03-07T05:18:09.498+0000] {logging_mixin.py:188} INFO - [2024-03-07T05:18:09.487+0000] {dagbag.py:350} ERROR - Failed to import: /opt/airflow/dags/welcome.py
Traceback (most recent call last):
  File "/home/airflow/.local/lib/python3.11/site-packages/airflow/models/dagbag.py", line 346, in parse
    loader.exec_module(new_module)
  File "<frozen importlib._bootstrap_external>", line 940, in exec_module
  File "<frozen importlib._bootstrap>", line 241, in _call_with_frames_removed
  File "/opt/airflow/dags/welcome.py", line 6, in <module>
    from pyspark.sql import SparkSession
ModuleNotFoundError: No module named 'pyspark'
[2024-03-07T05:18:09.502+0000] {processor.py:842} WARNING - No viable dags retrieved from /opt/airflow/dags/welcome.py
[2024-03-07T05:18:09.567+0000] {processor.py:183} INFO - Processing /opt/airflow/dags/welcome.py took 0.124 seconds
[2024-03-07T05:18:40.044+0000] {processor.py:161} INFO - Started process (PID=165) to work on /opt/airflow/dags/welcome.py
[2024-03-07T05:18:40.045+0000] {processor.py:830} INFO - Processing file /opt/airflow/dags/welcome.py for tasks to queue
[2024-03-07T05:18:40.047+0000] {logging_mixin.py:188} INFO - [2024-03-07T05:18:40.046+0000] {dagbag.py:540} INFO - Filling up the DagBag from /opt/airflow/dags/welcome.py
[2024-03-07T05:18:40.098+0000] {logging_mixin.py:188} INFO - [2024-03-07T05:18:40.087+0000] {dagbag.py:350} ERROR - Failed to import: /opt/airflow/dags/welcome.py
Traceback (most recent call last):
  File "/home/airflow/.local/lib/python3.11/site-packages/airflow/models/dagbag.py", line 346, in parse
    loader.exec_module(new_module)
  File "<frozen importlib._bootstrap_external>", line 940, in exec_module
  File "<frozen importlib._bootstrap>", line 241, in _call_with_frames_removed
  File "/opt/airflow/dags/welcome.py", line 6, in <module>
    from pyspark.sql import SparkSession
ModuleNotFoundError: No module named 'pyspark'
[2024-03-07T05:18:40.102+0000] {processor.py:842} WARNING - No viable dags retrieved from /opt/airflow/dags/welcome.py
[2024-03-07T05:18:40.171+0000] {processor.py:183} INFO - Processing /opt/airflow/dags/welcome.py took 0.130 seconds
[2024-03-07T05:19:10.411+0000] {processor.py:161} INFO - Started process (PID=166) to work on /opt/airflow/dags/welcome.py
[2024-03-07T05:19:10.413+0000] {processor.py:830} INFO - Processing file /opt/airflow/dags/welcome.py for tasks to queue
[2024-03-07T05:19:10.414+0000] {logging_mixin.py:188} INFO - [2024-03-07T05:19:10.414+0000] {dagbag.py:540} INFO - Filling up the DagBag from /opt/airflow/dags/welcome.py
[2024-03-07T05:19:10.465+0000] {logging_mixin.py:188} INFO - [2024-03-07T05:19:10.453+0000] {dagbag.py:350} ERROR - Failed to import: /opt/airflow/dags/welcome.py
Traceback (most recent call last):
  File "/home/airflow/.local/lib/python3.11/site-packages/airflow/models/dagbag.py", line 346, in parse
    loader.exec_module(new_module)
  File "<frozen importlib._bootstrap_external>", line 940, in exec_module
  File "<frozen importlib._bootstrap>", line 241, in _call_with_frames_removed
  File "/opt/airflow/dags/welcome.py", line 6, in <module>
    from pyspark.sql import SparkSession
ModuleNotFoundError: No module named 'pyspark'
[2024-03-07T05:19:10.470+0000] {processor.py:842} WARNING - No viable dags retrieved from /opt/airflow/dags/welcome.py
[2024-03-07T05:19:10.552+0000] {processor.py:183} INFO - Processing /opt/airflow/dags/welcome.py took 0.156 seconds
[2024-03-07T05:19:40.957+0000] {processor.py:161} INFO - Started process (PID=167) to work on /opt/airflow/dags/welcome.py
[2024-03-07T05:19:40.959+0000] {processor.py:830} INFO - Processing file /opt/airflow/dags/welcome.py for tasks to queue
[2024-03-07T05:19:40.961+0000] {logging_mixin.py:188} INFO - [2024-03-07T05:19:40.960+0000] {dagbag.py:540} INFO - Filling up the DagBag from /opt/airflow/dags/welcome.py
[2024-03-07T05:19:40.999+0000] {logging_mixin.py:188} INFO - [2024-03-07T05:19:40.995+0000] {dagbag.py:350} ERROR - Failed to import: /opt/airflow/dags/welcome.py
Traceback (most recent call last):
  File "/home/airflow/.local/lib/python3.11/site-packages/airflow/models/dagbag.py", line 346, in parse
    loader.exec_module(new_module)
  File "<frozen importlib._bootstrap_external>", line 940, in exec_module
  File "<frozen importlib._bootstrap>", line 241, in _call_with_frames_removed
  File "/opt/airflow/dags/welcome.py", line 6, in <module>
    from pyspark.sql import SparkSession
ModuleNotFoundError: No module named 'pyspark'
[2024-03-07T05:19:41.000+0000] {processor.py:842} WARNING - No viable dags retrieved from /opt/airflow/dags/welcome.py
[2024-03-07T05:19:41.075+0000] {processor.py:183} INFO - Processing /opt/airflow/dags/welcome.py took 0.123 seconds
[2024-03-07T05:20:11.514+0000] {processor.py:161} INFO - Started process (PID=168) to work on /opt/airflow/dags/welcome.py
[2024-03-07T05:20:11.515+0000] {processor.py:830} INFO - Processing file /opt/airflow/dags/welcome.py for tasks to queue
[2024-03-07T05:20:11.515+0000] {logging_mixin.py:188} INFO - [2024-03-07T05:20:11.515+0000] {dagbag.py:540} INFO - Filling up the DagBag from /opt/airflow/dags/welcome.py
[2024-03-07T05:20:11.531+0000] {logging_mixin.py:188} INFO - [2024-03-07T05:20:11.527+0000] {dagbag.py:350} ERROR - Failed to import: /opt/airflow/dags/welcome.py
Traceback (most recent call last):
  File "/home/airflow/.local/lib/python3.11/site-packages/airflow/models/dagbag.py", line 346, in parse
    loader.exec_module(new_module)
  File "<frozen importlib._bootstrap_external>", line 940, in exec_module
  File "<frozen importlib._bootstrap>", line 241, in _call_with_frames_removed
  File "/opt/airflow/dags/welcome.py", line 6, in <module>
    from pyspark.sql import SparkSession
ModuleNotFoundError: No module named 'pyspark'
[2024-03-07T05:20:11.533+0000] {processor.py:842} WARNING - No viable dags retrieved from /opt/airflow/dags/welcome.py
[2024-03-07T05:20:11.570+0000] {processor.py:183} INFO - Processing /opt/airflow/dags/welcome.py took 0.059 seconds
[2024-03-07T05:20:41.789+0000] {processor.py:161} INFO - Started process (PID=169) to work on /opt/airflow/dags/welcome.py
[2024-03-07T05:20:41.792+0000] {processor.py:830} INFO - Processing file /opt/airflow/dags/welcome.py for tasks to queue
[2024-03-07T05:20:41.795+0000] {logging_mixin.py:188} INFO - [2024-03-07T05:20:41.793+0000] {dagbag.py:540} INFO - Filling up the DagBag from /opt/airflow/dags/welcome.py
[2024-03-07T05:20:41.863+0000] {logging_mixin.py:188} INFO - [2024-03-07T05:20:41.847+0000] {dagbag.py:350} ERROR - Failed to import: /opt/airflow/dags/welcome.py
Traceback (most recent call last):
  File "/home/airflow/.local/lib/python3.11/site-packages/airflow/models/dagbag.py", line 346, in parse
    loader.exec_module(new_module)
  File "<frozen importlib._bootstrap_external>", line 940, in exec_module
  File "<frozen importlib._bootstrap>", line 241, in _call_with_frames_removed
  File "/opt/airflow/dags/welcome.py", line 6, in <module>
    from pyspark.sql import SparkSession
ModuleNotFoundError: No module named 'pyspark'
[2024-03-07T05:20:41.869+0000] {processor.py:842} WARNING - No viable dags retrieved from /opt/airflow/dags/welcome.py
[2024-03-07T05:20:41.969+0000] {processor.py:183} INFO - Processing /opt/airflow/dags/welcome.py took 0.188 seconds
[2024-03-07T05:20:54.903+0000] {processor.py:161} INFO - Started process (PID=170) to work on /opt/airflow/dags/welcome.py
[2024-03-07T05:20:54.905+0000] {processor.py:830} INFO - Processing file /opt/airflow/dags/welcome.py for tasks to queue
[2024-03-07T05:20:54.907+0000] {logging_mixin.py:188} INFO - [2024-03-07T05:20:54.906+0000] {dagbag.py:540} INFO - Filling up the DagBag from /opt/airflow/dags/welcome.py
[2024-03-07T05:20:54.994+0000] {logging_mixin.py:188} INFO - [2024-03-07T05:20:54.981+0000] {dagbag.py:350} ERROR - Failed to import: /opt/airflow/dags/welcome.py
Traceback (most recent call last):
  File "/home/airflow/.local/lib/python3.11/site-packages/airflow/models/dagbag.py", line 346, in parse
    loader.exec_module(new_module)
  File "<frozen importlib._bootstrap_external>", line 940, in exec_module
  File "<frozen importlib._bootstrap>", line 241, in _call_with_frames_removed
  File "/opt/airflow/dags/welcome.py", line 15, in <module>
    spark = SparkSession.builder \
            ^^^^^^^^^^^^
NameError: name 'SparkSession' is not defined
[2024-03-07T05:20:55.000+0000] {processor.py:842} WARNING - No viable dags retrieved from /opt/airflow/dags/welcome.py
[2024-03-07T05:20:55.071+0000] {processor.py:183} INFO - Processing /opt/airflow/dags/welcome.py took 0.172 seconds
[2024-03-07T05:21:11.591+0000] {processor.py:161} INFO - Started process (PID=171) to work on /opt/airflow/dags/welcome.py
[2024-03-07T05:21:11.593+0000] {processor.py:830} INFO - Processing file /opt/airflow/dags/welcome.py for tasks to queue
[2024-03-07T05:21:11.595+0000] {logging_mixin.py:188} INFO - [2024-03-07T05:21:11.594+0000] {dagbag.py:540} INFO - Filling up the DagBag from /opt/airflow/dags/welcome.py
[2024-03-07T05:21:11.668+0000] {processor.py:840} INFO - DAG(s) 'welcome_dag' retrieved from /opt/airflow/dags/welcome.py
[2024-03-07T05:21:11.818+0000] {logging_mixin.py:188} INFO - [2024-03-07T05:21:11.818+0000] {dag.py:3047} INFO - Sync 1 DAGs
[2024-03-07T05:21:11.851+0000] {logging_mixin.py:188} INFO - [2024-03-07T05:21:11.851+0000] {dag.py:3834} INFO - Setting next_dagrun for welcome_dag to 2024-03-06 11:00:00+00:00, run_after=2024-03-07 11:00:00+00:00
[2024-03-07T05:21:12.000+0000] {processor.py:183} INFO - Processing /opt/airflow/dags/welcome.py took 0.412 seconds
[2024-03-07T05:21:42.373+0000] {processor.py:161} INFO - Started process (PID=180) to work on /opt/airflow/dags/welcome.py
[2024-03-07T05:21:42.375+0000] {processor.py:830} INFO - Processing file /opt/airflow/dags/welcome.py for tasks to queue
[2024-03-07T05:21:42.376+0000] {logging_mixin.py:188} INFO - [2024-03-07T05:21:42.376+0000] {dagbag.py:540} INFO - Filling up the DagBag from /opt/airflow/dags/welcome.py
[2024-03-07T05:21:42.422+0000] {processor.py:840} INFO - DAG(s) 'welcome_dag' retrieved from /opt/airflow/dags/welcome.py
[2024-03-07T05:21:42.464+0000] {logging_mixin.py:188} INFO - [2024-03-07T05:21:42.463+0000] {dag.py:3047} INFO - Sync 1 DAGs
[2024-03-07T05:21:42.498+0000] {logging_mixin.py:188} INFO - [2024-03-07T05:21:42.497+0000] {dag.py:3834} INFO - Setting next_dagrun for welcome_dag to 2024-03-06 11:00:00+00:00, run_after=2024-03-07 11:00:00+00:00
[2024-03-07T05:21:42.612+0000] {processor.py:183} INFO - Processing /opt/airflow/dags/welcome.py took 0.242 seconds
[2024-03-07T05:22:12.773+0000] {processor.py:161} INFO - Started process (PID=189) to work on /opt/airflow/dags/welcome.py
[2024-03-07T05:22:12.775+0000] {processor.py:830} INFO - Processing file /opt/airflow/dags/welcome.py for tasks to queue
[2024-03-07T05:22:12.777+0000] {logging_mixin.py:188} INFO - [2024-03-07T05:22:12.776+0000] {dagbag.py:540} INFO - Filling up the DagBag from /opt/airflow/dags/welcome.py
[2024-03-07T05:22:12.839+0000] {processor.py:840} INFO - DAG(s) 'welcome_dag' retrieved from /opt/airflow/dags/welcome.py
[2024-03-07T05:22:12.880+0000] {logging_mixin.py:188} INFO - [2024-03-07T05:22:12.880+0000] {dag.py:3047} INFO - Sync 1 DAGs
[2024-03-07T05:22:12.922+0000] {logging_mixin.py:188} INFO - [2024-03-07T05:22:12.921+0000] {dag.py:3834} INFO - Setting next_dagrun for welcome_dag to 2024-03-06 11:00:00+00:00, run_after=2024-03-07 11:00:00+00:00
[2024-03-07T05:22:13.067+0000] {processor.py:183} INFO - Processing /opt/airflow/dags/welcome.py took 0.296 seconds
[2024-03-07T05:22:43.392+0000] {processor.py:161} INFO - Started process (PID=198) to work on /opt/airflow/dags/welcome.py
[2024-03-07T05:22:43.393+0000] {processor.py:830} INFO - Processing file /opt/airflow/dags/welcome.py for tasks to queue
[2024-03-07T05:22:43.395+0000] {logging_mixin.py:188} INFO - [2024-03-07T05:22:43.395+0000] {dagbag.py:540} INFO - Filling up the DagBag from /opt/airflow/dags/welcome.py
[2024-03-07T05:22:43.454+0000] {processor.py:840} INFO - DAG(s) 'welcome_dag' retrieved from /opt/airflow/dags/welcome.py
[2024-03-07T05:22:43.501+0000] {logging_mixin.py:188} INFO - [2024-03-07T05:22:43.500+0000] {dag.py:3047} INFO - Sync 1 DAGs
[2024-03-07T05:22:43.547+0000] {logging_mixin.py:188} INFO - [2024-03-07T05:22:43.547+0000] {dag.py:3834} INFO - Setting next_dagrun for welcome_dag to 2024-03-06 11:00:00+00:00, run_after=2024-03-07 11:00:00+00:00
[2024-03-07T05:22:43.686+0000] {processor.py:183} INFO - Processing /opt/airflow/dags/welcome.py took 0.297 seconds
[2024-03-07T05:23:12.670+0000] {processor.py:161} INFO - Started process (PID=199) to work on /opt/airflow/dags/welcome.py
[2024-03-07T05:23:12.671+0000] {processor.py:830} INFO - Processing file /opt/airflow/dags/welcome.py for tasks to queue
[2024-03-07T05:23:12.673+0000] {logging_mixin.py:188} INFO - [2024-03-07T05:23:12.672+0000] {dagbag.py:540} INFO - Filling up the DagBag from /opt/airflow/dags/welcome.py
[2024-03-07T05:23:12.762+0000] {logging_mixin.py:188} INFO - [2024-03-07T05:23:12.749+0000] {dagbag.py:350} ERROR - Failed to import: /opt/airflow/dags/welcome.py
Traceback (most recent call last):
  File "/home/airflow/.local/lib/python3.11/site-packages/airflow/models/dagbag.py", line 346, in parse
    loader.exec_module(new_module)
  File "<frozen importlib._bootstrap_external>", line 940, in exec_module
  File "<frozen importlib._bootstrap>", line 241, in _call_with_frames_removed
  File "/opt/airflow/dags/welcome.py", line 6, in <module>
    from pyspark.sql import SparkSession
ModuleNotFoundError: No module named 'pyspark'
[2024-03-07T05:23:12.769+0000] {processor.py:842} WARNING - No viable dags retrieved from /opt/airflow/dags/welcome.py
[2024-03-07T05:23:12.855+0000] {processor.py:183} INFO - Processing /opt/airflow/dags/welcome.py took 0.188 seconds
[2024-03-07T05:23:20.838+0000] {processor.py:161} INFO - Started process (PID=200) to work on /opt/airflow/dags/welcome.py
[2024-03-07T05:23:20.839+0000] {processor.py:830} INFO - Processing file /opt/airflow/dags/welcome.py for tasks to queue
[2024-03-07T05:23:20.842+0000] {logging_mixin.py:188} INFO - [2024-03-07T05:23:20.842+0000] {dagbag.py:540} INFO - Filling up the DagBag from /opt/airflow/dags/welcome.py
[2024-03-07T05:23:21.348+0000] {processor.py:840} INFO - DAG(s) 'welcome_dag' retrieved from /opt/airflow/dags/welcome.py
[2024-03-07T05:23:21.379+0000] {logging_mixin.py:188} INFO - [2024-03-07T05:23:21.378+0000] {dag.py:3047} INFO - Sync 1 DAGs
[2024-03-07T05:23:21.408+0000] {logging_mixin.py:188} INFO - [2024-03-07T05:23:21.407+0000] {dag.py:3834} INFO - Setting next_dagrun for welcome_dag to 2024-03-06 11:00:00+00:00, run_after=2024-03-07 11:00:00+00:00
[2024-03-07T05:23:21.543+0000] {processor.py:183} INFO - Processing /opt/airflow/dags/welcome.py took 0.709 seconds
[2024-03-07T05:23:52.316+0000] {processor.py:161} INFO - Started process (PID=220) to work on /opt/airflow/dags/welcome.py
[2024-03-07T05:23:52.318+0000] {processor.py:830} INFO - Processing file /opt/airflow/dags/welcome.py for tasks to queue
[2024-03-07T05:23:52.319+0000] {logging_mixin.py:188} INFO - [2024-03-07T05:23:52.319+0000] {dagbag.py:540} INFO - Filling up the DagBag from /opt/airflow/dags/welcome.py
[2024-03-07T05:23:52.622+0000] {processor.py:840} INFO - DAG(s) 'welcome_dag' retrieved from /opt/airflow/dags/welcome.py
[2024-03-07T05:23:52.655+0000] {logging_mixin.py:188} INFO - [2024-03-07T05:23:52.654+0000] {dag.py:3047} INFO - Sync 1 DAGs
[2024-03-07T05:23:52.698+0000] {logging_mixin.py:188} INFO - [2024-03-07T05:23:52.697+0000] {dag.py:3834} INFO - Setting next_dagrun for welcome_dag to 2024-03-06 11:00:00+00:00, run_after=2024-03-07 11:00:00+00:00
[2024-03-07T05:23:52.827+0000] {processor.py:183} INFO - Processing /opt/airflow/dags/welcome.py took 0.514 seconds
[2024-03-07T05:24:23.788+0000] {processor.py:161} INFO - Started process (PID=222) to work on /opt/airflow/dags/welcome.py
[2024-03-07T05:24:23.789+0000] {processor.py:830} INFO - Processing file /opt/airflow/dags/welcome.py for tasks to queue
[2024-03-07T05:24:23.790+0000] {logging_mixin.py:188} INFO - [2024-03-07T05:24:23.790+0000] {dagbag.py:540} INFO - Filling up the DagBag from /opt/airflow/dags/welcome.py
[2024-03-07T05:24:24.145+0000] {processor.py:840} INFO - DAG(s) 'welcome_dag' retrieved from /opt/airflow/dags/welcome.py
[2024-03-07T05:24:24.324+0000] {logging_mixin.py:188} INFO - [2024-03-07T05:24:24.323+0000] {dag.py:3047} INFO - Sync 1 DAGs
[2024-03-07T05:24:24.339+0000] {logging_mixin.py:188} INFO - [2024-03-07T05:24:24.338+0000] {dag.py:3069} INFO - Creating ORM DAG for welcome_dag
[2024-03-07T05:24:24.355+0000] {logging_mixin.py:188} INFO - [2024-03-07T05:24:24.355+0000] {dag.py:3834} INFO - Setting next_dagrun for welcome_dag to 2024-03-06 11:00:00+00:00, run_after=2024-03-07 11:00:00+00:00
[2024-03-07T05:24:24.497+0000] {processor.py:183} INFO - Processing /opt/airflow/dags/welcome.py took 0.711 seconds
[2024-03-07T05:24:25.812+0000] {processor.py:161} INFO - Started process (PID=224) to work on /opt/airflow/dags/welcome.py
[2024-03-07T05:24:25.814+0000] {processor.py:830} INFO - Processing file /opt/airflow/dags/welcome.py for tasks to queue
[2024-03-07T05:24:25.815+0000] {logging_mixin.py:188} INFO - [2024-03-07T05:24:25.815+0000] {dagbag.py:540} INFO - Filling up the DagBag from /opt/airflow/dags/welcome.py
[2024-03-07T05:24:26.286+0000] {processor.py:840} INFO - DAG(s) 'welcome_dag' retrieved from /opt/airflow/dags/welcome.py
[2024-03-07T05:24:26.308+0000] {logging_mixin.py:188} INFO - [2024-03-07T05:24:26.308+0000] {dag.py:3047} INFO - Sync 1 DAGs
[2024-03-07T05:24:26.339+0000] {logging_mixin.py:188} INFO - [2024-03-07T05:24:26.339+0000] {dag.py:3834} INFO - Setting next_dagrun for welcome_dag to 2024-03-06 11:00:00+00:00, run_after=2024-03-07 11:00:00+00:00
[2024-03-07T05:24:26.463+0000] {processor.py:183} INFO - Processing /opt/airflow/dags/welcome.py took 0.654 seconds
