[2024-03-06T14:10:37.946+0000] {processor.py:161} INFO - Started process (PID=71) to work on /opt/airflow/dags/welcome.py
[2024-03-06T14:10:37.947+0000] {processor.py:830} INFO - Processing file /opt/airflow/dags/welcome.py for tasks to queue
[2024-03-06T14:10:37.949+0000] {logging_mixin.py:188} INFO - [2024-03-06T14:10:37.948+0000] {dagbag.py:540} INFO - Filling up the DagBag from /opt/airflow/dags/welcome.py
[2024-03-06T14:10:37.999+0000] {processor.py:840} INFO - DAG(s) 'welcome_dag' retrieved from /opt/airflow/dags/welcome.py
[2024-03-06T14:10:38.291+0000] {logging_mixin.py:188} INFO - [2024-03-06T14:10:38.291+0000] {override.py:1769} INFO - Created Permission View: can read on DAG:welcome_dag
[2024-03-06T14:10:38.332+0000] {logging_mixin.py:188} INFO - [2024-03-06T14:10:38.331+0000] {override.py:1769} INFO - Created Permission View: can delete on DAG:welcome_dag
[2024-03-06T14:10:38.373+0000] {logging_mixin.py:188} INFO - [2024-03-06T14:10:38.372+0000] {override.py:1769} INFO - Created Permission View: can edit on DAG:welcome_dag
[2024-03-06T14:10:38.374+0000] {logging_mixin.py:188} INFO - [2024-03-06T14:10:38.374+0000] {dag.py:3047} INFO - Sync 1 DAGs
[2024-03-06T14:10:38.393+0000] {logging_mixin.py:188} INFO - [2024-03-06T14:10:38.393+0000] {dag.py:3069} INFO - Creating ORM DAG for welcome_dag
[2024-03-06T14:10:38.403+0000] {logging_mixin.py:188} INFO - [2024-03-06T14:10:38.402+0000] {dag.py:3834} INFO - Setting next_dagrun for welcome_dag to 2024-03-05 23:00:00+00:00, run_after=2024-03-06 23:00:00+00:00
[2024-03-06T14:10:38.470+0000] {processor.py:183} INFO - Processing /opt/airflow/dags/welcome.py took 0.526 seconds
[2024-03-06T14:11:08.713+0000] {processor.py:161} INFO - Started process (PID=72) to work on /opt/airflow/dags/welcome.py
[2024-03-06T14:11:08.714+0000] {processor.py:830} INFO - Processing file /opt/airflow/dags/welcome.py for tasks to queue
[2024-03-06T14:11:08.715+0000] {logging_mixin.py:188} INFO - [2024-03-06T14:11:08.715+0000] {dagbag.py:540} INFO - Filling up the DagBag from /opt/airflow/dags/welcome.py
[2024-03-06T14:11:08.740+0000] {processor.py:840} INFO - DAG(s) 'welcome_dag' retrieved from /opt/airflow/dags/welcome.py
[2024-03-06T14:11:08.770+0000] {logging_mixin.py:188} INFO - [2024-03-06T14:11:08.770+0000] {dag.py:3047} INFO - Sync 1 DAGs
[2024-03-06T14:11:08.911+0000] {logging_mixin.py:188} INFO - [2024-03-06T14:11:08.911+0000] {dag.py:3834} INFO - Setting next_dagrun for welcome_dag to 2024-03-05 23:00:00+00:00, run_after=2024-03-06 23:00:00+00:00
[2024-03-06T14:11:09.002+0000] {processor.py:183} INFO - Processing /opt/airflow/dags/welcome.py took 0.291 seconds
[2024-03-06T14:11:39.828+0000] {processor.py:161} INFO - Started process (PID=73) to work on /opt/airflow/dags/welcome.py
[2024-03-06T14:11:39.830+0000] {processor.py:830} INFO - Processing file /opt/airflow/dags/welcome.py for tasks to queue
[2024-03-06T14:11:39.831+0000] {logging_mixin.py:188} INFO - [2024-03-06T14:11:39.831+0000] {dagbag.py:540} INFO - Filling up the DagBag from /opt/airflow/dags/welcome.py
[2024-03-06T14:11:39.862+0000] {processor.py:840} INFO - DAG(s) 'welcome_dag' retrieved from /opt/airflow/dags/welcome.py
[2024-03-06T14:11:40.047+0000] {logging_mixin.py:188} INFO - [2024-03-06T14:11:40.047+0000] {dag.py:3047} INFO - Sync 1 DAGs
[2024-03-06T14:11:40.086+0000] {logging_mixin.py:188} INFO - [2024-03-06T14:11:40.086+0000] {dag.py:3834} INFO - Setting next_dagrun for welcome_dag to 2024-03-05 23:00:00+00:00, run_after=2024-03-06 23:00:00+00:00
[2024-03-06T14:11:40.179+0000] {processor.py:183} INFO - Processing /opt/airflow/dags/welcome.py took 0.353 seconds
[2024-03-06T14:12:10.484+0000] {processor.py:161} INFO - Started process (PID=74) to work on /opt/airflow/dags/welcome.py
[2024-03-06T14:12:10.485+0000] {processor.py:830} INFO - Processing file /opt/airflow/dags/welcome.py for tasks to queue
[2024-03-06T14:12:10.487+0000] {logging_mixin.py:188} INFO - [2024-03-06T14:12:10.486+0000] {dagbag.py:540} INFO - Filling up the DagBag from /opt/airflow/dags/welcome.py
[2024-03-06T14:12:10.518+0000] {processor.py:840} INFO - DAG(s) 'welcome_dag' retrieved from /opt/airflow/dags/welcome.py
[2024-03-06T14:12:10.666+0000] {logging_mixin.py:188} INFO - [2024-03-06T14:12:10.666+0000] {dag.py:3047} INFO - Sync 1 DAGs
[2024-03-06T14:12:10.698+0000] {logging_mixin.py:188} INFO - [2024-03-06T14:12:10.698+0000] {dag.py:3834} INFO - Setting next_dagrun for welcome_dag to 2024-03-05 23:00:00+00:00, run_after=2024-03-06 23:00:00+00:00
[2024-03-06T14:12:10.789+0000] {processor.py:183} INFO - Processing /opt/airflow/dags/welcome.py took 0.309 seconds
[2024-03-06T14:12:41.089+0000] {processor.py:161} INFO - Started process (PID=75) to work on /opt/airflow/dags/welcome.py
[2024-03-06T14:12:41.090+0000] {processor.py:830} INFO - Processing file /opt/airflow/dags/welcome.py for tasks to queue
[2024-03-06T14:12:41.091+0000] {logging_mixin.py:188} INFO - [2024-03-06T14:12:41.090+0000] {dagbag.py:540} INFO - Filling up the DagBag from /opt/airflow/dags/welcome.py
[2024-03-06T14:12:41.223+0000] {processor.py:840} INFO - DAG(s) 'welcome_dag' retrieved from /opt/airflow/dags/welcome.py
[2024-03-06T14:12:41.247+0000] {logging_mixin.py:188} INFO - [2024-03-06T14:12:41.247+0000] {dag.py:3047} INFO - Sync 1 DAGs
[2024-03-06T14:12:41.272+0000] {logging_mixin.py:188} INFO - [2024-03-06T14:12:41.272+0000] {dag.py:3834} INFO - Setting next_dagrun for welcome_dag to 2024-03-05 23:00:00+00:00, run_after=2024-03-06 23:00:00+00:00
[2024-03-06T14:12:41.337+0000] {processor.py:183} INFO - Processing /opt/airflow/dags/welcome.py took 0.250 seconds
[2024-03-06T14:13:11.609+0000] {processor.py:161} INFO - Started process (PID=76) to work on /opt/airflow/dags/welcome.py
[2024-03-06T14:13:11.610+0000] {processor.py:830} INFO - Processing file /opt/airflow/dags/welcome.py for tasks to queue
[2024-03-06T14:13:11.612+0000] {logging_mixin.py:188} INFO - [2024-03-06T14:13:11.611+0000] {dagbag.py:540} INFO - Filling up the DagBag from /opt/airflow/dags/welcome.py
[2024-03-06T14:13:11.647+0000] {processor.py:840} INFO - DAG(s) 'welcome_dag' retrieved from /opt/airflow/dags/welcome.py
[2024-03-06T14:13:11.679+0000] {logging_mixin.py:188} INFO - [2024-03-06T14:13:11.679+0000] {dag.py:3047} INFO - Sync 1 DAGs
[2024-03-06T14:13:11.710+0000] {logging_mixin.py:188} INFO - [2024-03-06T14:13:11.710+0000] {dag.py:3834} INFO - Setting next_dagrun for welcome_dag to 2024-03-05 23:00:00+00:00, run_after=2024-03-06 23:00:00+00:00
[2024-03-06T14:13:11.829+0000] {processor.py:183} INFO - Processing /opt/airflow/dags/welcome.py took 0.223 seconds
[2024-03-06T14:13:44.982+0000] {processor.py:161} INFO - Started process (PID=104) to work on /opt/airflow/dags/welcome.py
[2024-03-06T14:13:44.983+0000] {processor.py:830} INFO - Processing file /opt/airflow/dags/welcome.py for tasks to queue
[2024-03-06T14:13:44.985+0000] {logging_mixin.py:188} INFO - [2024-03-06T14:13:44.984+0000] {dagbag.py:540} INFO - Filling up the DagBag from /opt/airflow/dags/welcome.py
[2024-03-06T14:13:45.013+0000] {processor.py:840} INFO - DAG(s) 'welcome_dag' retrieved from /opt/airflow/dags/welcome.py
[2024-03-06T14:13:45.045+0000] {logging_mixin.py:188} INFO - [2024-03-06T14:13:45.045+0000] {dag.py:3047} INFO - Sync 1 DAGs
[2024-03-06T14:13:45.075+0000] {logging_mixin.py:188} INFO - [2024-03-06T14:13:45.075+0000] {dag.py:3834} INFO - Setting next_dagrun for welcome_dag to 2024-03-05 23:00:00+00:00, run_after=2024-03-06 23:00:00+00:00
[2024-03-06T14:13:45.161+0000] {processor.py:183} INFO - Processing /opt/airflow/dags/welcome.py took 0.181 seconds
[2024-03-06T14:14:15.257+0000] {processor.py:161} INFO - Started process (PID=105) to work on /opt/airflow/dags/welcome.py
[2024-03-06T14:14:15.260+0000] {processor.py:830} INFO - Processing file /opt/airflow/dags/welcome.py for tasks to queue
[2024-03-06T14:14:15.269+0000] {logging_mixin.py:188} INFO - [2024-03-06T14:14:15.268+0000] {dagbag.py:540} INFO - Filling up the DagBag from /opt/airflow/dags/welcome.py
[2024-03-06T14:14:15.318+0000] {processor.py:840} INFO - DAG(s) 'welcome_dag' retrieved from /opt/airflow/dags/welcome.py
[2024-03-06T14:14:15.389+0000] {logging_mixin.py:188} INFO - [2024-03-06T14:14:15.389+0000] {dag.py:3047} INFO - Sync 1 DAGs
[2024-03-06T14:14:15.432+0000] {logging_mixin.py:188} INFO - [2024-03-06T14:14:15.432+0000] {dag.py:3834} INFO - Setting next_dagrun for welcome_dag to 2024-03-05 23:00:00+00:00, run_after=2024-03-06 23:00:00+00:00
[2024-03-06T14:14:15.522+0000] {processor.py:183} INFO - Processing /opt/airflow/dags/welcome.py took 0.271 seconds
[2024-03-06T14:14:45.905+0000] {processor.py:161} INFO - Started process (PID=106) to work on /opt/airflow/dags/welcome.py
[2024-03-06T14:14:45.906+0000] {processor.py:830} INFO - Processing file /opt/airflow/dags/welcome.py for tasks to queue
[2024-03-06T14:14:45.908+0000] {logging_mixin.py:188} INFO - [2024-03-06T14:14:45.907+0000] {dagbag.py:540} INFO - Filling up the DagBag from /opt/airflow/dags/welcome.py
[2024-03-06T14:14:45.940+0000] {processor.py:840} INFO - DAG(s) 'welcome_dag' retrieved from /opt/airflow/dags/welcome.py
[2024-03-06T14:14:45.980+0000] {logging_mixin.py:188} INFO - [2024-03-06T14:14:45.979+0000] {dag.py:3047} INFO - Sync 1 DAGs
[2024-03-06T14:14:46.011+0000] {logging_mixin.py:188} INFO - [2024-03-06T14:14:46.011+0000] {dag.py:3834} INFO - Setting next_dagrun for welcome_dag to 2024-03-05 23:00:00+00:00, run_after=2024-03-06 23:00:00+00:00
[2024-03-06T14:14:46.099+0000] {processor.py:183} INFO - Processing /opt/airflow/dags/welcome.py took 0.197 seconds
[2024-03-06T14:15:16.467+0000] {processor.py:161} INFO - Started process (PID=107) to work on /opt/airflow/dags/welcome.py
[2024-03-06T14:15:16.468+0000] {processor.py:830} INFO - Processing file /opt/airflow/dags/welcome.py for tasks to queue
[2024-03-06T14:15:16.470+0000] {logging_mixin.py:188} INFO - [2024-03-06T14:15:16.469+0000] {dagbag.py:540} INFO - Filling up the DagBag from /opt/airflow/dags/welcome.py
[2024-03-06T14:15:16.502+0000] {processor.py:840} INFO - DAG(s) 'welcome_dag' retrieved from /opt/airflow/dags/welcome.py
[2024-03-06T14:15:16.540+0000] {logging_mixin.py:188} INFO - [2024-03-06T14:15:16.540+0000] {dag.py:3047} INFO - Sync 1 DAGs
[2024-03-06T14:15:16.574+0000] {logging_mixin.py:188} INFO - [2024-03-06T14:15:16.574+0000] {dag.py:3834} INFO - Setting next_dagrun for welcome_dag to 2024-03-05 23:00:00+00:00, run_after=2024-03-06 23:00:00+00:00
[2024-03-06T14:15:16.661+0000] {processor.py:183} INFO - Processing /opt/airflow/dags/welcome.py took 0.199 seconds
[2024-03-06T14:15:47.021+0000] {processor.py:161} INFO - Started process (PID=108) to work on /opt/airflow/dags/welcome.py
[2024-03-06T14:15:47.022+0000] {processor.py:830} INFO - Processing file /opt/airflow/dags/welcome.py for tasks to queue
[2024-03-06T14:15:47.024+0000] {logging_mixin.py:188} INFO - [2024-03-06T14:15:47.023+0000] {dagbag.py:540} INFO - Filling up the DagBag from /opt/airflow/dags/welcome.py
[2024-03-06T14:15:47.053+0000] {processor.py:840} INFO - DAG(s) 'welcome_dag' retrieved from /opt/airflow/dags/welcome.py
[2024-03-06T14:15:47.087+0000] {logging_mixin.py:188} INFO - [2024-03-06T14:15:47.086+0000] {dag.py:3047} INFO - Sync 1 DAGs
[2024-03-06T14:15:47.118+0000] {logging_mixin.py:188} INFO - [2024-03-06T14:15:47.118+0000] {dag.py:3834} INFO - Setting next_dagrun for welcome_dag to 2024-03-05 23:00:00+00:00, run_after=2024-03-06 23:00:00+00:00
[2024-03-06T14:15:47.205+0000] {processor.py:183} INFO - Processing /opt/airflow/dags/welcome.py took 0.186 seconds
[2024-03-06T14:16:17.541+0000] {processor.py:161} INFO - Started process (PID=109) to work on /opt/airflow/dags/welcome.py
[2024-03-06T14:16:17.542+0000] {processor.py:830} INFO - Processing file /opt/airflow/dags/welcome.py for tasks to queue
[2024-03-06T14:16:17.543+0000] {logging_mixin.py:188} INFO - [2024-03-06T14:16:17.543+0000] {dagbag.py:540} INFO - Filling up the DagBag from /opt/airflow/dags/welcome.py
[2024-03-06T14:16:17.580+0000] {processor.py:840} INFO - DAG(s) 'welcome_dag' retrieved from /opt/airflow/dags/welcome.py
[2024-03-06T14:16:17.615+0000] {logging_mixin.py:188} INFO - [2024-03-06T14:16:17.614+0000] {dag.py:3047} INFO - Sync 1 DAGs
[2024-03-06T14:16:17.650+0000] {logging_mixin.py:188} INFO - [2024-03-06T14:16:17.650+0000] {dag.py:3834} INFO - Setting next_dagrun for welcome_dag to 2024-03-05 23:00:00+00:00, run_after=2024-03-06 23:00:00+00:00
[2024-03-06T14:16:17.729+0000] {processor.py:183} INFO - Processing /opt/airflow/dags/welcome.py took 0.191 seconds
[2024-03-06T14:16:48.082+0000] {processor.py:161} INFO - Started process (PID=110) to work on /opt/airflow/dags/welcome.py
[2024-03-06T14:16:48.084+0000] {processor.py:830} INFO - Processing file /opt/airflow/dags/welcome.py for tasks to queue
[2024-03-06T14:16:48.085+0000] {logging_mixin.py:188} INFO - [2024-03-06T14:16:48.084+0000] {dagbag.py:540} INFO - Filling up the DagBag from /opt/airflow/dags/welcome.py
[2024-03-06T14:16:48.113+0000] {processor.py:840} INFO - DAG(s) 'welcome_dag' retrieved from /opt/airflow/dags/welcome.py
[2024-03-06T14:16:48.141+0000] {logging_mixin.py:188} INFO - [2024-03-06T14:16:48.141+0000] {dag.py:3047} INFO - Sync 1 DAGs
[2024-03-06T14:16:48.167+0000] {logging_mixin.py:188} INFO - [2024-03-06T14:16:48.166+0000] {dag.py:3834} INFO - Setting next_dagrun for welcome_dag to 2024-03-05 23:00:00+00:00, run_after=2024-03-06 23:00:00+00:00
[2024-03-06T14:16:48.233+0000] {processor.py:183} INFO - Processing /opt/airflow/dags/welcome.py took 0.153 seconds
[2024-03-06T14:17:18.460+0000] {processor.py:161} INFO - Started process (PID=111) to work on /opt/airflow/dags/welcome.py
[2024-03-06T14:17:18.461+0000] {processor.py:830} INFO - Processing file /opt/airflow/dags/welcome.py for tasks to queue
[2024-03-06T14:17:18.462+0000] {logging_mixin.py:188} INFO - [2024-03-06T14:17:18.462+0000] {dagbag.py:540} INFO - Filling up the DagBag from /opt/airflow/dags/welcome.py
[2024-03-06T14:17:18.488+0000] {processor.py:840} INFO - DAG(s) 'welcome_dag' retrieved from /opt/airflow/dags/welcome.py
[2024-03-06T14:17:18.518+0000] {logging_mixin.py:188} INFO - [2024-03-06T14:17:18.518+0000] {dag.py:3047} INFO - Sync 1 DAGs
[2024-03-06T14:17:18.540+0000] {logging_mixin.py:188} INFO - [2024-03-06T14:17:18.540+0000] {dag.py:3834} INFO - Setting next_dagrun for welcome_dag to 2024-03-05 23:00:00+00:00, run_after=2024-03-06 23:00:00+00:00
[2024-03-06T14:17:18.616+0000] {processor.py:183} INFO - Processing /opt/airflow/dags/welcome.py took 0.158 seconds
[2024-03-06T14:17:26.492+0000] {processor.py:161} INFO - Started process (PID=112) to work on /opt/airflow/dags/welcome.py
[2024-03-06T14:17:26.493+0000] {processor.py:830} INFO - Processing file /opt/airflow/dags/welcome.py for tasks to queue
[2024-03-06T14:17:26.494+0000] {logging_mixin.py:188} INFO - [2024-03-06T14:17:26.494+0000] {dagbag.py:540} INFO - Filling up the DagBag from /opt/airflow/dags/welcome.py
[2024-03-06T14:17:26.534+0000] {processor.py:840} INFO - DAG(s) 'welcome_dag' retrieved from /opt/airflow/dags/welcome.py
[2024-03-06T14:17:26.575+0000] {logging_mixin.py:188} INFO - [2024-03-06T14:17:26.574+0000] {dag.py:3047} INFO - Sync 1 DAGs
[2024-03-06T14:17:26.601+0000] {logging_mixin.py:188} INFO - [2024-03-06T14:17:26.601+0000] {dag.py:3834} INFO - Setting next_dagrun for welcome_dag to 2024-03-05 23:00:00+00:00, run_after=2024-03-06 23:00:00+00:00
[2024-03-06T14:17:26.676+0000] {processor.py:183} INFO - Processing /opt/airflow/dags/welcome.py took 0.187 seconds
[2024-03-06T14:17:57.018+0000] {processor.py:161} INFO - Started process (PID=113) to work on /opt/airflow/dags/welcome.py
[2024-03-06T14:17:57.020+0000] {processor.py:830} INFO - Processing file /opt/airflow/dags/welcome.py for tasks to queue
[2024-03-06T14:17:57.023+0000] {logging_mixin.py:188} INFO - [2024-03-06T14:17:57.022+0000] {dagbag.py:540} INFO - Filling up the DagBag from /opt/airflow/dags/welcome.py
[2024-03-06T14:17:57.061+0000] {processor.py:840} INFO - DAG(s) 'welcome_dag' retrieved from /opt/airflow/dags/welcome.py
[2024-03-06T14:17:57.093+0000] {logging_mixin.py:188} INFO - [2024-03-06T14:17:57.093+0000] {dag.py:3047} INFO - Sync 1 DAGs
[2024-03-06T14:17:57.124+0000] {logging_mixin.py:188} INFO - [2024-03-06T14:17:57.124+0000] {dag.py:3834} INFO - Setting next_dagrun for welcome_dag to 2024-03-05 23:00:00+00:00, run_after=2024-03-06 23:00:00+00:00
[2024-03-06T14:17:57.205+0000] {processor.py:183} INFO - Processing /opt/airflow/dags/welcome.py took 0.190 seconds
[2024-03-06T14:18:27.979+0000] {processor.py:161} INFO - Started process (PID=114) to work on /opt/airflow/dags/welcome.py
[2024-03-06T14:18:27.980+0000] {processor.py:830} INFO - Processing file /opt/airflow/dags/welcome.py for tasks to queue
[2024-03-06T14:18:27.982+0000] {logging_mixin.py:188} INFO - [2024-03-06T14:18:27.981+0000] {dagbag.py:540} INFO - Filling up the DagBag from /opt/airflow/dags/welcome.py
[2024-03-06T14:18:28.025+0000] {processor.py:840} INFO - DAG(s) 'welcome_dag' retrieved from /opt/airflow/dags/welcome.py
[2024-03-06T14:18:28.064+0000] {logging_mixin.py:188} INFO - [2024-03-06T14:18:28.063+0000] {dag.py:3047} INFO - Sync 1 DAGs
[2024-03-06T14:18:28.096+0000] {logging_mixin.py:188} INFO - [2024-03-06T14:18:28.095+0000] {dag.py:3834} INFO - Setting next_dagrun for welcome_dag to 2024-03-05 23:00:00+00:00, run_after=2024-03-06 23:00:00+00:00
[2024-03-06T14:18:28.168+0000] {processor.py:183} INFO - Processing /opt/airflow/dags/welcome.py took 0.193 seconds
[2024-03-06T14:18:58.823+0000] {processor.py:161} INFO - Started process (PID=115) to work on /opt/airflow/dags/welcome.py
[2024-03-06T14:18:58.824+0000] {processor.py:830} INFO - Processing file /opt/airflow/dags/welcome.py for tasks to queue
[2024-03-06T14:18:58.825+0000] {logging_mixin.py:188} INFO - [2024-03-06T14:18:58.825+0000] {dagbag.py:540} INFO - Filling up the DagBag from /opt/airflow/dags/welcome.py
[2024-03-06T14:18:58.853+0000] {processor.py:840} INFO - DAG(s) 'welcome_dag' retrieved from /opt/airflow/dags/welcome.py
[2024-03-06T14:18:58.897+0000] {logging_mixin.py:188} INFO - [2024-03-06T14:18:58.896+0000] {dag.py:3047} INFO - Sync 1 DAGs
[2024-03-06T14:18:58.936+0000] {logging_mixin.py:188} INFO - [2024-03-06T14:18:58.936+0000] {dag.py:3834} INFO - Setting next_dagrun for welcome_dag to 2024-03-05 23:00:00+00:00, run_after=2024-03-06 23:00:00+00:00
[2024-03-06T14:18:59.021+0000] {processor.py:183} INFO - Processing /opt/airflow/dags/welcome.py took 0.200 seconds
[2024-03-06T14:19:29.553+0000] {processor.py:161} INFO - Started process (PID=116) to work on /opt/airflow/dags/welcome.py
[2024-03-06T14:19:29.555+0000] {processor.py:830} INFO - Processing file /opt/airflow/dags/welcome.py for tasks to queue
[2024-03-06T14:19:29.556+0000] {logging_mixin.py:188} INFO - [2024-03-06T14:19:29.555+0000] {dagbag.py:540} INFO - Filling up the DagBag from /opt/airflow/dags/welcome.py
[2024-03-06T14:19:29.581+0000] {processor.py:840} INFO - DAG(s) 'welcome_dag' retrieved from /opt/airflow/dags/welcome.py
[2024-03-06T14:19:29.608+0000] {logging_mixin.py:188} INFO - [2024-03-06T14:19:29.608+0000] {dag.py:3047} INFO - Sync 1 DAGs
[2024-03-06T14:19:29.635+0000] {logging_mixin.py:188} INFO - [2024-03-06T14:19:29.635+0000] {dag.py:3834} INFO - Setting next_dagrun for welcome_dag to 2024-03-05 23:00:00+00:00, run_after=2024-03-06 23:00:00+00:00
[2024-03-06T14:19:29.705+0000] {processor.py:183} INFO - Processing /opt/airflow/dags/welcome.py took 0.153 seconds
[2024-03-06T14:20:00.422+0000] {processor.py:161} INFO - Started process (PID=117) to work on /opt/airflow/dags/welcome.py
[2024-03-06T14:20:00.423+0000] {processor.py:830} INFO - Processing file /opt/airflow/dags/welcome.py for tasks to queue
[2024-03-06T14:20:00.425+0000] {logging_mixin.py:188} INFO - [2024-03-06T14:20:00.424+0000] {dagbag.py:540} INFO - Filling up the DagBag from /opt/airflow/dags/welcome.py
[2024-03-06T14:20:00.452+0000] {processor.py:840} INFO - DAG(s) 'welcome_dag' retrieved from /opt/airflow/dags/welcome.py
[2024-03-06T14:20:00.485+0000] {logging_mixin.py:188} INFO - [2024-03-06T14:20:00.485+0000] {dag.py:3047} INFO - Sync 1 DAGs
[2024-03-06T14:20:00.516+0000] {logging_mixin.py:188} INFO - [2024-03-06T14:20:00.516+0000] {dag.py:3834} INFO - Setting next_dagrun for welcome_dag to 2024-03-05 23:00:00+00:00, run_after=2024-03-06 23:00:00+00:00
[2024-03-06T14:20:00.605+0000] {processor.py:183} INFO - Processing /opt/airflow/dags/welcome.py took 0.185 seconds
[2024-03-06T14:20:30.958+0000] {processor.py:161} INFO - Started process (PID=118) to work on /opt/airflow/dags/welcome.py
[2024-03-06T14:20:30.959+0000] {processor.py:830} INFO - Processing file /opt/airflow/dags/welcome.py for tasks to queue
[2024-03-06T14:20:30.960+0000] {logging_mixin.py:188} INFO - [2024-03-06T14:20:30.960+0000] {dagbag.py:540} INFO - Filling up the DagBag from /opt/airflow/dags/welcome.py
[2024-03-06T14:20:30.982+0000] {processor.py:840} INFO - DAG(s) 'welcome_dag' retrieved from /opt/airflow/dags/welcome.py
[2024-03-06T14:20:31.007+0000] {logging_mixin.py:188} INFO - [2024-03-06T14:20:31.007+0000] {dag.py:3047} INFO - Sync 1 DAGs
[2024-03-06T14:20:31.026+0000] {logging_mixin.py:188} INFO - [2024-03-06T14:20:31.026+0000] {dag.py:3834} INFO - Setting next_dagrun for welcome_dag to 2024-03-05 23:00:00+00:00, run_after=2024-03-06 23:00:00+00:00
[2024-03-06T14:20:31.076+0000] {processor.py:183} INFO - Processing /opt/airflow/dags/welcome.py took 0.120 seconds
[2024-03-06T14:21:01.427+0000] {processor.py:161} INFO - Started process (PID=119) to work on /opt/airflow/dags/welcome.py
[2024-03-06T14:21:01.428+0000] {processor.py:830} INFO - Processing file /opt/airflow/dags/welcome.py for tasks to queue
[2024-03-06T14:21:01.429+0000] {logging_mixin.py:188} INFO - [2024-03-06T14:21:01.429+0000] {dagbag.py:540} INFO - Filling up the DagBag from /opt/airflow/dags/welcome.py
[2024-03-06T14:21:01.457+0000] {processor.py:840} INFO - DAG(s) 'welcome_dag' retrieved from /opt/airflow/dags/welcome.py
[2024-03-06T14:21:01.499+0000] {logging_mixin.py:188} INFO - [2024-03-06T14:21:01.498+0000] {dag.py:3047} INFO - Sync 1 DAGs
[2024-03-06T14:21:01.523+0000] {logging_mixin.py:188} INFO - [2024-03-06T14:21:01.523+0000] {dag.py:3834} INFO - Setting next_dagrun for welcome_dag to 2024-03-05 23:00:00+00:00, run_after=2024-03-06 23:00:00+00:00
[2024-03-06T14:21:01.604+0000] {processor.py:183} INFO - Processing /opt/airflow/dags/welcome.py took 0.179 seconds
[2024-03-06T14:21:31.961+0000] {processor.py:161} INFO - Started process (PID=120) to work on /opt/airflow/dags/welcome.py
[2024-03-06T14:21:31.963+0000] {processor.py:830} INFO - Processing file /opt/airflow/dags/welcome.py for tasks to queue
[2024-03-06T14:21:31.964+0000] {logging_mixin.py:188} INFO - [2024-03-06T14:21:31.964+0000] {dagbag.py:540} INFO - Filling up the DagBag from /opt/airflow/dags/welcome.py
[2024-03-06T14:21:31.991+0000] {processor.py:840} INFO - DAG(s) 'welcome_dag' retrieved from /opt/airflow/dags/welcome.py
[2024-03-06T14:21:32.026+0000] {logging_mixin.py:188} INFO - [2024-03-06T14:21:32.026+0000] {dag.py:3047} INFO - Sync 1 DAGs
[2024-03-06T14:21:32.052+0000] {logging_mixin.py:188} INFO - [2024-03-06T14:21:32.052+0000] {dag.py:3834} INFO - Setting next_dagrun for welcome_dag to 2024-03-05 23:00:00+00:00, run_after=2024-03-06 23:00:00+00:00
[2024-03-06T14:21:32.122+0000] {processor.py:183} INFO - Processing /opt/airflow/dags/welcome.py took 0.164 seconds
[2024-03-06T14:21:33.840+0000] {processor.py:161} INFO - Started process (PID=121) to work on /opt/airflow/dags/welcome.py
[2024-03-06T14:21:33.841+0000] {processor.py:830} INFO - Processing file /opt/airflow/dags/welcome.py for tasks to queue
[2024-03-06T14:21:33.843+0000] {logging_mixin.py:188} INFO - [2024-03-06T14:21:33.842+0000] {dagbag.py:540} INFO - Filling up the DagBag from /opt/airflow/dags/welcome.py
[2024-03-06T14:21:33.888+0000] {processor.py:840} INFO - DAG(s) 'welcome_dag' retrieved from /opt/airflow/dags/welcome.py
[2024-03-06T14:21:33.921+0000] {logging_mixin.py:188} INFO - [2024-03-06T14:21:33.921+0000] {dag.py:3047} INFO - Sync 1 DAGs
[2024-03-06T14:21:33.947+0000] {logging_mixin.py:188} INFO - [2024-03-06T14:21:33.946+0000] {dag.py:3834} INFO - Setting next_dagrun for welcome_dag to 2024-03-05 23:00:00+00:00, run_after=2024-03-06 23:00:00+00:00
[2024-03-06T14:21:34.034+0000] {processor.py:183} INFO - Processing /opt/airflow/dags/welcome.py took 0.197 seconds
[2024-03-06T14:21:57.018+0000] {processor.py:161} INFO - Started process (PID=122) to work on /opt/airflow/dags/welcome.py
[2024-03-06T14:21:57.020+0000] {processor.py:830} INFO - Processing file /opt/airflow/dags/welcome.py for tasks to queue
[2024-03-06T14:21:57.023+0000] {logging_mixin.py:188} INFO - [2024-03-06T14:21:57.022+0000] {dagbag.py:540} INFO - Filling up the DagBag from /opt/airflow/dags/welcome.py
[2024-03-06T14:21:57.088+0000] {processor.py:840} INFO - DAG(s) 'welcome_dag' retrieved from /opt/airflow/dags/welcome.py
[2024-03-06T14:21:57.126+0000] {logging_mixin.py:188} INFO - [2024-03-06T14:21:57.126+0000] {dag.py:3047} INFO - Sync 1 DAGs
[2024-03-06T14:21:57.160+0000] {logging_mixin.py:188} INFO - [2024-03-06T14:21:57.159+0000] {dag.py:3834} INFO - Setting next_dagrun for welcome_dag to 2024-03-05 23:00:00+00:00, run_after=2024-03-06 23:00:00+00:00
[2024-03-06T14:21:57.248+0000] {processor.py:183} INFO - Processing /opt/airflow/dags/welcome.py took 0.235 seconds
[2024-03-06T14:22:27.941+0000] {processor.py:161} INFO - Started process (PID=123) to work on /opt/airflow/dags/welcome.py
[2024-03-06T14:22:27.943+0000] {processor.py:830} INFO - Processing file /opt/airflow/dags/welcome.py for tasks to queue
[2024-03-06T14:22:27.944+0000] {logging_mixin.py:188} INFO - [2024-03-06T14:22:27.943+0000] {dagbag.py:540} INFO - Filling up the DagBag from /opt/airflow/dags/welcome.py
[2024-03-06T14:22:27.974+0000] {processor.py:840} INFO - DAG(s) 'welcome_dag' retrieved from /opt/airflow/dags/welcome.py
[2024-03-06T14:22:28.005+0000] {logging_mixin.py:188} INFO - [2024-03-06T14:22:28.005+0000] {dag.py:3047} INFO - Sync 1 DAGs
[2024-03-06T14:22:28.037+0000] {logging_mixin.py:188} INFO - [2024-03-06T14:22:28.036+0000] {dag.py:3834} INFO - Setting next_dagrun for welcome_dag to 2024-03-05 23:00:00+00:00, run_after=2024-03-06 23:00:00+00:00
[2024-03-06T14:22:28.113+0000] {processor.py:183} INFO - Processing /opt/airflow/dags/welcome.py took 0.174 seconds
[2024-03-06T14:22:55.230+0000] {processor.py:161} INFO - Started process (PID=124) to work on /opt/airflow/dags/welcome.py
[2024-03-06T14:22:55.232+0000] {processor.py:830} INFO - Processing file /opt/airflow/dags/welcome.py for tasks to queue
[2024-03-06T14:22:55.233+0000] {logging_mixin.py:188} INFO - [2024-03-06T14:22:55.232+0000] {dagbag.py:540} INFO - Filling up the DagBag from /opt/airflow/dags/welcome.py
[2024-03-06T14:22:55.285+0000] {processor.py:840} INFO - DAG(s) 'welcome_dag' retrieved from /opt/airflow/dags/welcome.py
[2024-03-06T14:22:55.314+0000] {logging_mixin.py:188} INFO - [2024-03-06T14:22:55.313+0000] {dag.py:3047} INFO - Sync 1 DAGs
[2024-03-06T14:22:55.342+0000] {logging_mixin.py:188} INFO - [2024-03-06T14:22:55.342+0000] {dag.py:3834} INFO - Setting next_dagrun for welcome_dag to 2024-03-05 23:00:00+00:00, run_after=2024-03-06 23:00:00+00:00
[2024-03-06T14:22:55.426+0000] {processor.py:183} INFO - Processing /opt/airflow/dags/welcome.py took 0.199 seconds
[2024-03-06T14:23:07.046+0000] {processor.py:161} INFO - Started process (PID=125) to work on /opt/airflow/dags/welcome.py
[2024-03-06T14:23:07.050+0000] {processor.py:830} INFO - Processing file /opt/airflow/dags/welcome.py for tasks to queue
[2024-03-06T14:23:07.053+0000] {logging_mixin.py:188} INFO - [2024-03-06T14:23:07.051+0000] {dagbag.py:540} INFO - Filling up the DagBag from /opt/airflow/dags/welcome.py
[2024-03-06T14:23:07.116+0000] {processor.py:840} INFO - DAG(s) 'welcome_dag' retrieved from /opt/airflow/dags/welcome.py
[2024-03-06T14:23:07.153+0000] {logging_mixin.py:188} INFO - [2024-03-06T14:23:07.153+0000] {dag.py:3047} INFO - Sync 1 DAGs
[2024-03-06T14:23:07.178+0000] {logging_mixin.py:188} INFO - [2024-03-06T14:23:07.178+0000] {dag.py:3834} INFO - Setting next_dagrun for welcome_dag to 2024-03-05 23:00:00+00:00, run_after=2024-03-06 23:00:00+00:00
[2024-03-06T14:23:07.257+0000] {processor.py:183} INFO - Processing /opt/airflow/dags/welcome.py took 0.216 seconds
[2024-03-06T14:23:21.017+0000] {processor.py:161} INFO - Started process (PID=126) to work on /opt/airflow/dags/welcome.py
[2024-03-06T14:23:21.018+0000] {processor.py:830} INFO - Processing file /opt/airflow/dags/welcome.py for tasks to queue
[2024-03-06T14:23:21.020+0000] {logging_mixin.py:188} INFO - [2024-03-06T14:23:21.019+0000] {dagbag.py:540} INFO - Filling up the DagBag from /opt/airflow/dags/welcome.py
[2024-03-06T14:23:21.073+0000] {processor.py:840} INFO - DAG(s) 'welcome_dag' retrieved from /opt/airflow/dags/welcome.py
[2024-03-06T14:23:21.106+0000] {logging_mixin.py:188} INFO - [2024-03-06T14:23:21.106+0000] {dag.py:3047} INFO - Sync 1 DAGs
[2024-03-06T14:23:21.134+0000] {logging_mixin.py:188} INFO - [2024-03-06T14:23:21.134+0000] {dag.py:3834} INFO - Setting next_dagrun for welcome_dag to 2024-03-05 23:00:00+00:00, run_after=2024-03-06 23:00:00+00:00
[2024-03-06T14:23:21.221+0000] {processor.py:183} INFO - Processing /opt/airflow/dags/welcome.py took 0.210 seconds
[2024-03-06T14:23:30.259+0000] {processor.py:161} INFO - Started process (PID=127) to work on /opt/airflow/dags/welcome.py
[2024-03-06T14:23:30.260+0000] {processor.py:830} INFO - Processing file /opt/airflow/dags/welcome.py for tasks to queue
[2024-03-06T14:23:30.262+0000] {logging_mixin.py:188} INFO - [2024-03-06T14:23:30.261+0000] {dagbag.py:540} INFO - Filling up the DagBag from /opt/airflow/dags/welcome.py
[2024-03-06T14:23:30.306+0000] {processor.py:840} INFO - DAG(s) 'welcome_dag' retrieved from /opt/airflow/dags/welcome.py
[2024-03-06T14:23:30.340+0000] {logging_mixin.py:188} INFO - [2024-03-06T14:23:30.339+0000] {dag.py:3047} INFO - Sync 1 DAGs
[2024-03-06T14:23:30.370+0000] {logging_mixin.py:188} INFO - [2024-03-06T14:23:30.370+0000] {dag.py:3834} INFO - Setting next_dagrun for welcome_dag to 2024-03-05 23:00:00+00:00, run_after=2024-03-06 23:00:00+00:00
[2024-03-06T14:23:30.452+0000] {processor.py:183} INFO - Processing /opt/airflow/dags/welcome.py took 0.196 seconds
[2024-03-06T14:24:01.001+0000] {processor.py:161} INFO - Started process (PID=128) to work on /opt/airflow/dags/welcome.py
[2024-03-06T14:24:01.002+0000] {processor.py:830} INFO - Processing file /opt/airflow/dags/welcome.py for tasks to queue
[2024-03-06T14:24:01.004+0000] {logging_mixin.py:188} INFO - [2024-03-06T14:24:01.003+0000] {dagbag.py:540} INFO - Filling up the DagBag from /opt/airflow/dags/welcome.py
[2024-03-06T14:24:01.040+0000] {processor.py:840} INFO - DAG(s) 'welcome_dag' retrieved from /opt/airflow/dags/welcome.py
[2024-03-06T14:24:01.073+0000] {logging_mixin.py:188} INFO - [2024-03-06T14:24:01.073+0000] {dag.py:3047} INFO - Sync 1 DAGs
[2024-03-06T14:24:01.102+0000] {logging_mixin.py:188} INFO - [2024-03-06T14:24:01.102+0000] {dag.py:3834} INFO - Setting next_dagrun for welcome_dag to 2024-03-05 23:00:00+00:00, run_after=2024-03-06 23:00:00+00:00
[2024-03-06T14:24:01.174+0000] {processor.py:183} INFO - Processing /opt/airflow/dags/welcome.py took 0.177 seconds
[2024-03-06T14:24:18.716+0000] {processor.py:161} INFO - Started process (PID=129) to work on /opt/airflow/dags/welcome.py
[2024-03-06T14:24:18.717+0000] {processor.py:830} INFO - Processing file /opt/airflow/dags/welcome.py for tasks to queue
[2024-03-06T14:24:18.718+0000] {logging_mixin.py:188} INFO - [2024-03-06T14:24:18.718+0000] {dagbag.py:540} INFO - Filling up the DagBag from /opt/airflow/dags/welcome.py
[2024-03-06T14:24:18.756+0000] {processor.py:840} INFO - DAG(s) 'welcome_dag' retrieved from /opt/airflow/dags/welcome.py
[2024-03-06T14:24:18.793+0000] {logging_mixin.py:188} INFO - [2024-03-06T14:24:18.793+0000] {dag.py:3047} INFO - Sync 1 DAGs
[2024-03-06T14:24:18.820+0000] {logging_mixin.py:188} INFO - [2024-03-06T14:24:18.820+0000] {dag.py:3834} INFO - Setting next_dagrun for welcome_dag to 2024-03-05 23:00:00+00:00, run_after=2024-03-06 23:00:00+00:00
[2024-03-06T14:24:18.897+0000] {processor.py:183} INFO - Processing /opt/airflow/dags/welcome.py took 0.183 seconds
[2024-03-06T14:24:29.651+0000] {processor.py:161} INFO - Started process (PID=130) to work on /opt/airflow/dags/welcome.py
[2024-03-06T14:24:29.653+0000] {processor.py:830} INFO - Processing file /opt/airflow/dags/welcome.py for tasks to queue
[2024-03-06T14:24:29.656+0000] {logging_mixin.py:188} INFO - [2024-03-06T14:24:29.655+0000] {dagbag.py:540} INFO - Filling up the DagBag from /opt/airflow/dags/welcome.py
[2024-03-06T14:24:29.705+0000] {processor.py:840} INFO - DAG(s) 'welcome_dag' retrieved from /opt/airflow/dags/welcome.py
[2024-03-06T14:24:29.739+0000] {logging_mixin.py:188} INFO - [2024-03-06T14:24:29.738+0000] {dag.py:3047} INFO - Sync 1 DAGs
[2024-03-06T14:24:29.772+0000] {logging_mixin.py:188} INFO - [2024-03-06T14:24:29.772+0000] {dag.py:3834} INFO - Setting next_dagrun for welcome_dag to 2024-03-05 23:00:00+00:00, run_after=2024-03-06 23:00:00+00:00
[2024-03-06T14:24:29.865+0000] {processor.py:183} INFO - Processing /opt/airflow/dags/welcome.py took 0.218 seconds
[2024-03-06T14:25:00.169+0000] {processor.py:161} INFO - Started process (PID=131) to work on /opt/airflow/dags/welcome.py
[2024-03-06T14:25:00.170+0000] {processor.py:830} INFO - Processing file /opt/airflow/dags/welcome.py for tasks to queue
[2024-03-06T14:25:00.171+0000] {logging_mixin.py:188} INFO - [2024-03-06T14:25:00.171+0000] {dagbag.py:540} INFO - Filling up the DagBag from /opt/airflow/dags/welcome.py
[2024-03-06T14:25:00.208+0000] {processor.py:840} INFO - DAG(s) 'welcome_dag' retrieved from /opt/airflow/dags/welcome.py
[2024-03-06T14:25:00.247+0000] {logging_mixin.py:188} INFO - [2024-03-06T14:25:00.246+0000] {dag.py:3047} INFO - Sync 1 DAGs
[2024-03-06T14:25:00.278+0000] {logging_mixin.py:188} INFO - [2024-03-06T14:25:00.278+0000] {dag.py:3834} INFO - Setting next_dagrun for welcome_dag to 2024-03-05 23:00:00+00:00, run_after=2024-03-06 23:00:00+00:00
[2024-03-06T14:25:00.360+0000] {processor.py:183} INFO - Processing /opt/airflow/dags/welcome.py took 0.194 seconds
[2024-03-06T14:25:17.531+0000] {processor.py:161} INFO - Started process (PID=132) to work on /opt/airflow/dags/welcome.py
[2024-03-06T14:25:17.532+0000] {processor.py:830} INFO - Processing file /opt/airflow/dags/welcome.py for tasks to queue
[2024-03-06T14:25:17.533+0000] {logging_mixin.py:188} INFO - [2024-03-06T14:25:17.532+0000] {dagbag.py:540} INFO - Filling up the DagBag from /opt/airflow/dags/welcome.py
[2024-03-06T14:25:17.574+0000] {processor.py:840} INFO - DAG(s) 'welcome_dag' retrieved from /opt/airflow/dags/welcome.py
[2024-03-06T14:25:17.706+0000] {logging_mixin.py:188} INFO - [2024-03-06T14:25:17.706+0000] {dag.py:3047} INFO - Sync 1 DAGs
[2024-03-06T14:25:17.737+0000] {logging_mixin.py:188} INFO - [2024-03-06T14:25:17.736+0000] {dag.py:3834} INFO - Setting next_dagrun for welcome_dag to 2024-03-05 10:00:00+00:00, run_after=2024-03-06 10:00:00+00:00
[2024-03-06T14:25:17.834+0000] {processor.py:183} INFO - Processing /opt/airflow/dags/welcome.py took 0.305 seconds
[2024-03-06T14:25:48.223+0000] {processor.py:161} INFO - Started process (PID=153) to work on /opt/airflow/dags/welcome.py
[2024-03-06T14:25:48.225+0000] {processor.py:830} INFO - Processing file /opt/airflow/dags/welcome.py for tasks to queue
[2024-03-06T14:25:48.226+0000] {logging_mixin.py:188} INFO - [2024-03-06T14:25:48.225+0000] {dagbag.py:540} INFO - Filling up the DagBag from /opt/airflow/dags/welcome.py
[2024-03-06T14:25:48.258+0000] {processor.py:840} INFO - DAG(s) 'welcome_dag' retrieved from /opt/airflow/dags/welcome.py
[2024-03-06T14:25:48.293+0000] {logging_mixin.py:188} INFO - [2024-03-06T14:25:48.293+0000] {dag.py:3047} INFO - Sync 1 DAGs
[2024-03-06T14:25:48.320+0000] {logging_mixin.py:188} INFO - [2024-03-06T14:25:48.320+0000] {dag.py:3834} INFO - Setting next_dagrun for welcome_dag to 2024-03-06 10:00:00+00:00, run_after=2024-03-07 10:00:00+00:00
[2024-03-06T14:25:48.395+0000] {processor.py:183} INFO - Processing /opt/airflow/dags/welcome.py took 0.175 seconds
[2024-03-06T14:26:18.607+0000] {processor.py:161} INFO - Started process (PID=154) to work on /opt/airflow/dags/welcome.py
[2024-03-06T14:26:18.608+0000] {processor.py:830} INFO - Processing file /opt/airflow/dags/welcome.py for tasks to queue
[2024-03-06T14:26:18.610+0000] {logging_mixin.py:188} INFO - [2024-03-06T14:26:18.609+0000] {dagbag.py:540} INFO - Filling up the DagBag from /opt/airflow/dags/welcome.py
[2024-03-06T14:26:18.636+0000] {processor.py:840} INFO - DAG(s) 'welcome_dag' retrieved from /opt/airflow/dags/welcome.py
[2024-03-06T14:26:18.666+0000] {logging_mixin.py:188} INFO - [2024-03-06T14:26:18.666+0000] {dag.py:3047} INFO - Sync 1 DAGs
[2024-03-06T14:26:18.701+0000] {logging_mixin.py:188} INFO - [2024-03-06T14:26:18.700+0000] {dag.py:3834} INFO - Setting next_dagrun for welcome_dag to 2024-03-06 10:00:00+00:00, run_after=2024-03-07 10:00:00+00:00
[2024-03-06T14:26:18.772+0000] {processor.py:183} INFO - Processing /opt/airflow/dags/welcome.py took 0.168 seconds
[2024-03-06T14:26:49.452+0000] {processor.py:161} INFO - Started process (PID=155) to work on /opt/airflow/dags/welcome.py
[2024-03-06T14:26:49.455+0000] {processor.py:830} INFO - Processing file /opt/airflow/dags/welcome.py for tasks to queue
[2024-03-06T14:26:49.457+0000] {logging_mixin.py:188} INFO - [2024-03-06T14:26:49.456+0000] {dagbag.py:540} INFO - Filling up the DagBag from /opt/airflow/dags/welcome.py
[2024-03-06T14:26:49.503+0000] {processor.py:840} INFO - DAG(s) 'welcome_dag' retrieved from /opt/airflow/dags/welcome.py
[2024-03-06T14:26:49.552+0000] {logging_mixin.py:188} INFO - [2024-03-06T14:26:49.552+0000] {dag.py:3047} INFO - Sync 1 DAGs
[2024-03-06T14:26:49.588+0000] {logging_mixin.py:188} INFO - [2024-03-06T14:26:49.587+0000] {dag.py:3834} INFO - Setting next_dagrun for welcome_dag to 2024-03-06 10:00:00+00:00, run_after=2024-03-07 10:00:00+00:00
[2024-03-06T14:26:49.663+0000] {processor.py:183} INFO - Processing /opt/airflow/dags/welcome.py took 0.218 seconds
[2024-03-06T14:27:11.127+0000] {processor.py:161} INFO - Started process (PID=156) to work on /opt/airflow/dags/welcome.py
[2024-03-06T14:27:11.128+0000] {processor.py:830} INFO - Processing file /opt/airflow/dags/welcome.py for tasks to queue
[2024-03-06T14:27:11.129+0000] {logging_mixin.py:188} INFO - [2024-03-06T14:27:11.129+0000] {dagbag.py:540} INFO - Filling up the DagBag from /opt/airflow/dags/welcome.py
[2024-03-06T14:27:11.176+0000] {processor.py:840} INFO - DAG(s) 'welcome_dag' retrieved from /opt/airflow/dags/welcome.py
[2024-03-06T14:27:11.225+0000] {logging_mixin.py:188} INFO - [2024-03-06T14:27:11.225+0000] {dag.py:3047} INFO - Sync 1 DAGs
[2024-03-06T14:27:11.268+0000] {logging_mixin.py:188} INFO - [2024-03-06T14:27:11.267+0000] {dag.py:3834} INFO - Setting next_dagrun for welcome_dag to 2024-03-06 10:00:00+00:00, run_after=2024-03-07 10:00:00+00:00
[2024-03-06T14:27:11.350+0000] {processor.py:183} INFO - Processing /opt/airflow/dags/welcome.py took 0.225 seconds
[2024-03-06T14:27:42.437+0000] {processor.py:161} INFO - Started process (PID=157) to work on /opt/airflow/dags/welcome.py
[2024-03-06T14:27:42.439+0000] {processor.py:830} INFO - Processing file /opt/airflow/dags/welcome.py for tasks to queue
[2024-03-06T14:27:42.440+0000] {logging_mixin.py:188} INFO - [2024-03-06T14:27:42.440+0000] {dagbag.py:540} INFO - Filling up the DagBag from /opt/airflow/dags/welcome.py
[2024-03-06T14:27:42.474+0000] {processor.py:840} INFO - DAG(s) 'welcome_dag' retrieved from /opt/airflow/dags/welcome.py
[2024-03-06T14:27:42.511+0000] {logging_mixin.py:188} INFO - [2024-03-06T14:27:42.511+0000] {dag.py:3047} INFO - Sync 1 DAGs
[2024-03-06T14:27:42.548+0000] {logging_mixin.py:188} INFO - [2024-03-06T14:27:42.548+0000] {dag.py:3834} INFO - Setting next_dagrun for welcome_dag to 2024-03-06 10:00:00+00:00, run_after=2024-03-07 10:00:00+00:00
[2024-03-06T14:27:42.628+0000] {processor.py:183} INFO - Processing /opt/airflow/dags/welcome.py took 0.199 seconds
[2024-03-06T14:27:45.472+0000] {processor.py:161} INFO - Started process (PID=158) to work on /opt/airflow/dags/welcome.py
[2024-03-06T14:27:45.474+0000] {processor.py:830} INFO - Processing file /opt/airflow/dags/welcome.py for tasks to queue
[2024-03-06T14:27:45.475+0000] {logging_mixin.py:188} INFO - [2024-03-06T14:27:45.475+0000] {dagbag.py:540} INFO - Filling up the DagBag from /opt/airflow/dags/welcome.py
[2024-03-06T14:27:45.521+0000] {processor.py:840} INFO - DAG(s) 'welcome_dag' retrieved from /opt/airflow/dags/welcome.py
[2024-03-06T14:27:45.690+0000] {logging_mixin.py:188} INFO - [2024-03-06T14:27:45.689+0000] {dag.py:3047} INFO - Sync 1 DAGs
[2024-03-06T14:27:45.721+0000] {logging_mixin.py:188} INFO - [2024-03-06T14:27:45.721+0000] {dag.py:3834} INFO - Setting next_dagrun for welcome_dag to 2024-03-05 11:00:00+00:00, run_after=2024-03-06 11:00:00+00:00
[2024-03-06T14:27:45.821+0000] {processor.py:183} INFO - Processing /opt/airflow/dags/welcome.py took 0.352 seconds
[2024-03-06T14:28:17.082+0000] {processor.py:161} INFO - Started process (PID=169) to work on /opt/airflow/dags/welcome.py
[2024-03-06T14:28:17.083+0000] {processor.py:830} INFO - Processing file /opt/airflow/dags/welcome.py for tasks to queue
[2024-03-06T14:28:17.085+0000] {logging_mixin.py:188} INFO - [2024-03-06T14:28:17.084+0000] {dagbag.py:540} INFO - Filling up the DagBag from /opt/airflow/dags/welcome.py
[2024-03-06T14:28:17.113+0000] {processor.py:840} INFO - DAG(s) 'welcome_dag' retrieved from /opt/airflow/dags/welcome.py
[2024-03-06T14:28:17.145+0000] {logging_mixin.py:188} INFO - [2024-03-06T14:28:17.145+0000] {dag.py:3047} INFO - Sync 1 DAGs
[2024-03-06T14:28:17.175+0000] {logging_mixin.py:188} INFO - [2024-03-06T14:28:17.175+0000] {dag.py:3834} INFO - Setting next_dagrun for welcome_dag to 2024-03-06 11:00:00+00:00, run_after=2024-03-07 11:00:00+00:00
[2024-03-06T14:28:17.251+0000] {processor.py:183} INFO - Processing /opt/airflow/dags/welcome.py took 0.172 seconds
[2024-03-06T14:28:47.937+0000] {processor.py:161} INFO - Started process (PID=180) to work on /opt/airflow/dags/welcome.py
[2024-03-06T14:28:47.938+0000] {processor.py:830} INFO - Processing file /opt/airflow/dags/welcome.py for tasks to queue
[2024-03-06T14:28:47.940+0000] {logging_mixin.py:188} INFO - [2024-03-06T14:28:47.939+0000] {dagbag.py:540} INFO - Filling up the DagBag from /opt/airflow/dags/welcome.py
[2024-03-06T14:28:47.969+0000] {processor.py:840} INFO - DAG(s) 'welcome_dag' retrieved from /opt/airflow/dags/welcome.py
[2024-03-06T14:28:48.000+0000] {logging_mixin.py:188} INFO - [2024-03-06T14:28:48.000+0000] {dag.py:3047} INFO - Sync 1 DAGs
[2024-03-06T14:28:48.029+0000] {logging_mixin.py:188} INFO - [2024-03-06T14:28:48.029+0000] {dag.py:3834} INFO - Setting next_dagrun for welcome_dag to 2024-03-06 11:00:00+00:00, run_after=2024-03-07 11:00:00+00:00
[2024-03-06T14:28:48.109+0000] {processor.py:183} INFO - Processing /opt/airflow/dags/welcome.py took 0.173 seconds
[2024-03-06T14:29:18.816+0000] {processor.py:161} INFO - Started process (PID=181) to work on /opt/airflow/dags/welcome.py
[2024-03-06T14:29:18.817+0000] {processor.py:830} INFO - Processing file /opt/airflow/dags/welcome.py for tasks to queue
[2024-03-06T14:29:18.818+0000] {logging_mixin.py:188} INFO - [2024-03-06T14:29:18.818+0000] {dagbag.py:540} INFO - Filling up the DagBag from /opt/airflow/dags/welcome.py
[2024-03-06T14:29:18.849+0000] {processor.py:840} INFO - DAG(s) 'welcome_dag' retrieved from /opt/airflow/dags/welcome.py
[2024-03-06T14:29:18.882+0000] {logging_mixin.py:188} INFO - [2024-03-06T14:29:18.882+0000] {dag.py:3047} INFO - Sync 1 DAGs
[2024-03-06T14:29:18.912+0000] {logging_mixin.py:188} INFO - [2024-03-06T14:29:18.912+0000] {dag.py:3834} INFO - Setting next_dagrun for welcome_dag to 2024-03-06 11:00:00+00:00, run_after=2024-03-07 11:00:00+00:00
[2024-03-06T14:29:18.988+0000] {processor.py:183} INFO - Processing /opt/airflow/dags/welcome.py took 0.175 seconds
[2024-03-06T14:29:49.716+0000] {processor.py:161} INFO - Started process (PID=182) to work on /opt/airflow/dags/welcome.py
[2024-03-06T14:29:49.718+0000] {processor.py:830} INFO - Processing file /opt/airflow/dags/welcome.py for tasks to queue
[2024-03-06T14:29:49.719+0000] {logging_mixin.py:188} INFO - [2024-03-06T14:29:49.718+0000] {dagbag.py:540} INFO - Filling up the DagBag from /opt/airflow/dags/welcome.py
[2024-03-06T14:29:49.754+0000] {processor.py:840} INFO - DAG(s) 'welcome_dag' retrieved from /opt/airflow/dags/welcome.py
[2024-03-06T14:29:49.810+0000] {logging_mixin.py:188} INFO - [2024-03-06T14:29:49.809+0000] {dag.py:3047} INFO - Sync 1 DAGs
[2024-03-06T14:29:49.852+0000] {logging_mixin.py:188} INFO - [2024-03-06T14:29:49.852+0000] {dag.py:3834} INFO - Setting next_dagrun for welcome_dag to 2024-03-06 11:00:00+00:00, run_after=2024-03-07 11:00:00+00:00
[2024-03-06T14:29:49.969+0000] {processor.py:183} INFO - Processing /opt/airflow/dags/welcome.py took 0.255 seconds
[2024-03-06T14:30:14.408+0000] {processor.py:161} INFO - Started process (PID=183) to work on /opt/airflow/dags/welcome.py
[2024-03-06T14:30:14.409+0000] {processor.py:830} INFO - Processing file /opt/airflow/dags/welcome.py for tasks to queue
[2024-03-06T14:30:14.411+0000] {logging_mixin.py:188} INFO - [2024-03-06T14:30:14.410+0000] {dagbag.py:540} INFO - Filling up the DagBag from /opt/airflow/dags/welcome.py
[2024-03-06T14:30:14.463+0000] {processor.py:840} INFO - DAG(s) 'welcome_dag' retrieved from /opt/airflow/dags/welcome.py
[2024-03-06T14:30:14.494+0000] {logging_mixin.py:188} INFO - [2024-03-06T14:30:14.494+0000] {dag.py:3047} INFO - Sync 1 DAGs
[2024-03-06T14:30:14.519+0000] {logging_mixin.py:188} INFO - [2024-03-06T14:30:14.519+0000] {dag.py:3834} INFO - Setting next_dagrun for welcome_dag to 2024-03-06 11:00:00+00:00, run_after=2024-03-07 11:00:00+00:00
[2024-03-06T14:30:14.594+0000] {processor.py:183} INFO - Processing /opt/airflow/dags/welcome.py took 0.190 seconds
[2024-03-06T14:30:30.894+0000] {processor.py:161} INFO - Started process (PID=184) to work on /opt/airflow/dags/welcome.py
[2024-03-06T14:30:30.895+0000] {processor.py:830} INFO - Processing file /opt/airflow/dags/welcome.py for tasks to queue
[2024-03-06T14:30:30.897+0000] {logging_mixin.py:188} INFO - [2024-03-06T14:30:30.897+0000] {dagbag.py:540} INFO - Filling up the DagBag from /opt/airflow/dags/welcome.py
[2024-03-06T14:30:30.940+0000] {processor.py:840} INFO - DAG(s) 'welcome_dag' retrieved from /opt/airflow/dags/welcome.py
[2024-03-06T14:30:30.971+0000] {logging_mixin.py:188} INFO - [2024-03-06T14:30:30.970+0000] {dag.py:3047} INFO - Sync 1 DAGs
[2024-03-06T14:30:30.995+0000] {logging_mixin.py:188} INFO - [2024-03-06T14:30:30.995+0000] {dag.py:3834} INFO - Setting next_dagrun for welcome_dag to 2024-03-06 11:00:00+00:00, run_after=2024-03-07 11:00:00+00:00
[2024-03-06T14:30:31.089+0000] {processor.py:183} INFO - Processing /opt/airflow/dags/welcome.py took 0.198 seconds
[2024-03-06T14:31:01.908+0000] {processor.py:161} INFO - Started process (PID=195) to work on /opt/airflow/dags/welcome.py
[2024-03-06T14:31:01.909+0000] {processor.py:830} INFO - Processing file /opt/airflow/dags/welcome.py for tasks to queue
[2024-03-06T14:31:01.910+0000] {logging_mixin.py:188} INFO - [2024-03-06T14:31:01.910+0000] {dagbag.py:540} INFO - Filling up the DagBag from /opt/airflow/dags/welcome.py
[2024-03-06T14:31:01.937+0000] {processor.py:840} INFO - DAG(s) 'welcome_dag' retrieved from /opt/airflow/dags/welcome.py
[2024-03-06T14:31:01.964+0000] {logging_mixin.py:188} INFO - [2024-03-06T14:31:01.964+0000] {dag.py:3047} INFO - Sync 1 DAGs
[2024-03-06T14:31:01.990+0000] {logging_mixin.py:188} INFO - [2024-03-06T14:31:01.990+0000] {dag.py:3834} INFO - Setting next_dagrun for welcome_dag to 2024-03-06 11:00:00+00:00, run_after=2024-03-07 11:00:00+00:00
[2024-03-06T14:31:02.064+0000] {processor.py:183} INFO - Processing /opt/airflow/dags/welcome.py took 0.159 seconds
[2024-03-06T14:31:32.499+0000] {processor.py:161} INFO - Started process (PID=196) to work on /opt/airflow/dags/welcome.py
[2024-03-06T14:31:32.501+0000] {processor.py:830} INFO - Processing file /opt/airflow/dags/welcome.py for tasks to queue
[2024-03-06T14:31:32.502+0000] {logging_mixin.py:188} INFO - [2024-03-06T14:31:32.502+0000] {dagbag.py:540} INFO - Filling up the DagBag from /opt/airflow/dags/welcome.py
[2024-03-06T14:31:32.531+0000] {processor.py:840} INFO - DAG(s) 'welcome_dag' retrieved from /opt/airflow/dags/welcome.py
[2024-03-06T14:31:32.560+0000] {logging_mixin.py:188} INFO - [2024-03-06T14:31:32.560+0000] {dag.py:3047} INFO - Sync 1 DAGs
[2024-03-06T14:31:32.586+0000] {logging_mixin.py:188} INFO - [2024-03-06T14:31:32.586+0000] {dag.py:3834} INFO - Setting next_dagrun for welcome_dag to 2024-03-06 11:00:00+00:00, run_after=2024-03-07 11:00:00+00:00
[2024-03-06T14:31:32.662+0000] {processor.py:183} INFO - Processing /opt/airflow/dags/welcome.py took 0.167 seconds
[2024-03-06T14:32:02.793+0000] {processor.py:161} INFO - Started process (PID=197) to work on /opt/airflow/dags/welcome.py
[2024-03-06T14:32:02.794+0000] {processor.py:830} INFO - Processing file /opt/airflow/dags/welcome.py for tasks to queue
[2024-03-06T14:32:02.795+0000] {logging_mixin.py:188} INFO - [2024-03-06T14:32:02.795+0000] {dagbag.py:540} INFO - Filling up the DagBag from /opt/airflow/dags/welcome.py
[2024-03-06T14:32:02.824+0000] {processor.py:840} INFO - DAG(s) 'welcome_dag' retrieved from /opt/airflow/dags/welcome.py
[2024-03-06T14:32:02.853+0000] {logging_mixin.py:188} INFO - [2024-03-06T14:32:02.853+0000] {dag.py:3047} INFO - Sync 1 DAGs
[2024-03-06T14:32:02.881+0000] {logging_mixin.py:188} INFO - [2024-03-06T14:32:02.880+0000] {dag.py:3834} INFO - Setting next_dagrun for welcome_dag to 2024-03-06 11:00:00+00:00, run_after=2024-03-07 11:00:00+00:00
[2024-03-06T14:32:02.952+0000] {processor.py:183} INFO - Processing /opt/airflow/dags/welcome.py took 0.162 seconds
[2024-03-06T14:32:33.317+0000] {processor.py:161} INFO - Started process (PID=198) to work on /opt/airflow/dags/welcome.py
[2024-03-06T14:32:33.318+0000] {processor.py:830} INFO - Processing file /opt/airflow/dags/welcome.py for tasks to queue
[2024-03-06T14:32:33.319+0000] {logging_mixin.py:188} INFO - [2024-03-06T14:32:33.319+0000] {dagbag.py:540} INFO - Filling up the DagBag from /opt/airflow/dags/welcome.py
[2024-03-06T14:32:33.347+0000] {processor.py:840} INFO - DAG(s) 'welcome_dag' retrieved from /opt/airflow/dags/welcome.py
[2024-03-06T14:32:33.380+0000] {logging_mixin.py:188} INFO - [2024-03-06T14:32:33.380+0000] {dag.py:3047} INFO - Sync 1 DAGs
[2024-03-06T14:32:33.412+0000] {logging_mixin.py:188} INFO - [2024-03-06T14:32:33.412+0000] {dag.py:3834} INFO - Setting next_dagrun for welcome_dag to 2024-03-06 11:00:00+00:00, run_after=2024-03-07 11:00:00+00:00
[2024-03-06T14:32:33.489+0000] {processor.py:183} INFO - Processing /opt/airflow/dags/welcome.py took 0.175 seconds
[2024-03-06T14:33:03.865+0000] {processor.py:161} INFO - Started process (PID=199) to work on /opt/airflow/dags/welcome.py
[2024-03-06T14:33:03.866+0000] {processor.py:830} INFO - Processing file /opt/airflow/dags/welcome.py for tasks to queue
[2024-03-06T14:33:03.867+0000] {logging_mixin.py:188} INFO - [2024-03-06T14:33:03.867+0000] {dagbag.py:540} INFO - Filling up the DagBag from /opt/airflow/dags/welcome.py
[2024-03-06T14:33:03.896+0000] {processor.py:840} INFO - DAG(s) 'welcome_dag' retrieved from /opt/airflow/dags/welcome.py
[2024-03-06T14:33:03.927+0000] {logging_mixin.py:188} INFO - [2024-03-06T14:33:03.927+0000] {dag.py:3047} INFO - Sync 1 DAGs
[2024-03-06T14:33:03.955+0000] {logging_mixin.py:188} INFO - [2024-03-06T14:33:03.955+0000] {dag.py:3834} INFO - Setting next_dagrun for welcome_dag to 2024-03-06 11:00:00+00:00, run_after=2024-03-07 11:00:00+00:00
[2024-03-06T14:33:04.029+0000] {processor.py:183} INFO - Processing /opt/airflow/dags/welcome.py took 0.167 seconds
[2024-03-06T14:33:33.337+0000] {processor.py:161} INFO - Started process (PID=200) to work on /opt/airflow/dags/welcome.py
[2024-03-06T14:33:33.338+0000] {processor.py:830} INFO - Processing file /opt/airflow/dags/welcome.py for tasks to queue
[2024-03-06T14:33:33.339+0000] {logging_mixin.py:188} INFO - [2024-03-06T14:33:33.339+0000] {dagbag.py:540} INFO - Filling up the DagBag from /opt/airflow/dags/welcome.py
[2024-03-06T14:33:33.393+0000] {processor.py:840} INFO - DAG(s) 'welcome_dag' retrieved from /opt/airflow/dags/welcome.py
[2024-03-06T14:33:33.434+0000] {logging_mixin.py:188} INFO - [2024-03-06T14:33:33.434+0000] {dag.py:3047} INFO - Sync 1 DAGs
[2024-03-06T14:33:33.475+0000] {logging_mixin.py:188} INFO - [2024-03-06T14:33:33.474+0000] {dag.py:3834} INFO - Setting next_dagrun for welcome_dag to 2024-03-06 11:00:00+00:00, run_after=2024-03-07 11:00:00+00:00
[2024-03-06T14:33:33.563+0000] {processor.py:183} INFO - Processing /opt/airflow/dags/welcome.py took 0.229 seconds
[2024-03-06T14:33:39.555+0000] {processor.py:161} INFO - Started process (PID=201) to work on /opt/airflow/dags/welcome.py
[2024-03-06T14:33:39.556+0000] {processor.py:830} INFO - Processing file /opt/airflow/dags/welcome.py for tasks to queue
[2024-03-06T14:33:39.557+0000] {logging_mixin.py:188} INFO - [2024-03-06T14:33:39.557+0000] {dagbag.py:540} INFO - Filling up the DagBag from /opt/airflow/dags/welcome.py
[2024-03-06T14:33:39.604+0000] {processor.py:840} INFO - DAG(s) 'welcome_dag' retrieved from /opt/airflow/dags/welcome.py
[2024-03-06T14:33:39.636+0000] {logging_mixin.py:188} INFO - [2024-03-06T14:33:39.635+0000] {dag.py:3047} INFO - Sync 1 DAGs
[2024-03-06T14:33:39.664+0000] {logging_mixin.py:188} INFO - [2024-03-06T14:33:39.664+0000] {dag.py:3834} INFO - Setting next_dagrun for welcome_dag to 2024-03-06 11:00:00+00:00, run_after=2024-03-07 11:00:00+00:00
[2024-03-06T14:33:39.749+0000] {processor.py:183} INFO - Processing /opt/airflow/dags/welcome.py took 0.197 seconds
[2024-03-06T14:33:40.850+0000] {processor.py:161} INFO - Started process (PID=202) to work on /opt/airflow/dags/welcome.py
[2024-03-06T14:33:40.851+0000] {processor.py:830} INFO - Processing file /opt/airflow/dags/welcome.py for tasks to queue
[2024-03-06T14:33:40.853+0000] {logging_mixin.py:188} INFO - [2024-03-06T14:33:40.852+0000] {dagbag.py:540} INFO - Filling up the DagBag from /opt/airflow/dags/welcome.py
[2024-03-06T14:33:40.911+0000] {processor.py:840} INFO - DAG(s) 'welcome_dag' retrieved from /opt/airflow/dags/welcome.py
[2024-03-06T14:33:40.943+0000] {logging_mixin.py:188} INFO - [2024-03-06T14:33:40.943+0000] {dag.py:3047} INFO - Sync 1 DAGs
[2024-03-06T14:33:40.972+0000] {logging_mixin.py:188} INFO - [2024-03-06T14:33:40.972+0000] {dag.py:3834} INFO - Setting next_dagrun for welcome_dag to 2024-03-06 11:00:00+00:00, run_after=2024-03-07 11:00:00+00:00
[2024-03-06T14:33:41.092+0000] {processor.py:183} INFO - Processing /opt/airflow/dags/welcome.py took 0.245 seconds
[2024-03-06T14:34:10.419+0000] {processor.py:161} INFO - Started process (PID=203) to work on /opt/airflow/dags/welcome.py
[2024-03-06T14:34:10.421+0000] {processor.py:830} INFO - Processing file /opt/airflow/dags/welcome.py for tasks to queue
[2024-03-06T14:34:10.422+0000] {logging_mixin.py:188} INFO - [2024-03-06T14:34:10.421+0000] {dagbag.py:540} INFO - Filling up the DagBag from /opt/airflow/dags/welcome.py
[2024-03-06T14:34:10.470+0000] {processor.py:840} INFO - DAG(s) 'welcome_dag' retrieved from /opt/airflow/dags/welcome.py
[2024-03-06T14:34:10.501+0000] {logging_mixin.py:188} INFO - [2024-03-06T14:34:10.501+0000] {dag.py:3047} INFO - Sync 1 DAGs
[2024-03-06T14:34:10.528+0000] {logging_mixin.py:188} INFO - [2024-03-06T14:34:10.528+0000] {dag.py:3834} INFO - Setting next_dagrun for welcome_dag to 2024-03-06 11:00:00+00:00, run_after=2024-03-07 11:00:00+00:00
[2024-03-06T14:34:10.607+0000] {processor.py:183} INFO - Processing /opt/airflow/dags/welcome.py took 0.190 seconds
[2024-03-06T14:34:41.273+0000] {processor.py:161} INFO - Started process (PID=204) to work on /opt/airflow/dags/welcome.py
[2024-03-06T14:34:41.274+0000] {processor.py:830} INFO - Processing file /opt/airflow/dags/welcome.py for tasks to queue
[2024-03-06T14:34:41.276+0000] {logging_mixin.py:188} INFO - [2024-03-06T14:34:41.275+0000] {dagbag.py:540} INFO - Filling up the DagBag from /opt/airflow/dags/welcome.py
[2024-03-06T14:34:41.312+0000] {processor.py:840} INFO - DAG(s) 'welcome_dag' retrieved from /opt/airflow/dags/welcome.py
[2024-03-06T14:34:41.348+0000] {logging_mixin.py:188} INFO - [2024-03-06T14:34:41.347+0000] {dag.py:3047} INFO - Sync 1 DAGs
[2024-03-06T14:34:41.395+0000] {logging_mixin.py:188} INFO - [2024-03-06T14:34:41.395+0000] {dag.py:3834} INFO - Setting next_dagrun for welcome_dag to 2024-03-06 11:00:00+00:00, run_after=2024-03-07 11:00:00+00:00
[2024-03-06T14:34:41.491+0000] {processor.py:183} INFO - Processing /opt/airflow/dags/welcome.py took 0.221 seconds
[2024-03-06T14:35:11.829+0000] {processor.py:161} INFO - Started process (PID=205) to work on /opt/airflow/dags/welcome.py
[2024-03-06T14:35:11.830+0000] {processor.py:830} INFO - Processing file /opt/airflow/dags/welcome.py for tasks to queue
[2024-03-06T14:35:11.831+0000] {logging_mixin.py:188} INFO - [2024-03-06T14:35:11.831+0000] {dagbag.py:540} INFO - Filling up the DagBag from /opt/airflow/dags/welcome.py
[2024-03-06T14:35:11.862+0000] {processor.py:840} INFO - DAG(s) 'welcome_dag' retrieved from /opt/airflow/dags/welcome.py
[2024-03-06T14:35:11.902+0000] {logging_mixin.py:188} INFO - [2024-03-06T14:35:11.902+0000] {dag.py:3047} INFO - Sync 1 DAGs
[2024-03-06T14:35:11.941+0000] {logging_mixin.py:188} INFO - [2024-03-06T14:35:11.941+0000] {dag.py:3834} INFO - Setting next_dagrun for welcome_dag to 2024-03-06 11:00:00+00:00, run_after=2024-03-07 11:00:00+00:00
[2024-03-06T14:35:12.026+0000] {processor.py:183} INFO - Processing /opt/airflow/dags/welcome.py took 0.200 seconds
[2024-03-06T14:35:42.342+0000] {processor.py:161} INFO - Started process (PID=206) to work on /opt/airflow/dags/welcome.py
[2024-03-06T14:35:42.344+0000] {processor.py:830} INFO - Processing file /opt/airflow/dags/welcome.py for tasks to queue
[2024-03-06T14:35:42.345+0000] {logging_mixin.py:188} INFO - [2024-03-06T14:35:42.345+0000] {dagbag.py:540} INFO - Filling up the DagBag from /opt/airflow/dags/welcome.py
[2024-03-06T14:35:42.378+0000] {processor.py:840} INFO - DAG(s) 'welcome_dag' retrieved from /opt/airflow/dags/welcome.py
[2024-03-06T14:35:42.410+0000] {logging_mixin.py:188} INFO - [2024-03-06T14:35:42.409+0000] {dag.py:3047} INFO - Sync 1 DAGs
[2024-03-06T14:35:42.438+0000] {logging_mixin.py:188} INFO - [2024-03-06T14:35:42.437+0000] {dag.py:3834} INFO - Setting next_dagrun for welcome_dag to 2024-03-06 11:00:00+00:00, run_after=2024-03-07 11:00:00+00:00
[2024-03-06T14:35:42.512+0000] {processor.py:183} INFO - Processing /opt/airflow/dags/welcome.py took 0.174 seconds
[2024-03-06T14:36:12.872+0000] {processor.py:161} INFO - Started process (PID=207) to work on /opt/airflow/dags/welcome.py
[2024-03-06T14:36:12.873+0000] {processor.py:830} INFO - Processing file /opt/airflow/dags/welcome.py for tasks to queue
[2024-03-06T14:36:12.874+0000] {logging_mixin.py:188} INFO - [2024-03-06T14:36:12.874+0000] {dagbag.py:540} INFO - Filling up the DagBag from /opt/airflow/dags/welcome.py
[2024-03-06T14:36:12.899+0000] {processor.py:840} INFO - DAG(s) 'welcome_dag' retrieved from /opt/airflow/dags/welcome.py
[2024-03-06T14:36:12.930+0000] {logging_mixin.py:188} INFO - [2024-03-06T14:36:12.929+0000] {dag.py:3047} INFO - Sync 1 DAGs
[2024-03-06T14:36:12.967+0000] {logging_mixin.py:188} INFO - [2024-03-06T14:36:12.966+0000] {dag.py:3834} INFO - Setting next_dagrun for welcome_dag to 2024-03-06 11:00:00+00:00, run_after=2024-03-07 11:00:00+00:00
[2024-03-06T14:36:13.065+0000] {processor.py:183} INFO - Processing /opt/airflow/dags/welcome.py took 0.196 seconds
[2024-03-06T14:36:43.434+0000] {processor.py:161} INFO - Started process (PID=208) to work on /opt/airflow/dags/welcome.py
[2024-03-06T14:36:43.436+0000] {processor.py:830} INFO - Processing file /opt/airflow/dags/welcome.py for tasks to queue
[2024-03-06T14:36:43.439+0000] {logging_mixin.py:188} INFO - [2024-03-06T14:36:43.438+0000] {dagbag.py:540} INFO - Filling up the DagBag from /opt/airflow/dags/welcome.py
[2024-03-06T14:36:43.488+0000] {processor.py:840} INFO - DAG(s) 'welcome_dag' retrieved from /opt/airflow/dags/welcome.py
[2024-03-06T14:36:43.545+0000] {logging_mixin.py:188} INFO - [2024-03-06T14:36:43.545+0000] {dag.py:3047} INFO - Sync 1 DAGs
[2024-03-06T14:36:43.589+0000] {logging_mixin.py:188} INFO - [2024-03-06T14:36:43.589+0000] {dag.py:3834} INFO - Setting next_dagrun for welcome_dag to 2024-03-06 11:00:00+00:00, run_after=2024-03-07 11:00:00+00:00
[2024-03-06T14:36:43.688+0000] {processor.py:183} INFO - Processing /opt/airflow/dags/welcome.py took 0.259 seconds
